[1.790s] Invoking command in '/home/mobi/Projects/drone-vajraakhasa/src/gng_node': PYTHONPATH=/home/mobi/Projects/drone-vajraakhasa/build/gng_node/prefix_override:/usr/lib/python3/dist-packages/colcon_core/task/python/colcon_distutils_commands:/home/mobi/Projects/drone-vajraakhasa/install/gng_node/lib/python3.10/site-packages:${PYTHONPATH} /usr/bin/python3 -W ignore:setup.py install is deprecated -W ignore:easy_install command is deprecated setup.py egg_info --egg-base ../../build/gng_node build --build-base /home/mobi/Projects/drone-vajraakhasa/build/gng_node/build install --record /home/mobi/Projects/drone-vajraakhasa/build/gng_node/install.log --single-version-externally-managed install_data
[2.436s] running egg_info
[2.443s] writing ../../build/gng_node/gng_node.egg-info/PKG-INFO
[2.444s] writing dependency_links to ../../build/gng_node/gng_node.egg-info/dependency_links.txt
[2.444s] writing entry points to ../../build/gng_node/gng_node.egg-info/entry_points.txt
[2.444s] writing requirements to ../../build/gng_node/gng_node.egg-info/requires.txt
[2.444s] writing top-level names to ../../build/gng_node/gng_node.egg-info/top_level.txt
[2.532s] reading manifest file '../../build/gng_node/gng_node.egg-info/SOURCES.txt'
[2.535s] writing manifest file '../../build/gng_node/gng_node.egg-info/SOURCES.txt'
[2.536s] running build
[2.536s] running build_py
[2.537s] running install
[2.559s] running install_lib
[2.617s] running install_data
[2.617s] running install_egg_info
[2.677s] removing '/home/mobi/Projects/drone-vajraakhasa/install/gng_node/lib/python3.10/site-packages/gng_node-0.0.0-py3.10.egg-info' (and everything under it)
[2.677s] Copying ../../build/gng_node/gng_node.egg-info to /home/mobi/Projects/drone-vajraakhasa/install/gng_node/lib/python3.10/site-packages/gng_node-0.0.0-py3.10.egg-info
[2.680s] running install_scripts
[3.080s] Installing dbl_gng_node script to /home/mobi/Projects/drone-vajraakhasa/install/gng_node/lib/gng_node
[3.081s] writing list of installed files to '/home/mobi/Projects/drone-vajraakhasa/build/gng_node/install.log'
[3.143s] Invoked command in '/home/mobi/Projects/drone-vajraakhasa/src/gng_node' returned '0': PYTHONPATH=/home/mobi/Projects/drone-vajraakhasa/build/gng_node/prefix_override:/usr/lib/python3/dist-packages/colcon_core/task/python/colcon_distutils_commands:/home/mobi/Projects/drone-vajraakhasa/install/gng_node/lib/python3.10/site-packages:${PYTHONPATH} /usr/bin/python3 -W ignore:setup.py install is deprecated -W ignore:easy_install command is deprecated setup.py egg_info --egg-base ../../build/gng_node build --build-base /home/mobi/Projects/drone-vajraakhasa/build/gng_node/build install --record /home/mobi/Projects/drone-vajraakhasa/build/gng_node/install.log --single-version-externally-managed install_data
