[0.124s] DEBUG:colcon:Command line arguments: ['/usr/bin/colcon', 'build', '--packages-select', 'gng_node']
[0.124s] DEBUG:colcon:Parsed command line arguments: Namespace(log_base=None, log_level=None, verb_name='build', build_base='build', install_base='install', merge_install=False, symlink_install=False, test_result_base=None, continue_on_error=False, executor='parallel', parallel_workers=16, event_handlers=None, ignore_user_meta=False, metas=['./colcon.meta'], base_paths=['.'], packages_ignore=None, packages_ignore_regex=None, paths=None, packages_up_to=None, packages_up_to_regex=None, packages_above=None, packages_above_and_dependencies=None, packages_above_depth=None, packages_select_by_dep=None, packages_skip_by_dep=None, packages_skip_up_to=None, packages_select_build_failed=False, packages_skip_build_finished=False, packages_select_test_failures=False, packages_skip_test_passed=False, packages_select=['gng_node'], packages_skip=None, packages_select_regex=None, packages_skip_regex=None, packages_start=None, packages_end=None, allow_overriding=[], cmake_args=None, cmake_target=None, cmake_target_skip_unavailable=False, cmake_clean_cache=False, cmake_clean_first=False, cmake_force_configure=False, ament_cmake_args=None, catkin_cmake_args=None, catkin_skip_building_tests=False, mixin_files=None, mixin=None, verb_parser=<colcon_mixin.mixin.mixin_argument.MixinArgumentDecorator object at 0x776a7a5a1840>, verb_extension=<colcon_core.verb.build.BuildVerb object at 0x776a7a51b310>, main=<bound method BuildVerb.main of <colcon_core.verb.build.BuildVerb object at 0x776a7a51b310>>, mixin_verb=('build',))
[0.157s] Level 1:colcon.colcon_core.package_discovery:discover_packages(colcon_meta) check parameters
[0.157s] Level 1:colcon.colcon_core.package_discovery:discover_packages(recursive) check parameters
[0.157s] Level 1:colcon.colcon_core.package_discovery:discover_packages(ignore) check parameters
[0.157s] Level 1:colcon.colcon_core.package_discovery:discover_packages(path) check parameters
[0.157s] Level 1:colcon.colcon_core.package_discovery:discover_packages(colcon_meta) discover
[0.157s] Level 1:colcon.colcon_core.package_discovery:discover_packages(recursive) discover
[0.158s] INFO:colcon.colcon_core.package_discovery:Crawling recursively for packages in '/home/mobi/Projects/drone-vajraakhasa'
[0.158s] Level 1:colcon.colcon_core.package_identification:_identify(.) by extensions ['ignore', 'ignore_ament_install']
[0.158s] Level 1:colcon.colcon_core.package_identification:_identify(.) by extension 'ignore'
[0.158s] Level 1:colcon.colcon_core.package_identification:_identify(.) by extension 'ignore_ament_install'
[0.158s] Level 1:colcon.colcon_core.package_identification:_identify(.) by extensions ['colcon_pkg']
[0.158s] Level 1:colcon.colcon_core.package_identification:_identify(.) by extension 'colcon_pkg'
[0.158s] Level 1:colcon.colcon_core.package_identification:_identify(.) by extensions ['colcon_meta']
[0.158s] Level 1:colcon.colcon_core.package_identification:_identify(.) by extension 'colcon_meta'
[0.158s] Level 1:colcon.colcon_core.package_identification:_identify(.) by extensions ['ros']
[0.158s] Level 1:colcon.colcon_core.package_identification:_identify(.) by extension 'ros'
[0.172s] Level 1:colcon.colcon_core.package_identification:_identify(.) by extensions ['cmake', 'python']
[0.172s] Level 1:colcon.colcon_core.package_identification:_identify(.) by extension 'cmake'
[0.172s] Level 1:colcon.colcon_core.package_identification:_identify(.) by extension 'python'
[0.172s] Level 1:colcon.colcon_core.package_identification:_identify(.) by extensions ['python_setup_py']
[0.172s] Level 1:colcon.colcon_core.package_identification:_identify(.) by extension 'python_setup_py'
[0.172s] Level 1:colcon.colcon_core.package_identification:_identify(build) by extensions ['ignore', 'ignore_ament_install']
[0.172s] Level 1:colcon.colcon_core.package_identification:_identify(build) by extension 'ignore'
[0.172s] Level 1:colcon.colcon_core.package_identification:_identify(build) ignored
[0.172s] Level 1:colcon.colcon_core.package_identification:_identify(install) by extensions ['ignore', 'ignore_ament_install']
[0.172s] Level 1:colcon.colcon_core.package_identification:_identify(install) by extension 'ignore'
[0.172s] Level 1:colcon.colcon_core.package_identification:_identify(install) ignored
[0.172s] Level 1:colcon.colcon_core.package_identification:_identify(log) by extensions ['ignore', 'ignore_ament_install']
[0.172s] Level 1:colcon.colcon_core.package_identification:_identify(log) by extension 'ignore'
[0.172s] Level 1:colcon.colcon_core.package_identification:_identify(log) ignored
[0.172s] Level 1:colcon.colcon_core.package_identification:_identify(src) by extensions ['ignore', 'ignore_ament_install']
[0.173s] Level 1:colcon.colcon_core.package_identification:_identify(src) by extension 'ignore'
[0.173s] Level 1:colcon.colcon_core.package_identification:_identify(src) by extension 'ignore_ament_install'
[0.173s] Level 1:colcon.colcon_core.package_identification:_identify(src) by extensions ['colcon_pkg']
[0.173s] Level 1:colcon.colcon_core.package_identification:_identify(src) by extension 'colcon_pkg'
[0.173s] Level 1:colcon.colcon_core.package_identification:_identify(src) by extensions ['colcon_meta']
[0.173s] Level 1:colcon.colcon_core.package_identification:_identify(src) by extension 'colcon_meta'
[0.173s] Level 1:colcon.colcon_core.package_identification:_identify(src) by extensions ['ros']
[0.173s] Level 1:colcon.colcon_core.package_identification:_identify(src) by extension 'ros'
[0.173s] Level 1:colcon.colcon_core.package_identification:_identify(src) by extensions ['cmake', 'python']
[0.173s] Level 1:colcon.colcon_core.package_identification:_identify(src) by extension 'cmake'
[0.173s] Level 1:colcon.colcon_core.package_identification:_identify(src) by extension 'python'
[0.173s] Level 1:colcon.colcon_core.package_identification:_identify(src) by extensions ['python_setup_py']
[0.173s] Level 1:colcon.colcon_core.package_identification:_identify(src) by extension 'python_setup_py'
[0.173s] Level 1:colcon.colcon_core.package_identification:_identify(src/gng_node) by extensions ['ignore', 'ignore_ament_install']
[0.173s] Level 1:colcon.colcon_core.package_identification:_identify(src/gng_node) by extension 'ignore'
[0.173s] Level 1:colcon.colcon_core.package_identification:_identify(src/gng_node) by extension 'ignore_ament_install'
[0.173s] Level 1:colcon.colcon_core.package_identification:_identify(src/gng_node) by extensions ['colcon_pkg']
[0.173s] Level 1:colcon.colcon_core.package_identification:_identify(src/gng_node) by extension 'colcon_pkg'
[0.173s] Level 1:colcon.colcon_core.package_identification:_identify(src/gng_node) by extensions ['colcon_meta']
[0.173s] Level 1:colcon.colcon_core.package_identification:_identify(src/gng_node) by extension 'colcon_meta'
[0.173s] Level 1:colcon.colcon_core.package_identification:_identify(src/gng_node) by extensions ['ros']
[0.173s] Level 1:colcon.colcon_core.package_identification:_identify(src/gng_node) by extension 'ros'
[0.176s] DEBUG:colcon.colcon_core.package_identification:Package 'src/gng_node' with type 'ros.ament_python' and name 'gng_node'
[0.176s] Level 1:colcon.colcon_core.package_identification:_identify(src/offboard_control) by extensions ['ignore', 'ignore_ament_install']
[0.176s] Level 1:colcon.colcon_core.package_identification:_identify(src/offboard_control) by extension 'ignore'
[0.176s] Level 1:colcon.colcon_core.package_identification:_identify(src/offboard_control) by extension 'ignore_ament_install'
[0.176s] Level 1:colcon.colcon_core.package_identification:_identify(src/offboard_control) by extensions ['colcon_pkg']
[0.176s] Level 1:colcon.colcon_core.package_identification:_identify(src/offboard_control) by extension 'colcon_pkg'
[0.176s] Level 1:colcon.colcon_core.package_identification:_identify(src/offboard_control) by extensions ['colcon_meta']
[0.176s] Level 1:colcon.colcon_core.package_identification:_identify(src/offboard_control) by extension 'colcon_meta'
[0.176s] Level 1:colcon.colcon_core.package_identification:_identify(src/offboard_control) by extensions ['ros']
[0.176s] Level 1:colcon.colcon_core.package_identification:_identify(src/offboard_control) by extension 'ros'
[0.177s] DEBUG:colcon.colcon_core.package_identification:Package 'src/offboard_control' with type 'ros.ament_cmake' and name 'offboard_control'
[0.177s] Level 1:colcon.colcon_core.package_identification:_identify(src/px4_msgs) by extensions ['ignore', 'ignore_ament_install']
[0.177s] Level 1:colcon.colcon_core.package_identification:_identify(src/px4_msgs) by extension 'ignore'
[0.177s] Level 1:colcon.colcon_core.package_identification:_identify(src/px4_msgs) by extension 'ignore_ament_install'
[0.177s] Level 1:colcon.colcon_core.package_identification:_identify(src/px4_msgs) by extensions ['colcon_pkg']
[0.178s] Level 1:colcon.colcon_core.package_identification:_identify(src/px4_msgs) by extension 'colcon_pkg'
[0.178s] Level 1:colcon.colcon_core.package_identification:_identify(src/px4_msgs) by extensions ['colcon_meta']
[0.178s] Level 1:colcon.colcon_core.package_identification:_identify(src/px4_msgs) by extension 'colcon_meta'
[0.178s] Level 1:colcon.colcon_core.package_identification:_identify(src/px4_msgs) by extensions ['ros']
[0.178s] Level 1:colcon.colcon_core.package_identification:_identify(src/px4_msgs) by extension 'ros'
[0.178s] DEBUG:colcon.colcon_core.package_identification:Package 'src/px4_msgs' with type 'ros.ament_cmake' and name 'px4_msgs'
[0.178s] Level 1:colcon.colcon_core.package_discovery:discover_packages(recursive) using defaults
[0.178s] Level 1:colcon.colcon_core.package_discovery:discover_packages(ignore) discover
[0.178s] Level 1:colcon.colcon_core.package_discovery:discover_packages(ignore) using defaults
[0.178s] Level 1:colcon.colcon_core.package_discovery:discover_packages(path) discover
[0.178s] Level 1:colcon.colcon_core.package_discovery:discover_packages(path) using defaults
[0.197s] INFO:colcon.colcon_core.package_selection:Skipping not selected package 'px4_msgs' in 'src/px4_msgs'
[0.197s] INFO:colcon.colcon_core.package_selection:Skipping not selected package 'offboard_control' in 'src/offboard_control'
[0.197s] Level 1:colcon.colcon_core.package_discovery:discover_packages(prefix_path) check parameters
[0.197s] Level 1:colcon.colcon_core.package_discovery:discover_packages(prefix_path) discover
[0.199s] DEBUG:colcon.colcon_installed_package_information.package_discovery:Found 3 installed packages in /home/mobi/Projects/drone-vajraakhasa/install
[0.199s] DEBUG:colcon.colcon_installed_package_information.package_discovery:Found 4 installed packages in /home/mobi/Zedcam_ws/install
[0.200s] DEBUG:colcon.colcon_installed_package_information.package_discovery:Found 8 installed packages in /home/mobi/drone-vajraakhasa/install
[0.201s] DEBUG:colcon.colcon_installed_package_information.package_discovery:Found 389 installed packages in /opt/ros/humble
[0.202s] Level 1:colcon.colcon_core.package_discovery:discover_packages(prefix_path) using defaults
[0.237s] Level 5:colcon.colcon_core.verb:set package 'gng_node' build argument 'cmake_args' from command line to 'None'
[0.238s] Level 5:colcon.colcon_core.verb:set package 'gng_node' build argument 'cmake_target' from command line to 'None'
[0.238s] Level 5:colcon.colcon_core.verb:set package 'gng_node' build argument 'cmake_target_skip_unavailable' from command line to 'False'
[0.238s] Level 5:colcon.colcon_core.verb:set package 'gng_node' build argument 'cmake_clean_cache' from command line to 'False'
[0.238s] Level 5:colcon.colcon_core.verb:set package 'gng_node' build argument 'cmake_clean_first' from command line to 'False'
[0.238s] Level 5:colcon.colcon_core.verb:set package 'gng_node' build argument 'cmake_force_configure' from command line to 'False'
[0.238s] Level 5:colcon.colcon_core.verb:set package 'gng_node' build argument 'ament_cmake_args' from command line to 'None'
[0.238s] Level 5:colcon.colcon_core.verb:set package 'gng_node' build argument 'catkin_cmake_args' from command line to 'None'
[0.238s] Level 5:colcon.colcon_core.verb:set package 'gng_node' build argument 'catkin_skip_building_tests' from command line to 'False'
[0.238s] DEBUG:colcon.colcon_core.verb:Building package 'gng_node' with the following arguments: {'ament_cmake_args': None, 'build_base': '/home/mobi/Projects/drone-vajraakhasa/build/gng_node', 'catkin_cmake_args': None, 'catkin_skip_building_tests': False, 'cmake_args': None, 'cmake_clean_cache': False, 'cmake_clean_first': False, 'cmake_force_configure': False, 'cmake_target': None, 'cmake_target_skip_unavailable': False, 'install_base': '/home/mobi/Projects/drone-vajraakhasa/install/gng_node', 'merge_install': False, 'path': '/home/mobi/Projects/drone-vajraakhasa/src/gng_node', 'symlink_install': False, 'test_result_base': None}
[0.238s] INFO:colcon.colcon_core.executor:Executing jobs using 'parallel' executor
[0.240s] DEBUG:colcon.colcon_parallel_executor.executor.parallel:run_until_complete
[0.240s] INFO:colcon.colcon_ros.task.ament_python.build:Building ROS package in '/home/mobi/Projects/drone-vajraakhasa/src/gng_node' with build type 'ament_python'
[0.240s] Level 1:colcon.colcon_core.shell:create_environment_hook('gng_node', 'ament_prefix_path')
[0.242s] INFO:colcon.colcon_core.plugin_system:Skipping extension 'colcon_core.shell.bat': Not used on non-Windows systems
[0.242s] INFO:colcon.colcon_core.shell:Creating environment hook '/home/mobi/Projects/drone-vajraakhasa/install/gng_node/share/gng_node/hook/ament_prefix_path.ps1'
[0.243s] INFO:colcon.colcon_core.shell:Creating environment descriptor '/home/mobi/Projects/drone-vajraakhasa/install/gng_node/share/gng_node/hook/ament_prefix_path.dsv'
[0.243s] INFO:colcon.colcon_core.shell:Creating environment hook '/home/mobi/Projects/drone-vajraakhasa/install/gng_node/share/gng_node/hook/ament_prefix_path.sh'
[0.243s] INFO:colcon.colcon_core.shell:Skip shell extension 'powershell' for command environment: Not usable outside of PowerShell
[0.243s] DEBUG:colcon.colcon_core.shell:Skip shell extension 'dsv' for command environment
[0.436s] INFO:colcon.colcon_core.task.python.build:Building Python package in '/home/mobi/Projects/drone-vajraakhasa/src/gng_node'
[0.436s] INFO:colcon.colcon_core.shell:Skip shell extension 'powershell' for command environment: Not usable outside of PowerShell
[0.436s] DEBUG:colcon.colcon_core.shell:Skip shell extension 'dsv' for command environment
[1.090s] DEBUG:colcon.colcon_core.event_handler.log_command:Invoking command in '/home/mobi/Projects/drone-vajraakhasa/src/gng_node': PYTHONPATH=/home/mobi/Projects/drone-vajraakhasa/build/gng_node/prefix_override:/usr/lib/python3/dist-packages/colcon_core/task/python/colcon_distutils_commands:/home/mobi/Projects/drone-vajraakhasa/install/gng_node/lib/python3.10/site-packages:${PYTHONPATH} /usr/bin/python3 -W ignore:setup.py install is deprecated -W ignore:easy_install command is deprecated setup.py egg_info --egg-base ../../build/gng_node build --build-base /home/mobi/Projects/drone-vajraakhasa/build/gng_node/build install --record /home/mobi/Projects/drone-vajraakhasa/build/gng_node/install.log --single-version-externally-managed install_data
[1.575s] DEBUG:colcon.colcon_core.event_handler.log_command:Invoked command in '/home/mobi/Projects/drone-vajraakhasa/src/gng_node' returned '0': PYTHONPATH=/home/mobi/Projects/drone-vajraakhasa/build/gng_node/prefix_override:/usr/lib/python3/dist-packages/colcon_core/task/python/colcon_distutils_commands:/home/mobi/Projects/drone-vajraakhasa/install/gng_node/lib/python3.10/site-packages:${PYTHONPATH} /usr/bin/python3 -W ignore:setup.py install is deprecated -W ignore:easy_install command is deprecated setup.py egg_info --egg-base ../../build/gng_node build --build-base /home/mobi/Projects/drone-vajraakhasa/build/gng_node/build install --record /home/mobi/Projects/drone-vajraakhasa/build/gng_node/install.log --single-version-externally-managed install_data
[1.577s] Level 1:colcon.colcon_core.environment:checking '/home/mobi/Projects/drone-vajraakhasa/install/gng_node' for CMake module files
[1.577s] Level 1:colcon.colcon_core.environment:checking '/home/mobi/Projects/drone-vajraakhasa/install/gng_node' for CMake config files
[1.577s] Level 1:colcon.colcon_core.environment:checking '/home/mobi/Projects/drone-vajraakhasa/install/gng_node/lib'
[1.578s] Level 1:colcon.colcon_core.environment:checking '/home/mobi/Projects/drone-vajraakhasa/install/gng_node/bin'
[1.578s] Level 1:colcon.colcon_core.environment:checking '/home/mobi/Projects/drone-vajraakhasa/install/gng_node/lib/pkgconfig/gng_node.pc'
[1.578s] Level 1:colcon.colcon_core.environment:checking '/home/mobi/Projects/drone-vajraakhasa/install/gng_node/lib/python3.10/site-packages'
[1.578s] Level 1:colcon.colcon_core.shell:create_environment_hook('gng_node', 'pythonpath')
[1.578s] INFO:colcon.colcon_core.shell:Creating environment hook '/home/mobi/Projects/drone-vajraakhasa/install/gng_node/share/gng_node/hook/pythonpath.ps1'
[1.578s] INFO:colcon.colcon_core.shell:Creating environment descriptor '/home/mobi/Projects/drone-vajraakhasa/install/gng_node/share/gng_node/hook/pythonpath.dsv'
[1.579s] INFO:colcon.colcon_core.shell:Creating environment hook '/home/mobi/Projects/drone-vajraakhasa/install/gng_node/share/gng_node/hook/pythonpath.sh'
[1.579s] Level 1:colcon.colcon_core.environment:checking '/home/mobi/Projects/drone-vajraakhasa/install/gng_node/bin'
[1.579s] Level 1:colcon.colcon_core.environment:create_environment_scripts_only(gng_node)
[1.579s] INFO:colcon.colcon_core.shell:Creating package script '/home/mobi/Projects/drone-vajraakhasa/install/gng_node/share/gng_node/package.ps1'
[1.580s] INFO:colcon.colcon_core.shell:Creating package descriptor '/home/mobi/Projects/drone-vajraakhasa/install/gng_node/share/gng_node/package.dsv'
[1.581s] INFO:colcon.colcon_core.shell:Creating package script '/home/mobi/Projects/drone-vajraakhasa/install/gng_node/share/gng_node/package.sh'
[1.581s] INFO:colcon.colcon_core.shell:Creating package script '/home/mobi/Projects/drone-vajraakhasa/install/gng_node/share/gng_node/package.bash'
[1.582s] INFO:colcon.colcon_core.shell:Creating package script '/home/mobi/Projects/drone-vajraakhasa/install/gng_node/share/gng_node/package.zsh'
[1.583s] Level 1:colcon.colcon_core.environment:create_file_with_runtime_dependencies(/home/mobi/Projects/drone-vajraakhasa/install/gng_node/share/colcon-core/packages/gng_node)
[1.583s] DEBUG:colcon.colcon_parallel_executor.executor.parallel:closing loop
[1.584s] DEBUG:colcon.colcon_parallel_executor.executor.parallel:loop closed
[1.584s] DEBUG:colcon.colcon_parallel_executor.executor.parallel:run_until_complete finished with '0'
[1.584s] DEBUG:colcon.colcon_core.event_reactor:joining thread
[1.623s] INFO:colcon.colcon_core.plugin_system:Skipping extension 'colcon_notification.desktop_notification.terminal_notifier': Not used on non-Darwin systems
[1.623s] INFO:colcon.colcon_core.plugin_system:Skipping extension 'colcon_notification.desktop_notification.win32': Not used on non-Windows systems
[1.623s] INFO:colcon.colcon_notification.desktop_notification:Sending desktop notification using 'notify2'
[1.652s] DEBUG:colcon.colcon_core.event_reactor:joined thread
[1.652s] INFO:colcon.colcon_core.shell:Creating prefix script '/home/mobi/Projects/drone-vajraakhasa/install/local_setup.ps1'
[1.653s] INFO:colcon.colcon_core.shell:Creating prefix util module '/home/mobi/Projects/drone-vajraakhasa/install/_local_setup_util_ps1.py'
[1.654s] INFO:colcon.colcon_core.shell:Creating prefix chain script '/home/mobi/Projects/drone-vajraakhasa/install/setup.ps1'
[1.656s] INFO:colcon.colcon_core.shell:Creating prefix script '/home/mobi/Projects/drone-vajraakhasa/install/local_setup.sh'
[1.656s] INFO:colcon.colcon_core.shell:Creating prefix util module '/home/mobi/Projects/drone-vajraakhasa/install/_local_setup_util_sh.py'
[1.657s] INFO:colcon.colcon_core.shell:Creating prefix chain script '/home/mobi/Projects/drone-vajraakhasa/install/setup.sh'
[1.657s] INFO:colcon.colcon_core.shell:Creating prefix script '/home/mobi/Projects/drone-vajraakhasa/install/local_setup.bash'
[1.658s] INFO:colcon.colcon_core.shell:Creating prefix chain script '/home/mobi/Projects/drone-vajraakhasa/install/setup.bash'
[1.659s] INFO:colcon.colcon_core.shell:Creating prefix script '/home/mobi/Projects/drone-vajraakhasa/install/local_setup.zsh'
[1.659s] INFO:colcon.colcon_core.shell:Creating prefix chain script '/home/mobi/Projects/drone-vajraakhasa/install/setup.zsh'
