[0.818s] Invoking command in '/home/mobi/Projects/drone-vajraakhasa/src/gng_node': PYTHONPATH=/home/mobi/Projects/drone-vajraakhasa/build/gng_node/prefix_override:/usr/lib/python3/dist-packages/colcon_core/task/python/colcon_distutils_commands:/home/mobi/Projects/drone-vajraakhasa/install/gng_node/lib/python3.10/site-packages:${PYTHONPATH} /usr/bin/python3 -W ignore:setup.py install is deprecated -W ignore:easy_install command is deprecated setup.py egg_info --egg-base ../../build/gng_node build --build-base /home/mobi/Projects/drone-vajraakhasa/build/gng_node/build install --record /home/mobi/Projects/drone-vajraakhasa/build/gng_node/install.log --single-version-externally-managed install_data
[1.056s] running egg_info
[1.056s] creating ../../build/gng_node/gng_node.egg-info
[1.069s] writing ../../build/gng_node/gng_node.egg-info/PKG-INFO
[1.069s] writing dependency_links to ../../build/gng_node/gng_node.egg-info/dependency_links.txt
[1.070s] writing entry points to ../../build/gng_node/gng_node.egg-info/entry_points.txt
[1.070s] writing requirements to ../../build/gng_node/gng_node.egg-info/requires.txt
[1.070s] writing top-level names to ../../build/gng_node/gng_node.egg-info/top_level.txt
[1.070s] writing manifest file '../../build/gng_node/gng_node.egg-info/SOURCES.txt'
[1.100s] reading manifest file '../../build/gng_node/gng_node.egg-info/SOURCES.txt'
[1.101s] writing manifest file '../../build/gng_node/gng_node.egg-info/SOURCES.txt'
[1.101s] running build
[1.101s] running build_py
[1.101s] creating /home/mobi/Projects/drone-vajraakhasa/build/gng_node/build
[1.101s] creating /home/mobi/Projects/drone-vajraakhasa/build/gng_node/build/lib
[1.101s] creating /home/mobi/Projects/drone-vajraakhasa/build/gng_node/build/lib/gng_node
[1.101s] copying gng_node/dbl_gng_node.py -> /home/mobi/Projects/drone-vajraakhasa/build/gng_node/build/lib/gng_node
[1.102s] copying gng_node/__init__.py -> /home/mobi/Projects/drone-vajraakhasa/build/gng_node/build/lib/gng_node
[1.102s] copying gng_node/dbl_gng.py -> /home/mobi/Projects/drone-vajraakhasa/build/gng_node/build/lib/gng_node
[1.102s] running install
[1.107s] running install_lib
[1.125s] creating /home/mobi/Projects/drone-vajraakhasa/install/gng_node/lib/python3.10/site-packages/gng_node
[1.125s] copying /home/mobi/Projects/drone-vajraakhasa/build/gng_node/build/lib/gng_node/dbl_gng_node.py -> /home/mobi/Projects/drone-vajraakhasa/install/gng_node/lib/python3.10/site-packages/gng_node
[1.125s] copying /home/mobi/Projects/drone-vajraakhasa/build/gng_node/build/lib/gng_node/__init__.py -> /home/mobi/Projects/drone-vajraakhasa/install/gng_node/lib/python3.10/site-packages/gng_node
[1.126s] copying /home/mobi/Projects/drone-vajraakhasa/build/gng_node/build/lib/gng_node/dbl_gng.py -> /home/mobi/Projects/drone-vajraakhasa/install/gng_node/lib/python3.10/site-packages/gng_node
[1.126s] byte-compiling /home/mobi/Projects/drone-vajraakhasa/install/gng_node/lib/python3.10/site-packages/gng_node/dbl_gng_node.py to dbl_gng_node.cpython-310.pyc
[1.127s] byte-compiling /home/mobi/Projects/drone-vajraakhasa/install/gng_node/lib/python3.10/site-packages/gng_node/__init__.py to __init__.cpython-310.pyc
[1.128s] byte-compiling /home/mobi/Projects/drone-vajraakhasa/install/gng_node/lib/python3.10/site-packages/gng_node/dbl_gng.py to dbl_gng.cpython-310.pyc
[1.132s] running install_data
[1.132s] creating /home/mobi/Projects/drone-vajraakhasa/install/gng_node/share/ament_index
[1.132s] creating /home/mobi/Projects/drone-vajraakhasa/install/gng_node/share/ament_index/resource_index
[1.132s] creating /home/mobi/Projects/drone-vajraakhasa/install/gng_node/share/ament_index/resource_index/packages
[1.132s] copying resource/gng_node -> /home/mobi/Projects/drone-vajraakhasa/install/gng_node/share/ament_index/resource_index/packages
[1.132s] copying package.xml -> /home/mobi/Projects/drone-vajraakhasa/install/gng_node/share/gng_node
[1.132s] running install_egg_info
[1.151s] Copying ../../build/gng_node/gng_node.egg-info to /home/mobi/Projects/drone-vajraakhasa/install/gng_node/lib/python3.10/site-packages/gng_node-0.0.0-py3.10.egg-info
[1.151s] running install_scripts
[1.292s] Installing dbl_gng_node script to /home/mobi/Projects/drone-vajraakhasa/install/gng_node/lib/gng_node
[1.293s] writing list of installed files to '/home/mobi/Projects/drone-vajraakhasa/build/gng_node/install.log'
[1.328s] Invoked command in '/home/mobi/Projects/drone-vajraakhasa/src/gng_node' returned '0': PYTHONPATH=/home/mobi/Projects/drone-vajraakhasa/build/gng_node/prefix_override:/usr/lib/python3/dist-packages/colcon_core/task/python/colcon_distutils_commands:/home/mobi/Projects/drone-vajraakhasa/install/gng_node/lib/python3.10/site-packages:${PYTHONPATH} /usr/bin/python3 -W ignore:setup.py install is deprecated -W ignore:easy_install command is deprecated setup.py egg_info --egg-base ../../build/gng_node build --build-base /home/mobi/Projects/drone-vajraakhasa/build/gng_node/build install --record /home/mobi/Projects/drone-vajraakhasa/build/gng_node/install.log --single-version-externally-managed install_data
