-- Found ament_cmake: 1.3.13 (/opt/ros/humble/share/ament_cmake/cmake)
-- Found rclcpp: 16.0.18 (/opt/ros/humble/share/rclcpp/cmake)
-- Found rosidl_generator_c: 3.1.8 (/opt/ros/humble/share/rosidl_generator_c/cmake)
-- Found rosidl_adapter: 3.1.8 (/opt/ros/humble/share/rosidl_adapter/cmake)
-- Found rosidl_generator_cpp: 3.1.8 (/opt/ros/humble/share/rosidl_generator_cpp/cmake)
-- Using all available rosidl_typesupport_c: rosidl_typesupport_fastrtps_c;rosidl_typesupport_introspection_c
-- Using all available rosidl_typesupport_cpp: rosidl_typesupport_fastrtps_cpp;rosidl_typesupport_introspection_cpp
-- Found rmw_implementation_cmake: 6.1.2 (/opt/ros/humble/share/rmw_implementation_cmake/cmake)
-- Found rmw_fastrtps_cpp: 6.2.10 (/opt/ros/humble/share/rmw_fastrtps_cpp/cmake)
-- Using RMW implementation 'rmw_fastrtps_cpp' as default
-- Found px4_msgs: 2.0.1 (/home/mobi/Projects/drone-vajraakhasa/install/px4_msgs/share/px4_msgs/cmake)
-- Found geometry_msgs: 4.9.1 (/opt/ros/humble/share/geometry_msgs/cmake)
-- Found tf2_ros: 0.25.19 (/opt/ros/humble/share/tf2_ros/cmake)
-- Found std_srvs: 4.9.1 (/opt/ros/humble/share/std_srvs/cmake)
-- Found tf2_geometry_msgs: 0.25.19 (/opt/ros/humble/share/tf2_geometry_msgs/cmake)
-- Found eigen3_cmake_module: 0.1.1 (/opt/ros/humble/share/eigen3_cmake_module/cmake)
-- Ensuring Eigen3 include directory is part of orocos-kdl CMake target
-- Found ament_lint_auto: 0.12.15 (/opt/ros/humble/share/ament_lint_auto/cmake)
-- Added test 'cppcheck' to perform static code analysis on C / C++ code
-- Configured cppcheck include dirs: 
-- Configured cppcheck exclude dirs and/or files: 
-- Added test 'flake8' to check Python code syntax and style conventions
-- Added test 'lint_cmake' to check CMake code style
-- Added test 'pep257' to check Python code against some of the docstring style conventions in PEP 257
-- Added test 'uncrustify' to check C / C++ code style
-- Configured uncrustify additional arguments: 
-- Added test 'xmllint' to check XML markup files
-- Configuring done
-- Generating done
-- Build files have been written to: /home/mobi/Projects/drone-vajraakhasa/build/offboard_control
[35m[1mConsolidate compiler generated dependencies of target drone_kinematic[0m
[100%] Built target drone_kinematic
-- Install configuration: ""
-- Installing: /home/mobi/Projects/drone-vajraakhasa/install/offboard_control/lib/offboard_control/drone_kinematic
-- Set runtime path of "/home/mobi/Projects/drone-vajraakhasa/install/offboard_control/lib/offboard_control/drone_kinematic" to ""
-- Up-to-date: /home/mobi/Projects/drone-vajraakhasa/install/offboard_control/lib/offboard_control/keyboard_control.py
-- Up-to-date: /home/mobi/Projects/drone-vajraakhasa/install/offboard_control/share/ament_index/resource_index/package_run_dependencies/offboard_control
-- Up-to-date: /home/mobi/Projects/drone-vajraakhasa/install/offboard_control/share/ament_index/resource_index/parent_prefix_path/offboard_control
-- Up-to-date: /home/mobi/Projects/drone-vajraakhasa/install/offboard_control/share/offboard_control/environment/ament_prefix_path.sh
-- Installing: /home/mobi/Projects/drone-vajraakhasa/install/offboard_control/share/offboard_control/environment/ament_prefix_path.dsv
-- Up-to-date: /home/mobi/Projects/drone-vajraakhasa/install/offboard_control/share/offboard_control/environment/path.sh
-- Installing: /home/mobi/Projects/drone-vajraakhasa/install/offboard_control/share/offboard_control/environment/path.dsv
-- Up-to-date: /home/mobi/Projects/drone-vajraakhasa/install/offboard_control/share/offboard_control/local_setup.bash
-- Up-to-date: /home/mobi/Projects/drone-vajraakhasa/install/offboard_control/share/offboard_control/local_setup.sh
-- Up-to-date: /home/mobi/Projects/drone-vajraakhasa/install/offboard_control/share/offboard_control/local_setup.zsh
-- Installing: /home/mobi/Projects/drone-vajraakhasa/install/offboard_control/share/offboard_control/local_setup.dsv
-- Installing: /home/mobi/Projects/drone-vajraakhasa/install/offboard_control/share/offboard_control/package.dsv
-- Up-to-date: /home/mobi/Projects/drone-vajraakhasa/install/offboard_control/share/ament_index/resource_index/packages/offboard_control
-- Up-to-date: /home/mobi/Projects/drone-vajraakhasa/install/offboard_control/share/offboard_control/cmake/offboard_controlConfig.cmake
-- Up-to-date: /home/mobi/Projects/drone-vajraakhasa/install/offboard_control/share/offboard_control/cmake/offboard_controlConfig-version.cmake
-- Up-to-date: /home/mobi/Projects/drone-vajraakhasa/install/offboard_control/share/offboard_control/package.xml
