[0.017s] Invoking command in '/home/mobi/Projects/drone-vajraakhasa/build/offboard_control': CMAKE_PREFIX_PATH=/home/mobi/Projects/drone-vajraakhasa/install/px4_msgs:/home/mobi/Projects/drone-vajraakhasa/install/offboard_control:/home/mobi/Zedcam_ws/install/zed_ros2:/home/mobi/Zedcam_ws/install/zed_wrapper:/home/mobi/Zedcam_ws/install/zed_components:/home/mobi/Zedcam_ws/install/ddgng_topology:/home/mobi/Projects/drone-vajraakhasa/install/gng_node:/opt/ros/humble /usr/bin/cmake --build /home/mobi/Projects/drone-vajraakhasa/build/offboard_control -- -j16 -l16
[0.061s] -- Found ament_cmake: 1.3.13 (/opt/ros/humble/share/ament_cmake/cmake)
[0.258s] -- Found rclcpp: 16.0.18 (/opt/ros/humble/share/rclcpp/cmake)
[0.298s] -- Found rosidl_generator_c: 3.1.8 (/opt/ros/humble/share/rosidl_generator_c/cmake)
[0.301s] -- Found rosidl_adapter: 3.1.8 (/opt/ros/humble/share/rosidl_adapter/cmake)
[0.309s] -- Found rosidl_generator_cpp: 3.1.8 (/opt/ros/humble/share/rosidl_generator_cpp/cmake)
[0.322s] -- Using all available rosidl_typesupport_c: rosidl_typesupport_fastrtps_c;rosidl_typesupport_introspection_c
[0.338s] -- Using all available rosidl_typesupport_cpp: rosidl_typesupport_fastrtps_cpp;rosidl_typesupport_introspection_cpp
[0.379s] -- Found rmw_implementation_cmake: 6.1.2 (/opt/ros/humble/share/rmw_implementation_cmake/cmake)
[0.381s] -- Found rmw_fastrtps_cpp: 6.2.10 (/opt/ros/humble/share/rmw_fastrtps_cpp/cmake)
[0.533s] -- Using RMW implementation 'rmw_fastrtps_cpp' as default
[0.599s] -- Found px4_msgs: 2.0.1 (/home/mobi/Projects/drone-vajraakhasa/install/px4_msgs/share/px4_msgs/cmake)
[0.613s] -- Found geometry_msgs: 4.9.1 (/opt/ros/humble/share/geometry_msgs/cmake)
[0.628s] -- Found tf2_ros: 0.25.19 (/opt/ros/humble/share/tf2_ros/cmake)
[0.729s] -- Found std_srvs: 4.9.1 (/opt/ros/humble/share/std_srvs/cmake)
[0.742s] -- Found tf2_geometry_msgs: 0.25.19 (/opt/ros/humble/share/tf2_geometry_msgs/cmake)
[0.746s] -- Found eigen3_cmake_module: 0.1.1 (/opt/ros/humble/share/eigen3_cmake_module/cmake)
[0.748s] -- Ensuring Eigen3 include directory is part of orocos-kdl CMake target
[0.753s] -- Found ament_lint_auto: 0.12.15 (/opt/ros/humble/share/ament_lint_auto/cmake)
[0.846s] -- Added test 'cppcheck' to perform static code analysis on C / C++ code
[0.846s] -- Configured cppcheck include dirs: 
[0.846s] -- Configured cppcheck exclude dirs and/or files: 
[0.846s] -- Added test 'flake8' to check Python code syntax and style conventions
[0.847s] -- Added test 'lint_cmake' to check CMake code style
[0.847s] -- Added test 'pep257' to check Python code against some of the docstring style conventions in PEP 257
[0.848s] -- Added test 'uncrustify' to check C / C++ code style
[0.848s] -- Configured uncrustify additional arguments: 
[0.848s] -- Added test 'xmllint' to check XML markup files
[0.849s] -- Configuring done
[0.867s] -- Generating done
[0.874s] -- Build files have been written to: /home/mobi/Projects/drone-vajraakhasa/build/offboard_control
[0.918s] [35m[1mConsolidate compiler generated dependencies of target drone_kinematic[0m
[0.946s] [100%] Built target drone_kinematic
[0.962s] Invoked command in '/home/mobi/Projects/drone-vajraakhasa/build/offboard_control' returned '0': CMAKE_PREFIX_PATH=/home/mobi/Projects/drone-vajraakhasa/install/px4_msgs:/home/mobi/Projects/drone-vajraakhasa/install/offboard_control:/home/mobi/Zedcam_ws/install/zed_ros2:/home/mobi/Zedcam_ws/install/zed_wrapper:/home/mobi/Zedcam_ws/install/zed_components:/home/mobi/Zedcam_ws/install/ddgng_topology:/home/mobi/Projects/drone-vajraakhasa/install/gng_node:/opt/ros/humble /usr/bin/cmake --build /home/mobi/Projects/drone-vajraakhasa/build/offboard_control -- -j16 -l16
[0.964s] Invoking command in '/home/mobi/Projects/drone-vajraakhasa/build/offboard_control': CMAKE_PREFIX_PATH=/home/mobi/Projects/drone-vajraakhasa/install/px4_msgs:/home/mobi/Projects/drone-vajraakhasa/install/offboard_control:/home/mobi/Zedcam_ws/install/zed_ros2:/home/mobi/Zedcam_ws/install/zed_wrapper:/home/mobi/Zedcam_ws/install/zed_components:/home/mobi/Zedcam_ws/install/ddgng_topology:/home/mobi/Projects/drone-vajraakhasa/install/gng_node:/opt/ros/humble /usr/bin/cmake --install /home/mobi/Projects/drone-vajraakhasa/build/offboard_control
[0.975s] -- Install configuration: ""
[0.975s] -- Installing: /home/mobi/Projects/drone-vajraakhasa/install/offboard_control/lib/offboard_control/drone_kinematic
[0.979s] -- Set runtime path of "/home/mobi/Projects/drone-vajraakhasa/install/offboard_control/lib/offboard_control/drone_kinematic" to ""
[0.979s] -- Up-to-date: /home/mobi/Projects/drone-vajraakhasa/install/offboard_control/lib/offboard_control/keyboard_control.py
[0.979s] -- Up-to-date: /home/mobi/Projects/drone-vajraakhasa/install/offboard_control/share/ament_index/resource_index/package_run_dependencies/offboard_control
[0.979s] -- Up-to-date: /home/mobi/Projects/drone-vajraakhasa/install/offboard_control/share/ament_index/resource_index/parent_prefix_path/offboard_control
[0.979s] -- Up-to-date: /home/mobi/Projects/drone-vajraakhasa/install/offboard_control/share/offboard_control/environment/ament_prefix_path.sh
[0.979s] -- Installing: /home/mobi/Projects/drone-vajraakhasa/install/offboard_control/share/offboard_control/environment/ament_prefix_path.dsv
[0.980s] -- Up-to-date: /home/mobi/Projects/drone-vajraakhasa/install/offboard_control/share/offboard_control/environment/path.sh
[0.980s] -- Installing: /home/mobi/Projects/drone-vajraakhasa/install/offboard_control/share/offboard_control/environment/path.dsv
[0.980s] -- Up-to-date: /home/mobi/Projects/drone-vajraakhasa/install/offboard_control/share/offboard_control/local_setup.bash
[0.980s] -- Up-to-date: /home/mobi/Projects/drone-vajraakhasa/install/offboard_control/share/offboard_control/local_setup.sh
[0.980s] -- Up-to-date: /home/mobi/Projects/drone-vajraakhasa/install/offboard_control/share/offboard_control/local_setup.zsh
[0.980s] -- Installing: /home/mobi/Projects/drone-vajraakhasa/install/offboard_control/share/offboard_control/local_setup.dsv
[0.980s] -- Installing: /home/mobi/Projects/drone-vajraakhasa/install/offboard_control/share/offboard_control/package.dsv
[0.980s] -- Up-to-date: /home/mobi/Projects/drone-vajraakhasa/install/offboard_control/share/ament_index/resource_index/packages/offboard_control
[0.981s] -- Up-to-date: /home/mobi/Projects/drone-vajraakhasa/install/offboard_control/share/offboard_control/cmake/offboard_controlConfig.cmake
[0.981s] -- Up-to-date: /home/mobi/Projects/drone-vajraakhasa/install/offboard_control/share/offboard_control/cmake/offboard_controlConfig-version.cmake
[0.981s] -- Up-to-date: /home/mobi/Projects/drone-vajraakhasa/install/offboard_control/share/offboard_control/package.xml
[0.983s] Invoked command in '/home/mobi/Projects/drone-vajraakhasa/build/offboard_control' returned '0': CMAKE_PREFIX_PATH=/home/mobi/Projects/drone-vajraakhasa/install/px4_msgs:/home/mobi/Projects/drone-vajraakhasa/install/offboard_control:/home/mobi/Zedcam_ws/install/zed_ros2:/home/mobi/Zedcam_ws/install/zed_wrapper:/home/mobi/Zedcam_ws/install/zed_components:/home/mobi/Zedcam_ws/install/ddgng_topology:/home/mobi/Projects/drone-vajraakhasa/install/gng_node:/opt/ros/humble /usr/bin/cmake --install /home/mobi/Projects/drone-vajraakhasa/build/offboard_control
