[0.107s] DEBUG:colcon:Command line arguments: ['/usr/bin/colcon', 'build']
[0.107s] DEBUG:colcon:Parsed command line arguments: Namespace(log_base=None, log_level=None, verb_name='build', build_base='build', install_base='install', merge_install=False, symlink_install=False, test_result_base=None, continue_on_error=False, executor='parallel', parallel_workers=16, event_handlers=None, ignore_user_meta=False, metas=['./colcon.meta'], base_paths=['.'], packages_ignore=None, packages_ignore_regex=None, paths=None, packages_up_to=None, packages_up_to_regex=None, packages_above=None, packages_above_and_dependencies=None, packages_above_depth=None, packages_select_by_dep=None, packages_skip_by_dep=None, packages_skip_up_to=None, packages_select_build_failed=False, packages_skip_build_finished=False, packages_select_test_failures=False, packages_skip_test_passed=False, packages_select=None, packages_skip=None, packages_select_regex=None, packages_skip_regex=None, packages_start=None, packages_end=None, allow_overriding=[], cmake_args=None, cmake_target=None, cmake_target_skip_unavailable=False, cmake_clean_cache=False, cmake_clean_first=False, cmake_force_configure=False, ament_cmake_args=None, catkin_cmake_args=None, catkin_skip_building_tests=False, mixin_files=None, mixin=None, verb_parser=<colcon_mixin.mixin.mixin_argument.MixinArgumentDecorator object at 0x75620b19d2a0>, verb_extension=<colcon_core.verb.build.BuildVerb object at 0x75620b116e00>, main=<bound method BuildVerb.main of <colcon_core.verb.build.BuildVerb object at 0x75620b116e00>>, mixin_verb=('build',))
[0.146s] Level 1:colcon.colcon_core.package_discovery:discover_packages(colcon_meta) check parameters
[0.146s] Level 1:colcon.colcon_core.package_discovery:discover_packages(recursive) check parameters
[0.146s] Level 1:colcon.colcon_core.package_discovery:discover_packages(ignore) check parameters
[0.146s] Level 1:colcon.colcon_core.package_discovery:discover_packages(path) check parameters
[0.146s] Level 1:colcon.colcon_core.package_discovery:discover_packages(colcon_meta) discover
[0.146s] Level 1:colcon.colcon_core.package_discovery:discover_packages(recursive) discover
[0.146s] INFO:colcon.colcon_core.package_discovery:Crawling recursively for packages in '/home/mobi/Projects/drone-vajraakhasa'
[0.146s] Level 1:colcon.colcon_core.package_identification:_identify(.) by extensions ['ignore', 'ignore_ament_install']
[0.146s] Level 1:colcon.colcon_core.package_identification:_identify(.) by extension 'ignore'
[0.146s] Level 1:colcon.colcon_core.package_identification:_identify(.) by extension 'ignore_ament_install'
[0.146s] Level 1:colcon.colcon_core.package_identification:_identify(.) by extensions ['colcon_pkg']
[0.146s] Level 1:colcon.colcon_core.package_identification:_identify(.) by extension 'colcon_pkg'
[0.146s] Level 1:colcon.colcon_core.package_identification:_identify(.) by extensions ['colcon_meta']
[0.146s] Level 1:colcon.colcon_core.package_identification:_identify(.) by extension 'colcon_meta'
[0.146s] Level 1:colcon.colcon_core.package_identification:_identify(.) by extensions ['ros']
[0.146s] Level 1:colcon.colcon_core.package_identification:_identify(.) by extension 'ros'
[0.160s] Level 1:colcon.colcon_core.package_identification:_identify(.) by extensions ['cmake', 'python']
[0.160s] Level 1:colcon.colcon_core.package_identification:_identify(.) by extension 'cmake'
[0.160s] Level 1:colcon.colcon_core.package_identification:_identify(.) by extension 'python'
[0.160s] Level 1:colcon.colcon_core.package_identification:_identify(.) by extensions ['python_setup_py']
[0.160s] Level 1:colcon.colcon_core.package_identification:_identify(.) by extension 'python_setup_py'
[0.160s] Level 1:colcon.colcon_core.package_identification:_identify(build) by extensions ['ignore', 'ignore_ament_install']
[0.161s] Level 1:colcon.colcon_core.package_identification:_identify(build) by extension 'ignore'
[0.161s] Level 1:colcon.colcon_core.package_identification:_identify(build) ignored
[0.161s] Level 1:colcon.colcon_core.package_identification:_identify(install) by extensions ['ignore', 'ignore_ament_install']
[0.161s] Level 1:colcon.colcon_core.package_identification:_identify(install) by extension 'ignore'
[0.161s] Level 1:colcon.colcon_core.package_identification:_identify(install) ignored
[0.161s] Level 1:colcon.colcon_core.package_identification:_identify(log) by extensions ['ignore', 'ignore_ament_install']
[0.161s] Level 1:colcon.colcon_core.package_identification:_identify(log) by extension 'ignore'
[0.161s] Level 1:colcon.colcon_core.package_identification:_identify(log) ignored
[0.161s] Level 1:colcon.colcon_core.package_identification:_identify(src) by extensions ['ignore', 'ignore_ament_install']
[0.161s] Level 1:colcon.colcon_core.package_identification:_identify(src) by extension 'ignore'
[0.161s] Level 1:colcon.colcon_core.package_identification:_identify(src) by extension 'ignore_ament_install'
[0.162s] Level 1:colcon.colcon_core.package_identification:_identify(src) by extensions ['colcon_pkg']
[0.162s] Level 1:colcon.colcon_core.package_identification:_identify(src) by extension 'colcon_pkg'
[0.162s] Level 1:colcon.colcon_core.package_identification:_identify(src) by extensions ['colcon_meta']
[0.162s] Level 1:colcon.colcon_core.package_identification:_identify(src) by extension 'colcon_meta'
[0.162s] Level 1:colcon.colcon_core.package_identification:_identify(src) by extensions ['ros']
[0.162s] Level 1:colcon.colcon_core.package_identification:_identify(src) by extension 'ros'
[0.162s] Level 1:colcon.colcon_core.package_identification:_identify(src) by extensions ['cmake', 'python']
[0.162s] Level 1:colcon.colcon_core.package_identification:_identify(src) by extension 'cmake'
[0.162s] Level 1:colcon.colcon_core.package_identification:_identify(src) by extension 'python'
[0.162s] Level 1:colcon.colcon_core.package_identification:_identify(src) by extensions ['python_setup_py']
[0.162s] Level 1:colcon.colcon_core.package_identification:_identify(src) by extension 'python_setup_py'
[0.162s] Level 1:colcon.colcon_core.package_identification:_identify(src/gng_node) by extensions ['ignore', 'ignore_ament_install']
[0.162s] Level 1:colcon.colcon_core.package_identification:_identify(src/gng_node) by extension 'ignore'
[0.162s] Level 1:colcon.colcon_core.package_identification:_identify(src/gng_node) by extension 'ignore_ament_install'
[0.162s] Level 1:colcon.colcon_core.package_identification:_identify(src/gng_node) by extensions ['colcon_pkg']
[0.162s] Level 1:colcon.colcon_core.package_identification:_identify(src/gng_node) by extension 'colcon_pkg'
[0.162s] Level 1:colcon.colcon_core.package_identification:_identify(src/gng_node) by extensions ['colcon_meta']
[0.162s] Level 1:colcon.colcon_core.package_identification:_identify(src/gng_node) by extension 'colcon_meta'
[0.162s] Level 1:colcon.colcon_core.package_identification:_identify(src/gng_node) by extensions ['ros']
[0.162s] Level 1:colcon.colcon_core.package_identification:_identify(src/gng_node) by extension 'ros'
[0.165s] DEBUG:colcon.colcon_core.package_identification:Package 'src/gng_node' with type 'ros.ament_python' and name 'gng_node'
[0.165s] Level 1:colcon.colcon_core.package_identification:_identify(src/offboard_control) by extensions ['ignore', 'ignore_ament_install']
[0.166s] Level 1:colcon.colcon_core.package_identification:_identify(src/offboard_control) by extension 'ignore'
[0.166s] Level 1:colcon.colcon_core.package_identification:_identify(src/offboard_control) by extension 'ignore_ament_install'
[0.166s] Level 1:colcon.colcon_core.package_identification:_identify(src/offboard_control) by extensions ['colcon_pkg']
[0.166s] Level 1:colcon.colcon_core.package_identification:_identify(src/offboard_control) by extension 'colcon_pkg'
[0.166s] Level 1:colcon.colcon_core.package_identification:_identify(src/offboard_control) by extensions ['colcon_meta']
[0.166s] Level 1:colcon.colcon_core.package_identification:_identify(src/offboard_control) by extension 'colcon_meta'
[0.166s] Level 1:colcon.colcon_core.package_identification:_identify(src/offboard_control) by extensions ['ros']
[0.166s] Level 1:colcon.colcon_core.package_identification:_identify(src/offboard_control) by extension 'ros'
[0.167s] DEBUG:colcon.colcon_core.package_identification:Package 'src/offboard_control' with type 'ros.ament_cmake' and name 'offboard_control'
[0.167s] Level 1:colcon.colcon_core.package_identification:_identify(src/px4_msgs) by extensions ['ignore', 'ignore_ament_install']
[0.167s] Level 1:colcon.colcon_core.package_identification:_identify(src/px4_msgs) by extension 'ignore'
[0.167s] Level 1:colcon.colcon_core.package_identification:_identify(src/px4_msgs) by extension 'ignore_ament_install'
[0.168s] Level 1:colcon.colcon_core.package_identification:_identify(src/px4_msgs) by extensions ['colcon_pkg']
[0.168s] Level 1:colcon.colcon_core.package_identification:_identify(src/px4_msgs) by extension 'colcon_pkg'
[0.168s] Level 1:colcon.colcon_core.package_identification:_identify(src/px4_msgs) by extensions ['colcon_meta']
[0.168s] Level 1:colcon.colcon_core.package_identification:_identify(src/px4_msgs) by extension 'colcon_meta'
[0.168s] Level 1:colcon.colcon_core.package_identification:_identify(src/px4_msgs) by extensions ['ros']
[0.168s] Level 1:colcon.colcon_core.package_identification:_identify(src/px4_msgs) by extension 'ros'
[0.169s] DEBUG:colcon.colcon_core.package_identification:Package 'src/px4_msgs' with type 'ros.ament_cmake' and name 'px4_msgs'
[0.169s] Level 1:colcon.colcon_core.package_identification:_identify(src/segmentation_node) by extensions ['ignore', 'ignore_ament_install']
[0.169s] Level 1:colcon.colcon_core.package_identification:_identify(src/segmentation_node) by extension 'ignore'
[0.169s] Level 1:colcon.colcon_core.package_identification:_identify(src/segmentation_node) by extension 'ignore_ament_install'
[0.169s] Level 1:colcon.colcon_core.package_identification:_identify(src/segmentation_node) by extensions ['colcon_pkg']
[0.169s] Level 1:colcon.colcon_core.package_identification:_identify(src/segmentation_node) by extension 'colcon_pkg'
[0.169s] Level 1:colcon.colcon_core.package_identification:_identify(src/segmentation_node) by extensions ['colcon_meta']
[0.169s] Level 1:colcon.colcon_core.package_identification:_identify(src/segmentation_node) by extension 'colcon_meta'
[0.169s] Level 1:colcon.colcon_core.package_identification:_identify(src/segmentation_node) by extensions ['ros']
[0.169s] Level 1:colcon.colcon_core.package_identification:_identify(src/segmentation_node) by extension 'ros'
[0.170s] DEBUG:colcon.colcon_core.package_identification:Package 'src/segmentation_node' with type 'ros.ament_cmake' and name 'segmentation_node'
[0.170s] Level 1:colcon.colcon_core.package_discovery:discover_packages(recursive) using defaults
[0.170s] Level 1:colcon.colcon_core.package_discovery:discover_packages(ignore) discover
[0.170s] Level 1:colcon.colcon_core.package_discovery:discover_packages(ignore) using defaults
[0.170s] Level 1:colcon.colcon_core.package_discovery:discover_packages(path) discover
[0.170s] Level 1:colcon.colcon_core.package_discovery:discover_packages(path) using defaults
[0.192s] Level 1:colcon.colcon_core.package_discovery:discover_packages(prefix_path) check parameters
[0.192s] Level 1:colcon.colcon_core.package_discovery:discover_packages(prefix_path) discover
[0.194s] DEBUG:colcon.colcon_installed_package_information.package_discovery:Found 4 installed packages in /home/mobi/Projects/drone-vajraakhasa/install
[0.194s] DEBUG:colcon.colcon_installed_package_information.package_discovery:Found 4 installed packages in /home/mobi/Zedcam_ws/install
[0.195s] DEBUG:colcon.colcon_installed_package_information.package_discovery:Found 389 installed packages in /opt/ros/humble
[0.197s] Level 1:colcon.colcon_core.package_discovery:discover_packages(prefix_path) using defaults
[0.235s] Level 5:colcon.colcon_core.verb:set package 'gng_node' build argument 'cmake_args' from command line to 'None'
[0.235s] Level 5:colcon.colcon_core.verb:set package 'gng_node' build argument 'cmake_target' from command line to 'None'
[0.235s] Level 5:colcon.colcon_core.verb:set package 'gng_node' build argument 'cmake_target_skip_unavailable' from command line to 'False'
[0.235s] Level 5:colcon.colcon_core.verb:set package 'gng_node' build argument 'cmake_clean_cache' from command line to 'False'
[0.235s] Level 5:colcon.colcon_core.verb:set package 'gng_node' build argument 'cmake_clean_first' from command line to 'False'
[0.235s] Level 5:colcon.colcon_core.verb:set package 'gng_node' build argument 'cmake_force_configure' from command line to 'False'
[0.235s] Level 5:colcon.colcon_core.verb:set package 'gng_node' build argument 'ament_cmake_args' from command line to 'None'
[0.235s] Level 5:colcon.colcon_core.verb:set package 'gng_node' build argument 'catkin_cmake_args' from command line to 'None'
[0.235s] Level 5:colcon.colcon_core.verb:set package 'gng_node' build argument 'catkin_skip_building_tests' from command line to 'False'
[0.235s] DEBUG:colcon.colcon_core.verb:Building package 'gng_node' with the following arguments: {'ament_cmake_args': None, 'build_base': '/home/mobi/Projects/drone-vajraakhasa/build/gng_node', 'catkin_cmake_args': None, 'catkin_skip_building_tests': False, 'cmake_args': None, 'cmake_clean_cache': False, 'cmake_clean_first': False, 'cmake_force_configure': False, 'cmake_target': None, 'cmake_target_skip_unavailable': False, 'install_base': '/home/mobi/Projects/drone-vajraakhasa/install/gng_node', 'merge_install': False, 'path': '/home/mobi/Projects/drone-vajraakhasa/src/gng_node', 'symlink_install': False, 'test_result_base': None}
[0.235s] Level 5:colcon.colcon_core.verb:set package 'px4_msgs' build argument 'cmake_args' from command line to 'None'
[0.236s] Level 5:colcon.colcon_core.verb:set package 'px4_msgs' build argument 'cmake_target' from command line to 'None'
[0.236s] Level 5:colcon.colcon_core.verb:set package 'px4_msgs' build argument 'cmake_target_skip_unavailable' from command line to 'False'
[0.236s] Level 5:colcon.colcon_core.verb:set package 'px4_msgs' build argument 'cmake_clean_cache' from command line to 'False'
[0.236s] Level 5:colcon.colcon_core.verb:set package 'px4_msgs' build argument 'cmake_clean_first' from command line to 'False'
[0.236s] Level 5:colcon.colcon_core.verb:set package 'px4_msgs' build argument 'cmake_force_configure' from command line to 'False'
[0.236s] Level 5:colcon.colcon_core.verb:set package 'px4_msgs' build argument 'ament_cmake_args' from command line to 'None'
[0.236s] Level 5:colcon.colcon_core.verb:set package 'px4_msgs' build argument 'catkin_cmake_args' from command line to 'None'
[0.236s] Level 5:colcon.colcon_core.verb:set package 'px4_msgs' build argument 'catkin_skip_building_tests' from command line to 'False'
[0.236s] DEBUG:colcon.colcon_core.verb:Building package 'px4_msgs' with the following arguments: {'ament_cmake_args': None, 'build_base': '/home/mobi/Projects/drone-vajraakhasa/build/px4_msgs', 'catkin_cmake_args': None, 'catkin_skip_building_tests': False, 'cmake_args': None, 'cmake_clean_cache': False, 'cmake_clean_first': False, 'cmake_force_configure': False, 'cmake_target': None, 'cmake_target_skip_unavailable': False, 'install_base': '/home/mobi/Projects/drone-vajraakhasa/install/px4_msgs', 'merge_install': False, 'path': '/home/mobi/Projects/drone-vajraakhasa/src/px4_msgs', 'symlink_install': False, 'test_result_base': None}
[0.236s] Level 5:colcon.colcon_core.verb:set package 'segmentation_node' build argument 'cmake_args' from command line to 'None'
[0.236s] Level 5:colcon.colcon_core.verb:set package 'segmentation_node' build argument 'cmake_target' from command line to 'None'
[0.236s] Level 5:colcon.colcon_core.verb:set package 'segmentation_node' build argument 'cmake_target_skip_unavailable' from command line to 'False'
[0.236s] Level 5:colcon.colcon_core.verb:set package 'segmentation_node' build argument 'cmake_clean_cache' from command line to 'False'
[0.236s] Level 5:colcon.colcon_core.verb:set package 'segmentation_node' build argument 'cmake_clean_first' from command line to 'False'
[0.236s] Level 5:colcon.colcon_core.verb:set package 'segmentation_node' build argument 'cmake_force_configure' from command line to 'False'
[0.236s] Level 5:colcon.colcon_core.verb:set package 'segmentation_node' build argument 'ament_cmake_args' from command line to 'None'
[0.236s] Level 5:colcon.colcon_core.verb:set package 'segmentation_node' build argument 'catkin_cmake_args' from command line to 'None'
[0.236s] Level 5:colcon.colcon_core.verb:set package 'segmentation_node' build argument 'catkin_skip_building_tests' from command line to 'False'
[0.236s] DEBUG:colcon.colcon_core.verb:Building package 'segmentation_node' with the following arguments: {'ament_cmake_args': None, 'build_base': '/home/mobi/Projects/drone-vajraakhasa/build/segmentation_node', 'catkin_cmake_args': None, 'catkin_skip_building_tests': False, 'cmake_args': None, 'cmake_clean_cache': False, 'cmake_clean_first': False, 'cmake_force_configure': False, 'cmake_target': None, 'cmake_target_skip_unavailable': False, 'install_base': '/home/mobi/Projects/drone-vajraakhasa/install/segmentation_node', 'merge_install': False, 'path': '/home/mobi/Projects/drone-vajraakhasa/src/segmentation_node', 'symlink_install': False, 'test_result_base': None}
[0.236s] Level 5:colcon.colcon_core.verb:set package 'offboard_control' build argument 'cmake_args' from command line to 'None'
[0.236s] Level 5:colcon.colcon_core.verb:set package 'offboard_control' build argument 'cmake_target' from command line to 'None'
[0.236s] Level 5:colcon.colcon_core.verb:set package 'offboard_control' build argument 'cmake_target_skip_unavailable' from command line to 'False'
[0.236s] Level 5:colcon.colcon_core.verb:set package 'offboard_control' build argument 'cmake_clean_cache' from command line to 'False'
[0.236s] Level 5:colcon.colcon_core.verb:set package 'offboard_control' build argument 'cmake_clean_first' from command line to 'False'
[0.237s] Level 5:colcon.colcon_core.verb:set package 'offboard_control' build argument 'cmake_force_configure' from command line to 'False'
[0.237s] Level 5:colcon.colcon_core.verb:set package 'offboard_control' build argument 'ament_cmake_args' from command line to 'None'
[0.237s] Level 5:colcon.colcon_core.verb:set package 'offboard_control' build argument 'catkin_cmake_args' from command line to 'None'
[0.237s] Level 5:colcon.colcon_core.verb:set package 'offboard_control' build argument 'catkin_skip_building_tests' from command line to 'False'
[0.237s] DEBUG:colcon.colcon_core.verb:Building package 'offboard_control' with the following arguments: {'ament_cmake_args': None, 'build_base': '/home/mobi/Projects/drone-vajraakhasa/build/offboard_control', 'catkin_cmake_args': None, 'catkin_skip_building_tests': False, 'cmake_args': None, 'cmake_clean_cache': False, 'cmake_clean_first': False, 'cmake_force_configure': False, 'cmake_target': None, 'cmake_target_skip_unavailable': False, 'install_base': '/home/mobi/Projects/drone-vajraakhasa/install/offboard_control', 'merge_install': False, 'path': '/home/mobi/Projects/drone-vajraakhasa/src/offboard_control', 'symlink_install': False, 'test_result_base': None}
[0.237s] INFO:colcon.colcon_core.executor:Executing jobs using 'parallel' executor
[0.238s] DEBUG:colcon.colcon_parallel_executor.executor.parallel:run_until_complete
[0.238s] INFO:colcon.colcon_ros.task.ament_cmake.build:Building ROS package in '/home/mobi/Projects/drone-vajraakhasa/src/px4_msgs' with build type 'ament_cmake'
[0.239s] INFO:colcon.colcon_cmake.task.cmake.build:Building CMake package in '/home/mobi/Projects/drone-vajraakhasa/src/px4_msgs'
[0.240s] INFO:colcon.colcon_core.plugin_system:Skipping extension 'colcon_core.shell.bat': Not used on non-Windows systems
[0.241s] INFO:colcon.colcon_core.shell:Skip shell extension 'powershell' for command environment: Not usable outside of PowerShell
[0.241s] DEBUG:colcon.colcon_core.shell:Skip shell extension 'dsv' for command environment
[0.246s] INFO:colcon.colcon_ros.task.ament_python.build:Building ROS package in '/home/mobi/Projects/drone-vajraakhasa/src/gng_node' with build type 'ament_python'
[0.246s] Level 1:colcon.colcon_core.shell:create_environment_hook('gng_node', 'ament_prefix_path')
[0.246s] INFO:colcon.colcon_core.shell:Creating environment hook '/home/mobi/Projects/drone-vajraakhasa/install/gng_node/share/gng_node/hook/ament_prefix_path.ps1'
[0.247s] INFO:colcon.colcon_core.shell:Creating environment descriptor '/home/mobi/Projects/drone-vajraakhasa/install/gng_node/share/gng_node/hook/ament_prefix_path.dsv'
[0.247s] INFO:colcon.colcon_core.shell:Creating environment hook '/home/mobi/Projects/drone-vajraakhasa/install/gng_node/share/gng_node/hook/ament_prefix_path.sh'
[0.248s] INFO:colcon.colcon_core.shell:Skip shell extension 'powershell' for command environment: Not usable outside of PowerShell
[0.248s] DEBUG:colcon.colcon_core.shell:Skip shell extension 'dsv' for command environment
[0.251s] INFO:colcon.colcon_ros.task.ament_cmake.build:Building ROS package in '/home/mobi/Projects/drone-vajraakhasa/src/segmentation_node' with build type 'ament_cmake'
[0.251s] INFO:colcon.colcon_cmake.task.cmake.build:Building CMake package in '/home/mobi/Projects/drone-vajraakhasa/src/segmentation_node'
[0.251s] INFO:colcon.colcon_core.shell:Skip shell extension 'powershell' for command environment: Not usable outside of PowerShell
[0.251s] DEBUG:colcon.colcon_core.shell:Skip shell extension 'dsv' for command environment
[0.261s] DEBUG:colcon.colcon_core.event_handler.log_command:Invoking command in '/home/mobi/Projects/drone-vajraakhasa/build/px4_msgs': CMAKE_PREFIX_PATH=${CMAKE_PREFIX_PATH}:/home/mobi/Projects/drone-vajraakhasa/install/gng_node:/opt/ros/humble /usr/bin/cmake --build /home/mobi/Projects/drone-vajraakhasa/build/px4_msgs -- -j16 -l16
[0.483s] INFO:colcon.colcon_core.task.python.build:Building Python package in '/home/mobi/Projects/drone-vajraakhasa/src/gng_node'
[0.483s] INFO:colcon.colcon_core.shell:Skip shell extension 'powershell' for command environment: Not usable outside of PowerShell
[0.483s] DEBUG:colcon.colcon_core.shell:Skip shell extension 'dsv' for command environment
[0.494s] DEBUG:colcon.colcon_core.event_handler.log_command:Invoking command in '/home/mobi/Projects/drone-vajraakhasa/build/segmentation_node': CMAKE_PREFIX_PATH=${CMAKE_PREFIX_PATH}:/home/mobi/Projects/drone-vajraakhasa/install/gng_node:/opt/ros/humble /usr/bin/cmake --build /home/mobi/Projects/drone-vajraakhasa/build/segmentation_node -- -j16 -l16
[1.232s] DEBUG:colcon.colcon_core.event_handler.log_command:Invoked command in '/home/mobi/Projects/drone-vajraakhasa/build/px4_msgs' returned '0': CMAKE_PREFIX_PATH=${CMAKE_PREFIX_PATH}:/home/mobi/Projects/drone-vajraakhasa/install/gng_node:/opt/ros/humble /usr/bin/cmake --build /home/mobi/Projects/drone-vajraakhasa/build/px4_msgs -- -j16 -l16
[1.251s] DEBUG:colcon.colcon_core.event_handler.log_command:Invoking command in '/home/mobi/Projects/drone-vajraakhasa/build/px4_msgs': CMAKE_PREFIX_PATH=${CMAKE_PREFIX_PATH}:/home/mobi/Projects/drone-vajraakhasa/install/gng_node:/opt/ros/humble /usr/bin/cmake --install /home/mobi/Projects/drone-vajraakhasa/build/px4_msgs
[1.643s] DEBUG:colcon.colcon_core.event_handler.log_command:Invoking command in '/home/mobi/Projects/drone-vajraakhasa/src/gng_node': PYTHONPATH=/home/mobi/Projects/drone-vajraakhasa/build/gng_node/prefix_override:/usr/lib/python3/dist-packages/colcon_core/task/python/colcon_distutils_commands:/home/mobi/Projects/drone-vajraakhasa/install/gng_node/lib/python3.10/site-packages:${PYTHONPATH} /usr/bin/python3 -W ignore:setup.py install is deprecated -W ignore:easy_install command is deprecated setup.py egg_info --egg-base ../../build/gng_node build --build-base /home/mobi/Projects/drone-vajraakhasa/build/gng_node/build install --record /home/mobi/Projects/drone-vajraakhasa/build/gng_node/install.log --single-version-externally-managed install_data
[1.836s] Level 1:colcon.colcon_core.environment:create_environment_scripts_only(px4_msgs)
[1.838s] DEBUG:colcon.colcon_core.event_handler.log_command:Invoked command in '/home/mobi/Projects/drone-vajraakhasa/build/px4_msgs' returned '0': CMAKE_PREFIX_PATH=${CMAKE_PREFIX_PATH}:/home/mobi/Projects/drone-vajraakhasa/install/gng_node:/opt/ros/humble /usr/bin/cmake --install /home/mobi/Projects/drone-vajraakhasa/build/px4_msgs
[1.843s] Level 1:colcon.colcon_core.environment:checking '/home/mobi/Projects/drone-vajraakhasa/install/px4_msgs' for CMake module files
[1.844s] Level 1:colcon.colcon_core.environment:checking '/home/mobi/Projects/drone-vajraakhasa/install/px4_msgs' for CMake config files
[1.845s] Level 1:colcon.colcon_core.shell:create_environment_hook('px4_msgs', 'cmake_prefix_path')
[1.846s] INFO:colcon.colcon_core.shell:Creating environment hook '/home/mobi/Projects/drone-vajraakhasa/install/px4_msgs/share/px4_msgs/hook/cmake_prefix_path.ps1'
[1.847s] INFO:colcon.colcon_core.shell:Creating environment descriptor '/home/mobi/Projects/drone-vajraakhasa/install/px4_msgs/share/px4_msgs/hook/cmake_prefix_path.dsv'
[1.848s] INFO:colcon.colcon_core.shell:Creating environment hook '/home/mobi/Projects/drone-vajraakhasa/install/px4_msgs/share/px4_msgs/hook/cmake_prefix_path.sh'
[1.850s] Level 1:colcon.colcon_core.environment:checking '/home/mobi/Projects/drone-vajraakhasa/install/px4_msgs/lib'
[1.850s] Level 1:colcon.colcon_core.shell:create_environment_hook('px4_msgs', 'ld_library_path_lib')
[1.850s] INFO:colcon.colcon_core.shell:Creating environment hook '/home/mobi/Projects/drone-vajraakhasa/install/px4_msgs/share/px4_msgs/hook/ld_library_path_lib.ps1'
[1.851s] INFO:colcon.colcon_core.shell:Creating environment descriptor '/home/mobi/Projects/drone-vajraakhasa/install/px4_msgs/share/px4_msgs/hook/ld_library_path_lib.dsv'
[1.852s] INFO:colcon.colcon_core.shell:Creating environment hook '/home/mobi/Projects/drone-vajraakhasa/install/px4_msgs/share/px4_msgs/hook/ld_library_path_lib.sh'
[1.852s] Level 1:colcon.colcon_core.environment:checking '/home/mobi/Projects/drone-vajraakhasa/install/px4_msgs/bin'
[1.852s] Level 1:colcon.colcon_core.environment:checking '/home/mobi/Projects/drone-vajraakhasa/install/px4_msgs/lib/pkgconfig/px4_msgs.pc'
[1.853s] Level 1:colcon.colcon_core.environment:checking '/home/mobi/Projects/drone-vajraakhasa/install/px4_msgs/lib/python3.10/site-packages'
[1.853s] Level 1:colcon.colcon_core.environment:checking '/home/mobi/Projects/drone-vajraakhasa/install/px4_msgs/bin'
[1.854s] INFO:colcon.colcon_core.shell:Creating package script '/home/mobi/Projects/drone-vajraakhasa/install/px4_msgs/share/px4_msgs/package.ps1'
[1.856s] INFO:colcon.colcon_core.shell:Creating package descriptor '/home/mobi/Projects/drone-vajraakhasa/install/px4_msgs/share/px4_msgs/package.dsv'
[1.857s] INFO:colcon.colcon_core.shell:Creating package script '/home/mobi/Projects/drone-vajraakhasa/install/px4_msgs/share/px4_msgs/package.sh'
[1.859s] INFO:colcon.colcon_core.shell:Creating package script '/home/mobi/Projects/drone-vajraakhasa/install/px4_msgs/share/px4_msgs/package.bash'
[1.861s] INFO:colcon.colcon_core.shell:Creating package script '/home/mobi/Projects/drone-vajraakhasa/install/px4_msgs/share/px4_msgs/package.zsh'
[1.862s] Level 1:colcon.colcon_core.environment:create_file_with_runtime_dependencies(/home/mobi/Projects/drone-vajraakhasa/install/px4_msgs/share/colcon-core/packages/px4_msgs)
[1.864s] Level 1:colcon.colcon_core.environment:create_environment_scripts_only(px4_msgs)
[1.864s] Level 1:colcon.colcon_core.environment:checking '/home/mobi/Projects/drone-vajraakhasa/install/px4_msgs' for CMake module files
[1.865s] Level 1:colcon.colcon_core.environment:checking '/home/mobi/Projects/drone-vajraakhasa/install/px4_msgs' for CMake config files
[1.866s] Level 1:colcon.colcon_core.shell:create_environment_hook('px4_msgs', 'cmake_prefix_path')
[1.866s] INFO:colcon.colcon_core.shell:Creating environment hook '/home/mobi/Projects/drone-vajraakhasa/install/px4_msgs/share/px4_msgs/hook/cmake_prefix_path.ps1'
[1.867s] INFO:colcon.colcon_core.shell:Creating environment descriptor '/home/mobi/Projects/drone-vajraakhasa/install/px4_msgs/share/px4_msgs/hook/cmake_prefix_path.dsv'
[1.867s] INFO:colcon.colcon_core.shell:Creating environment hook '/home/mobi/Projects/drone-vajraakhasa/install/px4_msgs/share/px4_msgs/hook/cmake_prefix_path.sh'
[1.868s] Level 1:colcon.colcon_core.environment:checking '/home/mobi/Projects/drone-vajraakhasa/install/px4_msgs/lib'
[1.869s] Level 1:colcon.colcon_core.shell:create_environment_hook('px4_msgs', 'ld_library_path_lib')
[1.869s] INFO:colcon.colcon_core.shell:Creating environment hook '/home/mobi/Projects/drone-vajraakhasa/install/px4_msgs/share/px4_msgs/hook/ld_library_path_lib.ps1'
[1.869s] INFO:colcon.colcon_core.shell:Creating environment descriptor '/home/mobi/Projects/drone-vajraakhasa/install/px4_msgs/share/px4_msgs/hook/ld_library_path_lib.dsv'
[1.870s] INFO:colcon.colcon_core.shell:Creating environment hook '/home/mobi/Projects/drone-vajraakhasa/install/px4_msgs/share/px4_msgs/hook/ld_library_path_lib.sh'
[1.870s] Level 1:colcon.colcon_core.environment:checking '/home/mobi/Projects/drone-vajraakhasa/install/px4_msgs/bin'
[1.871s] Level 1:colcon.colcon_core.environment:checking '/home/mobi/Projects/drone-vajraakhasa/install/px4_msgs/lib/pkgconfig/px4_msgs.pc'
[1.871s] Level 1:colcon.colcon_core.environment:checking '/home/mobi/Projects/drone-vajraakhasa/install/px4_msgs/lib/python3.10/site-packages'
[1.871s] Level 1:colcon.colcon_core.environment:checking '/home/mobi/Projects/drone-vajraakhasa/install/px4_msgs/bin'
[1.871s] INFO:colcon.colcon_core.shell:Creating package script '/home/mobi/Projects/drone-vajraakhasa/install/px4_msgs/share/px4_msgs/package.ps1'
[1.872s] INFO:colcon.colcon_core.shell:Creating package descriptor '/home/mobi/Projects/drone-vajraakhasa/install/px4_msgs/share/px4_msgs/package.dsv'
[1.873s] INFO:colcon.colcon_core.shell:Creating package script '/home/mobi/Projects/drone-vajraakhasa/install/px4_msgs/share/px4_msgs/package.sh'
[1.873s] INFO:colcon.colcon_core.shell:Creating package script '/home/mobi/Projects/drone-vajraakhasa/install/px4_msgs/share/px4_msgs/package.bash'
[1.874s] INFO:colcon.colcon_core.shell:Creating package script '/home/mobi/Projects/drone-vajraakhasa/install/px4_msgs/share/px4_msgs/package.zsh'
[1.875s] Level 1:colcon.colcon_core.environment:create_file_with_runtime_dependencies(/home/mobi/Projects/drone-vajraakhasa/install/px4_msgs/share/colcon-core/packages/px4_msgs)
[1.875s] INFO:colcon.colcon_ros.task.ament_cmake.build:Building ROS package in '/home/mobi/Projects/drone-vajraakhasa/src/offboard_control' with build type 'ament_cmake'
[1.875s] INFO:colcon.colcon_cmake.task.cmake.build:Building CMake package in '/home/mobi/Projects/drone-vajraakhasa/src/offboard_control'
[1.876s] INFO:colcon.colcon_core.shell:Skip shell extension 'powershell' for command environment: Not usable outside of PowerShell
[1.876s] DEBUG:colcon.colcon_core.shell:Skip shell extension 'dsv' for command environment
[1.890s] DEBUG:colcon.colcon_core.event_handler.log_command:Invoking command in '/home/mobi/Projects/drone-vajraakhasa/build/offboard_control': CMAKE_PREFIX_PATH=/home/mobi/Projects/drone-vajraakhasa/install/px4_msgs:/home/mobi/Projects/drone-vajraakhasa/install/segmentation_node:/home/mobi/Projects/drone-vajraakhasa/install/offboard_control:/home/mobi/Zedcam_ws/install/zed_ros2:/home/mobi/Zedcam_ws/install/zed_wrapper:/home/mobi/Zedcam_ws/install/zed_components:/home/mobi/Zedcam_ws/install/ddgng_topology:/home/mobi/Projects/drone-vajraakhasa/install/gng_node:/opt/ros/humble /usr/bin/cmake --build /home/mobi/Projects/drone-vajraakhasa/build/offboard_control -- -j16 -l16
[1.985s] DEBUG:colcon.colcon_core.event_handler.log_command:Invoked command in '/home/mobi/Projects/drone-vajraakhasa/build/offboard_control' returned '0': CMAKE_PREFIX_PATH=/home/mobi/Projects/drone-vajraakhasa/install/px4_msgs:/home/mobi/Projects/drone-vajraakhasa/install/segmentation_node:/home/mobi/Projects/drone-vajraakhasa/install/offboard_control:/home/mobi/Zedcam_ws/install/zed_ros2:/home/mobi/Zedcam_ws/install/zed_wrapper:/home/mobi/Zedcam_ws/install/zed_components:/home/mobi/Zedcam_ws/install/ddgng_topology:/home/mobi/Projects/drone-vajraakhasa/install/gng_node:/opt/ros/humble /usr/bin/cmake --build /home/mobi/Projects/drone-vajraakhasa/build/offboard_control -- -j16 -l16
[1.989s] DEBUG:colcon.colcon_core.event_handler.log_command:Invoking command in '/home/mobi/Projects/drone-vajraakhasa/build/offboard_control': CMAKE_PREFIX_PATH=/home/mobi/Projects/drone-vajraakhasa/install/px4_msgs:/home/mobi/Projects/drone-vajraakhasa/install/segmentation_node:/home/mobi/Projects/drone-vajraakhasa/install/offboard_control:/home/mobi/Zedcam_ws/install/zed_ros2:/home/mobi/Zedcam_ws/install/zed_wrapper:/home/mobi/Zedcam_ws/install/zed_components:/home/mobi/Zedcam_ws/install/ddgng_topology:/home/mobi/Projects/drone-vajraakhasa/install/gng_node:/opt/ros/humble /usr/bin/cmake --install /home/mobi/Projects/drone-vajraakhasa/build/offboard_control
[2.005s] Level 1:colcon.colcon_core.environment:create_environment_scripts_only(offboard_control)
[2.006s] Level 1:colcon.colcon_core.environment:checking '/home/mobi/Projects/drone-vajraakhasa/install/offboard_control' for CMake module files
[2.007s] DEBUG:colcon.colcon_core.event_handler.log_command:Invoked command in '/home/mobi/Projects/drone-vajraakhasa/build/offboard_control' returned '0': CMAKE_PREFIX_PATH=/home/mobi/Projects/drone-vajraakhasa/install/px4_msgs:/home/mobi/Projects/drone-vajraakhasa/install/segmentation_node:/home/mobi/Projects/drone-vajraakhasa/install/offboard_control:/home/mobi/Zedcam_ws/install/zed_ros2:/home/mobi/Zedcam_ws/install/zed_wrapper:/home/mobi/Zedcam_ws/install/zed_components:/home/mobi/Zedcam_ws/install/ddgng_topology:/home/mobi/Projects/drone-vajraakhasa/install/gng_node:/opt/ros/humble /usr/bin/cmake --install /home/mobi/Projects/drone-vajraakhasa/build/offboard_control
[2.007s] Level 1:colcon.colcon_core.environment:checking '/home/mobi/Projects/drone-vajraakhasa/install/offboard_control' for CMake config files
[2.008s] Level 1:colcon.colcon_core.shell:create_environment_hook('offboard_control', 'cmake_prefix_path')
[2.008s] INFO:colcon.colcon_core.shell:Creating environment hook '/home/mobi/Projects/drone-vajraakhasa/install/offboard_control/share/offboard_control/hook/cmake_prefix_path.ps1'
[2.008s] INFO:colcon.colcon_core.shell:Creating environment descriptor '/home/mobi/Projects/drone-vajraakhasa/install/offboard_control/share/offboard_control/hook/cmake_prefix_path.dsv'
[2.009s] INFO:colcon.colcon_core.shell:Creating environment hook '/home/mobi/Projects/drone-vajraakhasa/install/offboard_control/share/offboard_control/hook/cmake_prefix_path.sh'
[2.009s] Level 1:colcon.colcon_core.environment:checking '/home/mobi/Projects/drone-vajraakhasa/install/offboard_control/lib'
[2.010s] Level 1:colcon.colcon_core.environment:checking '/home/mobi/Projects/drone-vajraakhasa/install/offboard_control/bin'
[2.010s] Level 1:colcon.colcon_core.shell:create_environment_hook('offboard_control', 'path')
[2.010s] INFO:colcon.colcon_core.shell:Creating environment hook '/home/mobi/Projects/drone-vajraakhasa/install/offboard_control/share/offboard_control/hook/path.ps1'
[2.010s] INFO:colcon.colcon_core.shell:Creating environment descriptor '/home/mobi/Projects/drone-vajraakhasa/install/offboard_control/share/offboard_control/hook/path.dsv'
[2.011s] INFO:colcon.colcon_core.shell:Creating environment hook '/home/mobi/Projects/drone-vajraakhasa/install/offboard_control/share/offboard_control/hook/path.sh'
[2.011s] Level 1:colcon.colcon_core.environment:checking '/home/mobi/Projects/drone-vajraakhasa/install/offboard_control/lib/pkgconfig/offboard_control.pc'
[2.011s] Level 1:colcon.colcon_core.environment:checking '/home/mobi/Projects/drone-vajraakhasa/install/offboard_control/lib/python3.10/site-packages'
[2.012s] Level 1:colcon.colcon_core.environment:checking '/home/mobi/Projects/drone-vajraakhasa/install/offboard_control/bin'
[2.012s] Level 1:colcon.colcon_core.shell:create_environment_hook('offboard_control', 'pythonscriptspath')
[2.012s] INFO:colcon.colcon_core.shell:Creating environment hook '/home/mobi/Projects/drone-vajraakhasa/install/offboard_control/share/offboard_control/hook/pythonscriptspath.ps1'
[2.013s] INFO:colcon.colcon_core.shell:Creating environment descriptor '/home/mobi/Projects/drone-vajraakhasa/install/offboard_control/share/offboard_control/hook/pythonscriptspath.dsv'
[2.013s] INFO:colcon.colcon_core.shell:Creating environment hook '/home/mobi/Projects/drone-vajraakhasa/install/offboard_control/share/offboard_control/hook/pythonscriptspath.sh'
[2.014s] INFO:colcon.colcon_core.shell:Creating package script '/home/mobi/Projects/drone-vajraakhasa/install/offboard_control/share/offboard_control/package.ps1'
[2.015s] INFO:colcon.colcon_core.shell:Creating package descriptor '/home/mobi/Projects/drone-vajraakhasa/install/offboard_control/share/offboard_control/package.dsv'
[2.015s] INFO:colcon.colcon_core.shell:Creating package script '/home/mobi/Projects/drone-vajraakhasa/install/offboard_control/share/offboard_control/package.sh'
[2.016s] INFO:colcon.colcon_core.shell:Creating package script '/home/mobi/Projects/drone-vajraakhasa/install/offboard_control/share/offboard_control/package.bash'
[2.016s] INFO:colcon.colcon_core.shell:Creating package script '/home/mobi/Projects/drone-vajraakhasa/install/offboard_control/share/offboard_control/package.zsh'
[2.017s] Level 1:colcon.colcon_core.environment:create_file_with_runtime_dependencies(/home/mobi/Projects/drone-vajraakhasa/install/offboard_control/share/colcon-core/packages/offboard_control)
[2.017s] Level 1:colcon.colcon_core.environment:create_environment_scripts_only(offboard_control)
[2.018s] Level 1:colcon.colcon_core.environment:checking '/home/mobi/Projects/drone-vajraakhasa/install/offboard_control' for CMake module files
[2.018s] Level 1:colcon.colcon_core.environment:checking '/home/mobi/Projects/drone-vajraakhasa/install/offboard_control' for CMake config files
[2.018s] Level 1:colcon.colcon_core.shell:create_environment_hook('offboard_control', 'cmake_prefix_path')
[2.019s] INFO:colcon.colcon_core.shell:Creating environment hook '/home/mobi/Projects/drone-vajraakhasa/install/offboard_control/share/offboard_control/hook/cmake_prefix_path.ps1'
[2.019s] INFO:colcon.colcon_core.shell:Creating environment descriptor '/home/mobi/Projects/drone-vajraakhasa/install/offboard_control/share/offboard_control/hook/cmake_prefix_path.dsv'
[2.020s] INFO:colcon.colcon_core.shell:Creating environment hook '/home/mobi/Projects/drone-vajraakhasa/install/offboard_control/share/offboard_control/hook/cmake_prefix_path.sh'
[2.020s] Level 1:colcon.colcon_core.environment:checking '/home/mobi/Projects/drone-vajraakhasa/install/offboard_control/lib'
[2.020s] Level 1:colcon.colcon_core.environment:checking '/home/mobi/Projects/drone-vajraakhasa/install/offboard_control/bin'
[2.021s] Level 1:colcon.colcon_core.shell:create_environment_hook('offboard_control', 'path')
[2.021s] INFO:colcon.colcon_core.shell:Creating environment hook '/home/mobi/Projects/drone-vajraakhasa/install/offboard_control/share/offboard_control/hook/path.ps1'
[2.021s] INFO:colcon.colcon_core.shell:Creating environment descriptor '/home/mobi/Projects/drone-vajraakhasa/install/offboard_control/share/offboard_control/hook/path.dsv'
[2.022s] INFO:colcon.colcon_core.shell:Creating environment hook '/home/mobi/Projects/drone-vajraakhasa/install/offboard_control/share/offboard_control/hook/path.sh'
[2.022s] Level 1:colcon.colcon_core.environment:checking '/home/mobi/Projects/drone-vajraakhasa/install/offboard_control/lib/pkgconfig/offboard_control.pc'
[2.023s] Level 1:colcon.colcon_core.environment:checking '/home/mobi/Projects/drone-vajraakhasa/install/offboard_control/lib/python3.10/site-packages'
[2.023s] Level 1:colcon.colcon_core.environment:checking '/home/mobi/Projects/drone-vajraakhasa/install/offboard_control/bin'
[2.023s] Level 1:colcon.colcon_core.shell:create_environment_hook('offboard_control', 'pythonscriptspath')
[2.023s] INFO:colcon.colcon_core.shell:Creating environment hook '/home/mobi/Projects/drone-vajraakhasa/install/offboard_control/share/offboard_control/hook/pythonscriptspath.ps1'
[2.024s] INFO:colcon.colcon_core.shell:Creating environment descriptor '/home/mobi/Projects/drone-vajraakhasa/install/offboard_control/share/offboard_control/hook/pythonscriptspath.dsv'
[2.024s] INFO:colcon.colcon_core.shell:Creating environment hook '/home/mobi/Projects/drone-vajraakhasa/install/offboard_control/share/offboard_control/hook/pythonscriptspath.sh'
[2.025s] INFO:colcon.colcon_core.shell:Creating package script '/home/mobi/Projects/drone-vajraakhasa/install/offboard_control/share/offboard_control/package.ps1'
[2.026s] INFO:colcon.colcon_core.shell:Creating package descriptor '/home/mobi/Projects/drone-vajraakhasa/install/offboard_control/share/offboard_control/package.dsv'
[2.027s] INFO:colcon.colcon_core.shell:Creating package script '/home/mobi/Projects/drone-vajraakhasa/install/offboard_control/share/offboard_control/package.sh'
[2.027s] INFO:colcon.colcon_core.shell:Creating package script '/home/mobi/Projects/drone-vajraakhasa/install/offboard_control/share/offboard_control/package.bash'
[2.028s] INFO:colcon.colcon_core.shell:Creating package script '/home/mobi/Projects/drone-vajraakhasa/install/offboard_control/share/offboard_control/package.zsh'
[2.028s] Level 1:colcon.colcon_core.environment:create_file_with_runtime_dependencies(/home/mobi/Projects/drone-vajraakhasa/install/offboard_control/share/colcon-core/packages/offboard_control)
[2.203s] Level 1:colcon.colcon_core.environment:checking '/home/mobi/Projects/drone-vajraakhasa/install/gng_node' for CMake module files
[2.204s] DEBUG:colcon.colcon_core.event_handler.log_command:Invoked command in '/home/mobi/Projects/drone-vajraakhasa/src/gng_node' returned '0': PYTHONPATH=/home/mobi/Projects/drone-vajraakhasa/build/gng_node/prefix_override:/usr/lib/python3/dist-packages/colcon_core/task/python/colcon_distutils_commands:/home/mobi/Projects/drone-vajraakhasa/install/gng_node/lib/python3.10/site-packages:${PYTHONPATH} /usr/bin/python3 -W ignore:setup.py install is deprecated -W ignore:easy_install command is deprecated setup.py egg_info --egg-base ../../build/gng_node build --build-base /home/mobi/Projects/drone-vajraakhasa/build/gng_node/build install --record /home/mobi/Projects/drone-vajraakhasa/build/gng_node/install.log --single-version-externally-managed install_data
[2.204s] Level 1:colcon.colcon_core.environment:checking '/home/mobi/Projects/drone-vajraakhasa/install/gng_node' for CMake config files
[2.205s] Level 1:colcon.colcon_core.environment:checking '/home/mobi/Projects/drone-vajraakhasa/install/gng_node/lib'
[2.205s] Level 1:colcon.colcon_core.environment:checking '/home/mobi/Projects/drone-vajraakhasa/install/gng_node/bin'
[2.205s] Level 1:colcon.colcon_core.environment:checking '/home/mobi/Projects/drone-vajraakhasa/install/gng_node/lib/pkgconfig/gng_node.pc'
[2.205s] Level 1:colcon.colcon_core.environment:checking '/home/mobi/Projects/drone-vajraakhasa/install/gng_node/lib/python3.10/site-packages'
[2.205s] Level 1:colcon.colcon_core.shell:create_environment_hook('gng_node', 'pythonpath')
[2.205s] INFO:colcon.colcon_core.shell:Creating environment hook '/home/mobi/Projects/drone-vajraakhasa/install/gng_node/share/gng_node/hook/pythonpath.ps1'
[2.206s] INFO:colcon.colcon_core.shell:Creating environment descriptor '/home/mobi/Projects/drone-vajraakhasa/install/gng_node/share/gng_node/hook/pythonpath.dsv'
[2.206s] INFO:colcon.colcon_core.shell:Creating environment hook '/home/mobi/Projects/drone-vajraakhasa/install/gng_node/share/gng_node/hook/pythonpath.sh'
[2.207s] Level 1:colcon.colcon_core.environment:checking '/home/mobi/Projects/drone-vajraakhasa/install/gng_node/bin'
[2.207s] Level 1:colcon.colcon_core.environment:create_environment_scripts_only(gng_node)
[2.208s] INFO:colcon.colcon_core.shell:Creating package script '/home/mobi/Projects/drone-vajraakhasa/install/gng_node/share/gng_node/package.ps1'
[2.209s] INFO:colcon.colcon_core.shell:Creating package descriptor '/home/mobi/Projects/drone-vajraakhasa/install/gng_node/share/gng_node/package.dsv'
[2.209s] INFO:colcon.colcon_core.shell:Creating package script '/home/mobi/Projects/drone-vajraakhasa/install/gng_node/share/gng_node/package.sh'
[2.210s] INFO:colcon.colcon_core.shell:Creating package script '/home/mobi/Projects/drone-vajraakhasa/install/gng_node/share/gng_node/package.bash'
[2.210s] INFO:colcon.colcon_core.shell:Creating package script '/home/mobi/Projects/drone-vajraakhasa/install/gng_node/share/gng_node/package.zsh'
[2.210s] Level 1:colcon.colcon_core.environment:create_file_with_runtime_dependencies(/home/mobi/Projects/drone-vajraakhasa/install/gng_node/share/colcon-core/packages/gng_node)
[18.460s] DEBUG:colcon.colcon_core.event_handler.log_command:Invoked command in '/home/mobi/Projects/drone-vajraakhasa/build/segmentation_node' returned '0': CMAKE_PREFIX_PATH=${CMAKE_PREFIX_PATH}:/home/mobi/Projects/drone-vajraakhasa/install/gng_node:/opt/ros/humble /usr/bin/cmake --build /home/mobi/Projects/drone-vajraakhasa/build/segmentation_node -- -j16 -l16
[18.461s] DEBUG:colcon.colcon_core.event_handler.log_command:Invoking command in '/home/mobi/Projects/drone-vajraakhasa/build/segmentation_node': CMAKE_PREFIX_PATH=${CMAKE_PREFIX_PATH}:/home/mobi/Projects/drone-vajraakhasa/install/gng_node:/opt/ros/humble /usr/bin/cmake --install /home/mobi/Projects/drone-vajraakhasa/build/segmentation_node
[18.476s] Level 1:colcon.colcon_core.environment:create_environment_scripts_only(segmentation_node)
[18.476s] Level 1:colcon.colcon_core.environment:checking '/home/mobi/Projects/drone-vajraakhasa/install/segmentation_node' for CMake module files
[18.476s] DEBUG:colcon.colcon_core.event_handler.log_command:Invoked command in '/home/mobi/Projects/drone-vajraakhasa/build/segmentation_node' returned '0': CMAKE_PREFIX_PATH=${CMAKE_PREFIX_PATH}:/home/mobi/Projects/drone-vajraakhasa/install/gng_node:/opt/ros/humble /usr/bin/cmake --install /home/mobi/Projects/drone-vajraakhasa/build/segmentation_node
[18.477s] Level 1:colcon.colcon_core.environment:checking '/home/mobi/Projects/drone-vajraakhasa/install/segmentation_node' for CMake config files
[18.477s] Level 1:colcon.colcon_core.shell:create_environment_hook('segmentation_node', 'cmake_prefix_path')
[18.477s] INFO:colcon.colcon_core.shell:Creating environment hook '/home/mobi/Projects/drone-vajraakhasa/install/segmentation_node/share/segmentation_node/hook/cmake_prefix_path.ps1'
[18.478s] INFO:colcon.colcon_core.shell:Creating environment descriptor '/home/mobi/Projects/drone-vajraakhasa/install/segmentation_node/share/segmentation_node/hook/cmake_prefix_path.dsv'
[18.478s] INFO:colcon.colcon_core.shell:Creating environment hook '/home/mobi/Projects/drone-vajraakhasa/install/segmentation_node/share/segmentation_node/hook/cmake_prefix_path.sh'
[18.478s] Level 1:colcon.colcon_core.environment:checking '/home/mobi/Projects/drone-vajraakhasa/install/segmentation_node/lib'
[18.479s] Level 1:colcon.colcon_core.environment:checking '/home/mobi/Projects/drone-vajraakhasa/install/segmentation_node/bin'
[18.479s] Level 1:colcon.colcon_core.environment:checking '/home/mobi/Projects/drone-vajraakhasa/install/segmentation_node/lib/pkgconfig/segmentation_node.pc'
[18.479s] Level 1:colcon.colcon_core.environment:checking '/home/mobi/Projects/drone-vajraakhasa/install/segmentation_node/lib/python3.10/site-packages'
[18.479s] Level 1:colcon.colcon_core.environment:checking '/home/mobi/Projects/drone-vajraakhasa/install/segmentation_node/bin'
[18.479s] INFO:colcon.colcon_core.shell:Creating package script '/home/mobi/Projects/drone-vajraakhasa/install/segmentation_node/share/segmentation_node/package.ps1'
[18.480s] INFO:colcon.colcon_core.shell:Creating package descriptor '/home/mobi/Projects/drone-vajraakhasa/install/segmentation_node/share/segmentation_node/package.dsv'
[18.480s] INFO:colcon.colcon_core.shell:Creating package script '/home/mobi/Projects/drone-vajraakhasa/install/segmentation_node/share/segmentation_node/package.sh'
[18.480s] INFO:colcon.colcon_core.shell:Creating package script '/home/mobi/Projects/drone-vajraakhasa/install/segmentation_node/share/segmentation_node/package.bash'
[18.480s] INFO:colcon.colcon_core.shell:Creating package script '/home/mobi/Projects/drone-vajraakhasa/install/segmentation_node/share/segmentation_node/package.zsh'
[18.481s] Level 1:colcon.colcon_core.environment:create_file_with_runtime_dependencies(/home/mobi/Projects/drone-vajraakhasa/install/segmentation_node/share/colcon-core/packages/segmentation_node)
[18.481s] Level 1:colcon.colcon_core.environment:create_environment_scripts_only(segmentation_node)
[18.482s] Level 1:colcon.colcon_core.environment:checking '/home/mobi/Projects/drone-vajraakhasa/install/segmentation_node' for CMake module files
[18.482s] Level 1:colcon.colcon_core.environment:checking '/home/mobi/Projects/drone-vajraakhasa/install/segmentation_node' for CMake config files
[18.482s] Level 1:colcon.colcon_core.shell:create_environment_hook('segmentation_node', 'cmake_prefix_path')
[18.482s] INFO:colcon.colcon_core.shell:Creating environment hook '/home/mobi/Projects/drone-vajraakhasa/install/segmentation_node/share/segmentation_node/hook/cmake_prefix_path.ps1'
[18.483s] INFO:colcon.colcon_core.shell:Creating environment descriptor '/home/mobi/Projects/drone-vajraakhasa/install/segmentation_node/share/segmentation_node/hook/cmake_prefix_path.dsv'
[18.484s] INFO:colcon.colcon_core.shell:Creating environment hook '/home/mobi/Projects/drone-vajraakhasa/install/segmentation_node/share/segmentation_node/hook/cmake_prefix_path.sh'
[18.484s] Level 1:colcon.colcon_core.environment:checking '/home/mobi/Projects/drone-vajraakhasa/install/segmentation_node/lib'
[18.484s] Level 1:colcon.colcon_core.environment:checking '/home/mobi/Projects/drone-vajraakhasa/install/segmentation_node/bin'
[18.484s] Level 1:colcon.colcon_core.environment:checking '/home/mobi/Projects/drone-vajraakhasa/install/segmentation_node/lib/pkgconfig/segmentation_node.pc'
[18.484s] Level 1:colcon.colcon_core.environment:checking '/home/mobi/Projects/drone-vajraakhasa/install/segmentation_node/lib/python3.10/site-packages'
[18.485s] Level 1:colcon.colcon_core.environment:checking '/home/mobi/Projects/drone-vajraakhasa/install/segmentation_node/bin'
[18.485s] INFO:colcon.colcon_core.shell:Creating package script '/home/mobi/Projects/drone-vajraakhasa/install/segmentation_node/share/segmentation_node/package.ps1'
[18.486s] INFO:colcon.colcon_core.shell:Creating package descriptor '/home/mobi/Projects/drone-vajraakhasa/install/segmentation_node/share/segmentation_node/package.dsv'
[18.486s] INFO:colcon.colcon_core.shell:Creating package script '/home/mobi/Projects/drone-vajraakhasa/install/segmentation_node/share/segmentation_node/package.sh'
[18.487s] INFO:colcon.colcon_core.shell:Creating package script '/home/mobi/Projects/drone-vajraakhasa/install/segmentation_node/share/segmentation_node/package.bash'
[18.487s] INFO:colcon.colcon_core.shell:Creating package script '/home/mobi/Projects/drone-vajraakhasa/install/segmentation_node/share/segmentation_node/package.zsh'
[18.487s] Level 1:colcon.colcon_core.environment:create_file_with_runtime_dependencies(/home/mobi/Projects/drone-vajraakhasa/install/segmentation_node/share/colcon-core/packages/segmentation_node)
[18.488s] DEBUG:colcon.colcon_parallel_executor.executor.parallel:closing loop
[18.488s] DEBUG:colcon.colcon_parallel_executor.executor.parallel:loop closed
[18.488s] DEBUG:colcon.colcon_parallel_executor.executor.parallel:run_until_complete finished with '0'
[18.488s] DEBUG:colcon.colcon_core.event_reactor:joining thread
[18.496s] INFO:colcon.colcon_core.plugin_system:Skipping extension 'colcon_notification.desktop_notification.terminal_notifier': Not used on non-Darwin systems
[18.496s] INFO:colcon.colcon_core.plugin_system:Skipping extension 'colcon_notification.desktop_notification.win32': Not used on non-Windows systems
[18.496s] INFO:colcon.colcon_notification.desktop_notification:Sending desktop notification using 'notify2'
[18.514s] DEBUG:colcon.colcon_core.event_reactor:joined thread
[18.515s] INFO:colcon.colcon_core.shell:Creating prefix script '/home/mobi/Projects/drone-vajraakhasa/install/local_setup.ps1'
[18.516s] INFO:colcon.colcon_core.shell:Creating prefix util module '/home/mobi/Projects/drone-vajraakhasa/install/_local_setup_util_ps1.py'
[18.518s] INFO:colcon.colcon_core.shell:Creating prefix chain script '/home/mobi/Projects/drone-vajraakhasa/install/setup.ps1'
[18.519s] INFO:colcon.colcon_core.shell:Creating prefix script '/home/mobi/Projects/drone-vajraakhasa/install/local_setup.sh'
[18.520s] INFO:colcon.colcon_core.shell:Creating prefix util module '/home/mobi/Projects/drone-vajraakhasa/install/_local_setup_util_sh.py'
[18.520s] INFO:colcon.colcon_core.shell:Creating prefix chain script '/home/mobi/Projects/drone-vajraakhasa/install/setup.sh'
[18.522s] INFO:colcon.colcon_core.shell:Creating prefix script '/home/mobi/Projects/drone-vajraakhasa/install/local_setup.bash'
[18.522s] INFO:colcon.colcon_core.shell:Creating prefix chain script '/home/mobi/Projects/drone-vajraakhasa/install/setup.bash'
[18.523s] INFO:colcon.colcon_core.shell:Creating prefix script '/home/mobi/Projects/drone-vajraakhasa/install/local_setup.zsh'
[18.524s] INFO:colcon.colcon_core.shell:Creating prefix chain script '/home/mobi/Projects/drone-vajraakhasa/install/setup.zsh'
