[0.013s] Invoking command in '/home/mobi/Projects/drone-vajraakhasa/build/offboard_control': AMENT_PREFIX_PATH=/home/mobi/Projects/drone-vajraakhasa/install/px4_msgs:${AMENT_PREFIX_PATH} CMAKE_PREFIX_PATH=/home/mobi/Projects/drone-vajraakhasa/install/px4_msgs:/home/mobi/Zedcam_ws/install/zed_ros2:/home/mobi/Zedcam_ws/install/zed_wrapper:/home/mobi/Zedcam_ws/install/zed_components:/home/mobi/Zedcam_ws/install/ddgng_topology:/opt/ros/humble LD_LIBRARY_PATH=/home/mobi/Projects/drone-vajraakhasa/install/px4_msgs/lib:${LD_LIBRARY_PATH} PYTHONPATH=/home/mobi/Projects/drone-vajraakhasa/install/px4_msgs/local/lib/python3.10/dist-packages:${PYTHONPATH} /usr/bin/cmake --build /home/mobi/Projects/drone-vajraakhasa/build/offboard_control -- -j16 -l16
[0.079s] [100%] Built target drone_kinematic
[0.089s] Invoked command in '/home/mobi/Projects/drone-vajraakhasa/build/offboard_control' returned '0': AMENT_PREFIX_PATH=/home/mobi/Projects/drone-vajraakhasa/install/px4_msgs:${AMENT_PREFIX_PATH} CMAKE_PREFIX_PATH=/home/mobi/Projects/drone-vajraakhasa/install/px4_msgs:/home/mobi/Zedcam_ws/install/zed_ros2:/home/mobi/Zedcam_ws/install/zed_wrapper:/home/mobi/Zedcam_ws/install/zed_components:/home/mobi/Zedcam_ws/install/ddgng_topology:/opt/ros/humble LD_LIBRARY_PATH=/home/mobi/Projects/drone-vajraakhasa/install/px4_msgs/lib:${LD_LIBRARY_PATH} PYTHONPATH=/home/mobi/Projects/drone-vajraakhasa/install/px4_msgs/local/lib/python3.10/dist-packages:${PYTHONPATH} /usr/bin/cmake --build /home/mobi/Projects/drone-vajraakhasa/build/offboard_control -- -j16 -l16
[0.090s] Invoking command in '/home/mobi/Projects/drone-vajraakhasa/build/offboard_control': AMENT_PREFIX_PATH=/home/mobi/Projects/drone-vajraakhasa/install/px4_msgs:${AMENT_PREFIX_PATH} CMAKE_PREFIX_PATH=/home/mobi/Projects/drone-vajraakhasa/install/px4_msgs:/home/mobi/Zedcam_ws/install/zed_ros2:/home/mobi/Zedcam_ws/install/zed_wrapper:/home/mobi/Zedcam_ws/install/zed_components:/home/mobi/Zedcam_ws/install/ddgng_topology:/opt/ros/humble LD_LIBRARY_PATH=/home/mobi/Projects/drone-vajraakhasa/install/px4_msgs/lib:${LD_LIBRARY_PATH} PYTHONPATH=/home/mobi/Projects/drone-vajraakhasa/install/px4_msgs/local/lib/python3.10/dist-packages:${PYTHONPATH} /usr/bin/cmake --install /home/mobi/Projects/drone-vajraakhasa/build/offboard_control
[0.096s] -- Install configuration: ""
[0.097s] -- Up-to-date: /home/mobi/Projects/drone-vajraakhasa/install/offboard_control/lib/offboard_control/drone_kinematic
[0.097s] -- Up-to-date: /home/mobi/Projects/drone-vajraakhasa/install/offboard_control/lib/offboard_control/keyboard_control.py
[0.097s] -- Up-to-date: /home/mobi/Projects/drone-vajraakhasa/install/offboard_control/share/ament_index/resource_index/package_run_dependencies/offboard_control
[0.097s] -- Up-to-date: /home/mobi/Projects/drone-vajraakhasa/install/offboard_control/share/ament_index/resource_index/parent_prefix_path/offboard_control
[0.097s] -- Up-to-date: /home/mobi/Projects/drone-vajraakhasa/install/offboard_control/share/offboard_control/environment/ament_prefix_path.sh
[0.097s] -- Up-to-date: /home/mobi/Projects/drone-vajraakhasa/install/offboard_control/share/offboard_control/environment/ament_prefix_path.dsv
[0.097s] -- Up-to-date: /home/mobi/Projects/drone-vajraakhasa/install/offboard_control/share/offboard_control/environment/path.sh
[0.098s] -- Up-to-date: /home/mobi/Projects/drone-vajraakhasa/install/offboard_control/share/offboard_control/environment/path.dsv
[0.098s] -- Up-to-date: /home/mobi/Projects/drone-vajraakhasa/install/offboard_control/share/offboard_control/local_setup.bash
[0.098s] -- Up-to-date: /home/mobi/Projects/drone-vajraakhasa/install/offboard_control/share/offboard_control/local_setup.sh
[0.098s] -- Up-to-date: /home/mobi/Projects/drone-vajraakhasa/install/offboard_control/share/offboard_control/local_setup.zsh
[0.098s] -- Up-to-date: /home/mobi/Projects/drone-vajraakhasa/install/offboard_control/share/offboard_control/local_setup.dsv
[0.098s] -- Installing: /home/mobi/Projects/drone-vajraakhasa/install/offboard_control/share/offboard_control/package.dsv
[0.098s] -- Up-to-date: /home/mobi/Projects/drone-vajraakhasa/install/offboard_control/share/ament_index/resource_index/packages/offboard_control
[0.098s] -- Up-to-date: /home/mobi/Projects/drone-vajraakhasa/install/offboard_control/share/offboard_control/cmake/offboard_controlConfig.cmake
[0.098s] -- Up-to-date: /home/mobi/Projects/drone-vajraakhasa/install/offboard_control/share/offboard_control/cmake/offboard_controlConfig-version.cmake
[0.098s] -- Up-to-date: /home/mobi/Projects/drone-vajraakhasa/install/offboard_control/share/offboard_control/package.xml
[0.100s] Invoked command in '/home/mobi/Projects/drone-vajraakhasa/build/offboard_control' returned '0': AMENT_PREFIX_PATH=/home/mobi/Projects/drone-vajraakhasa/install/px4_msgs:${AMENT_PREFIX_PATH} CMAKE_PREFIX_PATH=/home/mobi/Projects/drone-vajraakhasa/install/px4_msgs:/home/mobi/Zedcam_ws/install/zed_ros2:/home/mobi/Zedcam_ws/install/zed_wrapper:/home/mobi/Zedcam_ws/install/zed_components:/home/mobi/Zedcam_ws/install/ddgng_topology:/opt/ros/humble LD_LIBRARY_PATH=/home/mobi/Projects/drone-vajraakhasa/install/px4_msgs/lib:${LD_LIBRARY_PATH} PYTHONPATH=/home/mobi/Projects/drone-vajraakhasa/install/px4_msgs/local/lib/python3.10/dist-packages:${PYTHONPATH} /usr/bin/cmake --install /home/mobi/Projects/drone-vajraakhasa/build/offboard_control
