[0.384s] Invoking command in '/home/mobi/Projects/drone-vajraakhasa/build/segmentation_node': CMAKE_PREFIX_PATH=${CMAKE_PREFIX_PATH}:/home/mobi/Projects/drone-vajraakhasa/install/gng_node:/opt/ros/humble /usr/bin/cmake --build /home/mobi/Projects/drone-vajraakhasa/build/segmentation_node -- -j16 -l16
[0.458s] [35m[1mConsolidate compiler generated dependencies of target landing_circle[0m
[0.484s] [ 40%] Built target ddgng_node
[0.484s] [ 40%] Built target plane_segmentation_gng
[0.485s] [ 60%] Built target cylinder_crop
[0.486s] [ 80%] Built target plane_segmentation_ransac
[0.498s] [ 90%] [32mBuilding CXX object CMakeFiles/landing_circle.dir/src/landing_circle.cpp.o[0m
[25.306s] [100%] [32m[1mLinking CXX executable landing_circle[0m
[26.790s] [100%] Built target landing_circle
[26.830s] Invoked command in '/home/mobi/Projects/drone-vajraakhasa/build/segmentation_node' returned '0': CMAKE_PREFIX_PATH=${CMAKE_PREFIX_PATH}:/home/mobi/Projects/drone-vajraakhasa/install/gng_node:/opt/ros/humble /usr/bin/cmake --build /home/mobi/Projects/drone-vajraakhasa/build/segmentation_node -- -j16 -l16
[26.834s] Invoking command in '/home/mobi/Projects/drone-vajraakhasa/build/segmentation_node': CMAKE_PREFIX_PATH=${CMAKE_PREFIX_PATH}:/home/mobi/Projects/drone-vajraakhasa/install/gng_node:/opt/ros/humble /usr/bin/cmake --install /home/mobi/Projects/drone-vajraakhasa/build/segmentation_node
[26.844s] -- Install configuration: ""
[26.844s] -- Installing: /home/mobi/Projects/drone-vajraakhasa/install/segmentation_node/lib/segmentation_node/landing_circle
[26.850s] -- Set runtime path of "/home/mobi/Projects/drone-vajraakhasa/install/segmentation_node/lib/segmentation_node/landing_circle" to ""
[26.850s] -- Up-to-date: /home/mobi/Projects/drone-vajraakhasa/install/segmentation_node/lib/segmentation_node/cylinder_crop
[26.850s] -- Up-to-date: /home/mobi/Projects/drone-vajraakhasa/install/segmentation_node/lib/segmentation_node/plane_segmentation_gng
[26.850s] -- Up-to-date: /home/mobi/Projects/drone-vajraakhasa/install/segmentation_node/lib/segmentation_node/plane_segmentation_ransac
[26.851s] -- Up-to-date: /home/mobi/Projects/drone-vajraakhasa/install/segmentation_node/lib/segmentation_node/ddgng_node
[26.851s] -- Up-to-date: /home/mobi/Projects/drone-vajraakhasa/install/segmentation_node/include
[26.851s] -- Up-to-date: /home/mobi/Projects/drone-vajraakhasa/install/segmentation_node/include/segmentation_node
[26.851s] -- Up-to-date: /home/mobi/Projects/drone-vajraakhasa/install/segmentation_node/include/segmentation_node/plane_segmentation_gng.hpp
[26.851s] -- Up-to-date: /home/mobi/Projects/drone-vajraakhasa/install/segmentation_node/include/segmentation_node/landing_circle.hpp
[26.851s] -- Up-to-date: /home/mobi/Projects/drone-vajraakhasa/install/segmentation_node/include/segmentation_node/ddgng.hpp
[26.851s] -- Up-to-date: /home/mobi/Projects/drone-vajraakhasa/install/segmentation_node/share/segmentation_node
[26.851s] -- Up-to-date: /home/mobi/Projects/drone-vajraakhasa/install/segmentation_node/share/segmentation_node/publish_safety_point.launch.py
[26.851s] -- Up-to-date: /home/mobi/Projects/drone-vajraakhasa/install/segmentation_node/share/ament_index/resource_index/package_run_dependencies/segmentation_node
[26.852s] -- Up-to-date: /home/mobi/Projects/drone-vajraakhasa/install/segmentation_node/share/ament_index/resource_index/parent_prefix_path/segmentation_node
[26.852s] -- Up-to-date: /home/mobi/Projects/drone-vajraakhasa/install/segmentation_node/share/segmentation_node/environment/ament_prefix_path.sh
[26.852s] -- Up-to-date: /home/mobi/Projects/drone-vajraakhasa/install/segmentation_node/share/segmentation_node/environment/ament_prefix_path.dsv
[26.852s] -- Up-to-date: /home/mobi/Projects/drone-vajraakhasa/install/segmentation_node/share/segmentation_node/environment/path.sh
[26.852s] -- Up-to-date: /home/mobi/Projects/drone-vajraakhasa/install/segmentation_node/share/segmentation_node/environment/path.dsv
[26.852s] -- Up-to-date: /home/mobi/Projects/drone-vajraakhasa/install/segmentation_node/share/segmentation_node/local_setup.bash
[26.852s] -- Up-to-date: /home/mobi/Projects/drone-vajraakhasa/install/segmentation_node/share/segmentation_node/local_setup.sh
[26.852s] -- Up-to-date: /home/mobi/Projects/drone-vajraakhasa/install/segmentation_node/share/segmentation_node/local_setup.zsh
[26.852s] -- Up-to-date: /home/mobi/Projects/drone-vajraakhasa/install/segmentation_node/share/segmentation_node/local_setup.dsv
[26.852s] -- Installing: /home/mobi/Projects/drone-vajraakhasa/install/segmentation_node/share/segmentation_node/package.dsv
[26.852s] -- Up-to-date: /home/mobi/Projects/drone-vajraakhasa/install/segmentation_node/share/ament_index/resource_index/packages/segmentation_node
[26.852s] -- Up-to-date: /home/mobi/Projects/drone-vajraakhasa/install/segmentation_node/share/segmentation_node/cmake/segmentation_nodeConfig.cmake
[26.852s] -- Up-to-date: /home/mobi/Projects/drone-vajraakhasa/install/segmentation_node/share/segmentation_node/cmake/segmentation_nodeConfig-version.cmake
[26.852s] -- Up-to-date: /home/mobi/Projects/drone-vajraakhasa/install/segmentation_node/share/segmentation_node/package.xml
[26.855s] Invoked command in '/home/mobi/Projects/drone-vajraakhasa/build/segmentation_node' returned '0': CMAKE_PREFIX_PATH=${CMAKE_PREFIX_PATH}:/home/mobi/Projects/drone-vajraakhasa/install/gng_node:/opt/ros/humble /usr/bin/cmake --install /home/mobi/Projects/drone-vajraakhasa/build/segmentation_node
