[0.034s] Invoking command in '/home/mobi/Projects/drone-vajraakhasa/build/offboard_control': CMAKE_PREFIX_PATH=/home/mobi/Projects/drone-vajraakhasa/install/px4_msgs:/home/mobi/Projects/drone-vajraakhasa/install/segmentation_node:/home/mobi/Projects/drone-vajraakhasa/install/offboard_control:/home/mobi/Zedcam_ws/install/zed_ros2:/home/mobi/Zedcam_ws/install/zed_wrapper:/home/mobi/Zedcam_ws/install/zed_components:/home/mobi/Zedcam_ws/install/ddgng_topology:/home/mobi/Projects/drone-vajraakhasa/install/gng_node:/opt/ros/humble /usr/bin/cmake --build /home/mobi/Projects/drone-vajraakhasa/build/offboard_control -- -j16 -l16
[0.194s] [100%] Built target drone_kinematic
[0.225s] Invoked command in '/home/mobi/Projects/drone-vajraakhasa/build/offboard_control' returned '0': CMAKE_PREFIX_PATH=/home/mobi/Projects/drone-vajraakhasa/install/px4_msgs:/home/mobi/Projects/drone-vajraakhasa/install/segmentation_node:/home/mobi/Projects/drone-vajraakhasa/install/offboard_control:/home/mobi/Zedcam_ws/install/zed_ros2:/home/mobi/Zedcam_ws/install/zed_wrapper:/home/mobi/Zedcam_ws/install/zed_components:/home/mobi/Zedcam_ws/install/ddgng_topology:/home/mobi/Projects/drone-vajraakhasa/install/gng_node:/opt/ros/humble /usr/bin/cmake --build /home/mobi/Projects/drone-vajraakhasa/build/offboard_control -- -j16 -l16
[0.229s] Invoking command in '/home/mobi/Projects/drone-vajraakhasa/build/offboard_control': CMAKE_PREFIX_PATH=/home/mobi/Projects/drone-vajraakhasa/install/px4_msgs:/home/mobi/Projects/drone-vajraakhasa/install/segmentation_node:/home/mobi/Projects/drone-vajraakhasa/install/offboard_control:/home/mobi/Zedcam_ws/install/zed_ros2:/home/mobi/Zedcam_ws/install/zed_wrapper:/home/mobi/Zedcam_ws/install/zed_components:/home/mobi/Zedcam_ws/install/ddgng_topology:/home/mobi/Projects/drone-vajraakhasa/install/gng_node:/opt/ros/humble /usr/bin/cmake --install /home/mobi/Projects/drone-vajraakhasa/build/offboard_control
[0.243s] -- Install configuration: ""
[0.243s] -- Up-to-date: /home/mobi/Projects/drone-vajraakhasa/install/offboard_control/lib/offboard_control/drone_kinematic
[0.243s] -- Up-to-date: /home/mobi/Projects/drone-vajraakhasa/install/offboard_control/lib/offboard_control/keyboard_control.py
[0.243s] -- Up-to-date: /home/mobi/Projects/drone-vajraakhasa/install/offboard_control/share/ament_index/resource_index/package_run_dependencies/offboard_control
[0.244s] -- Up-to-date: /home/mobi/Projects/drone-vajraakhasa/install/offboard_control/share/ament_index/resource_index/parent_prefix_path/offboard_control
[0.244s] -- Up-to-date: /home/mobi/Projects/drone-vajraakhasa/install/offboard_control/share/offboard_control/environment/ament_prefix_path.sh
[0.244s] -- Up-to-date: /home/mobi/Projects/drone-vajraakhasa/install/offboard_control/share/offboard_control/environment/ament_prefix_path.dsv
[0.244s] -- Up-to-date: /home/mobi/Projects/drone-vajraakhasa/install/offboard_control/share/offboard_control/environment/path.sh
[0.245s] -- Up-to-date: /home/mobi/Projects/drone-vajraakhasa/install/offboard_control/share/offboard_control/environment/path.dsv
[0.245s] -- Up-to-date: /home/mobi/Projects/drone-vajraakhasa/install/offboard_control/share/offboard_control/local_setup.bash
[0.245s] -- Up-to-date: /home/mobi/Projects/drone-vajraakhasa/install/offboard_control/share/offboard_control/local_setup.sh
[0.245s] -- Up-to-date: /home/mobi/Projects/drone-vajraakhasa/install/offboard_control/share/offboard_control/local_setup.zsh
[0.245s] -- Up-to-date: /home/mobi/Projects/drone-vajraakhasa/install/offboard_control/share/offboard_control/local_setup.dsv
[0.246s] -- Installing: /home/mobi/Projects/drone-vajraakhasa/install/offboard_control/share/offboard_control/package.dsv
[0.246s] -- Up-to-date: /home/mobi/Projects/drone-vajraakhasa/install/offboard_control/share/ament_index/resource_index/packages/offboard_control
[0.246s] -- Up-to-date: /home/mobi/Projects/drone-vajraakhasa/install/offboard_control/share/offboard_control/cmake/offboard_controlConfig.cmake
[0.246s] -- Up-to-date: /home/mobi/Projects/drone-vajraakhasa/install/offboard_control/share/offboard_control/cmake/offboard_controlConfig-version.cmake
[0.246s] -- Up-to-date: /home/mobi/Projects/drone-vajraakhasa/install/offboard_control/share/offboard_control/package.xml
[0.249s] Invoked command in '/home/mobi/Projects/drone-vajraakhasa/build/offboard_control' returned '0': CMAKE_PREFIX_PATH=/home/mobi/Projects/drone-vajraakhasa/install/px4_msgs:/home/mobi/Projects/drone-vajraakhasa/install/segmentation_node:/home/mobi/Projects/drone-vajraakhasa/install/offboard_control:/home/mobi/Zedcam_ws/install/zed_ros2:/home/mobi/Zedcam_ws/install/zed_wrapper:/home/mobi/Zedcam_ws/install/zed_components:/home/mobi/Zedcam_ws/install/ddgng_topology:/home/mobi/Projects/drone-vajraakhasa/install/gng_node:/opt/ros/humble /usr/bin/cmake --install /home/mobi/Projects/drone-vajraakhasa/build/offboard_control
