-- Found ament_cmake: 1.3.13 (/opt/ros/humble/share/ament_cmake/cmake)
-- Found rclcpp: 16.0.18 (/opt/ros/humble/share/rclcpp/cmake)
-- Found rosidl_generator_c: 3.1.8 (/opt/ros/humble/share/rosidl_generator_c/cmake)
-- Found rosidl_adapter: 3.1.8 (/opt/ros/humble/share/rosidl_adapter/cmake)
-- Found rosidl_generator_cpp: 3.1.8 (/opt/ros/humble/share/rosidl_generator_cpp/cmake)
-- Using all available rosidl_typesupport_c: rosidl_typesupport_fastrtps_c;rosidl_typesupport_introspection_c
-- Using all available rosidl_typesupport_cpp: rosidl_typesupport_fastrtps_cpp;rosidl_typesupport_introspection_cpp
-- Found rmw_implementation_cmake: 6.1.2 (/opt/ros/humble/share/rmw_implementation_cmake/cmake)
-- Found rmw_fastrtps_cpp: 6.2.10 (/opt/ros/humble/share/rmw_fastrtps_cpp/cmake)
-- Using RMW implementation 'rmw_fastrtps_cpp' as default
-- Found sensor_msgs: 4.9.1 (/opt/ros/humble/share/sensor_msgs/cmake)
-- Found pcl_conversions: 2.4.5 (/opt/ros/humble/share/pcl_conversions/cmake)
-- Eigen found (include: /usr/include/eigen3, version: 3.4.0)
-- FLANN found (include: /usr/include, lib: /usr/lib/x86_64-linux-gnu/libflann_cpp.so)
-- OpenNI found (version: 1.5.4.0, include: /usr/include/ni, lib: /usr/lib/libOpenNI.so;libusb::libusb)
-- OpenNI2 found (version: 2.2.0.33, include: /usr/include/openni2, lib: /usr/lib/x86_64-linux-gnu/libOpenNI2.so;libusb::libusb)
-- Eigen found (include: /usr/include/eigen3, version: 3.4.0)
-- OpenNI found (version: 1.5.4.0, include: /usr/include/ni, lib: /usr/lib/libOpenNI.so;libusb::libusb)
-- OpenNI2 found (version: 2.2.0.33, include: /usr/include/openni2, lib: /usr/lib/x86_64-linux-gnu/libOpenNI2.so;libusb::libusb)
-- Found Qhull version 8.0.2
-- OpenNI found (version: 1.5.4.0, include: /usr/include/ni, lib: /usr/lib/libOpenNI.so;libusb::libusb)
-- Found tf2: 0.25.19 (/opt/ros/humble/share/tf2/cmake)
-- Found tf2_ros: 0.25.19 (/opt/ros/humble/share/tf2_ros/cmake)
-- Found tf2_eigen: 0.25.19 (/opt/ros/humble/share/tf2_eigen/cmake)
-- Found visualization_msgs: 4.9.1 (/opt/ros/humble/share/visualization_msgs/cmake)
-- Found ament_lint_auto: 0.12.15 (/opt/ros/humble/share/ament_lint_auto/cmake)
-- Added test 'cppcheck' to perform static code analysis on C / C++ code
-- Configured cppcheck include dirs: $<BUILD_INTERFACE:/home/mobi/Projects/drone-vajraakhasa/src/segmentation_node/include>
-- Configured cppcheck exclude dirs and/or files: 
-- Added test 'flake8' to check Python code syntax and style conventions
-- Added test 'lint_cmake' to check CMake code style
-- Added test 'pep257' to check Python code against some of the docstring style conventions in PEP 257
-- Added test 'uncrustify' to check C / C++ code style
-- Configured uncrustify additional arguments: 
-- Added test 'xmllint' to check XML markup files
-- Configuring done
-- Generating done
-- Build files have been written to: /home/mobi/Projects/drone-vajraakhasa/build/segmentation_node
[35m[1mConsolidate compiler generated dependencies of target cylinder_crop[0m
[35m[1mConsolidate compiler generated dependencies of target plane_segmentation_gng[0m
[35m[1mConsolidate compiler generated dependencies of target landing_circle[0m
[35m[1mConsolidate compiler generated dependencies of target plane_segmentation_ransac[0m
[35m[1mConsolidate compiler generated dependencies of target ddgng_node[0m
[  8%] [32mBuilding CXX object CMakeFiles/cloud_size_node.dir/src/cloud_size_node.cpp.o[0m
[ 41%] Built target cylinder_crop
[ 41%] Built target landing_circle
[ 58%] Built target plane_segmentation_ransac
[ 75%] Built target plane_segmentation_gng
[ 91%] Built target ddgng_node
[100%] [32m[1mLinking CXX executable cloud_size_node[0m
[100%] Built target cloud_size_node
-- Install configuration: ""
-- Up-to-date: /home/mobi/Projects/drone-vajraakhasa/install/segmentation_node/lib/segmentation_node/landing_circle
-- Up-to-date: /home/mobi/Projects/drone-vajraakhasa/install/segmentation_node/lib/segmentation_node/cylinder_crop
-- Up-to-date: /home/mobi/Projects/drone-vajraakhasa/install/segmentation_node/lib/segmentation_node/plane_segmentation_gng
-- Up-to-date: /home/mobi/Projects/drone-vajraakhasa/install/segmentation_node/lib/segmentation_node/plane_segmentation_ransac
-- Up-to-date: /home/mobi/Projects/drone-vajraakhasa/install/segmentation_node/lib/segmentation_node/ddgng_node
-- Installing: /home/mobi/Projects/drone-vajraakhasa/install/segmentation_node/lib/segmentation_node/cloud_size_node
-- Set runtime path of "/home/mobi/Projects/drone-vajraakhasa/install/segmentation_node/lib/segmentation_node/cloud_size_node" to ""
-- Up-to-date: /home/mobi/Projects/drone-vajraakhasa/install/segmentation_node/include
-- Up-to-date: /home/mobi/Projects/drone-vajraakhasa/install/segmentation_node/include/segmentation_node
-- Up-to-date: /home/mobi/Projects/drone-vajraakhasa/install/segmentation_node/include/segmentation_node/plane_segmentation_gng.hpp
-- Up-to-date: /home/mobi/Projects/drone-vajraakhasa/install/segmentation_node/include/segmentation_node/landing_circle.hpp
-- Up-to-date: /home/mobi/Projects/drone-vajraakhasa/install/segmentation_node/include/segmentation_node/ddgng.hpp
-- Up-to-date: /home/mobi/Projects/drone-vajraakhasa/install/segmentation_node/share/segmentation_node
-- Up-to-date: /home/mobi/Projects/drone-vajraakhasa/install/segmentation_node/share/segmentation_node/publish_safety_point.launch.py
-- Up-to-date: /home/mobi/Projects/drone-vajraakhasa/install/segmentation_node/share/ament_index/resource_index/package_run_dependencies/segmentation_node
-- Up-to-date: /home/mobi/Projects/drone-vajraakhasa/install/segmentation_node/share/ament_index/resource_index/parent_prefix_path/segmentation_node
-- Up-to-date: /home/mobi/Projects/drone-vajraakhasa/install/segmentation_node/share/segmentation_node/environment/ament_prefix_path.sh
-- Installing: /home/mobi/Projects/drone-vajraakhasa/install/segmentation_node/share/segmentation_node/environment/ament_prefix_path.dsv
-- Up-to-date: /home/mobi/Projects/drone-vajraakhasa/install/segmentation_node/share/segmentation_node/environment/path.sh
-- Installing: /home/mobi/Projects/drone-vajraakhasa/install/segmentation_node/share/segmentation_node/environment/path.dsv
-- Up-to-date: /home/mobi/Projects/drone-vajraakhasa/install/segmentation_node/share/segmentation_node/local_setup.bash
-- Up-to-date: /home/mobi/Projects/drone-vajraakhasa/install/segmentation_node/share/segmentation_node/local_setup.sh
-- Up-to-date: /home/mobi/Projects/drone-vajraakhasa/install/segmentation_node/share/segmentation_node/local_setup.zsh
-- Installing: /home/mobi/Projects/drone-vajraakhasa/install/segmentation_node/share/segmentation_node/local_setup.dsv
-- Installing: /home/mobi/Projects/drone-vajraakhasa/install/segmentation_node/share/segmentation_node/package.dsv
-- Up-to-date: /home/mobi/Projects/drone-vajraakhasa/install/segmentation_node/share/ament_index/resource_index/packages/segmentation_node
-- Up-to-date: /home/mobi/Projects/drone-vajraakhasa/install/segmentation_node/share/segmentation_node/cmake/segmentation_nodeConfig.cmake
-- Up-to-date: /home/mobi/Projects/drone-vajraakhasa/install/segmentation_node/share/segmentation_node/cmake/segmentation_nodeConfig-version.cmake
-- Up-to-date: /home/mobi/Projects/drone-vajraakhasa/install/segmentation_node/share/segmentation_node/package.xml
