[0.172s] Invoking command in '/home/mobi/Projects/drone-vajraakhasa/build/segmentation_node': CMAKE_PREFIX_PATH=${CMAKE_PREFIX_PATH}:/home/mobi/Projects/drone-vajraakhasa/install/gng_node:/opt/ros/humble /usr/bin/cmake --build /home/mobi/Projects/drone-vajraakhasa/build/segmentation_node -- -j16 -l16
[0.204s] [35m[1mConsolidate compiler generated dependencies of target plane_segmentation_ransac[0m
[0.214s] [ 16%] Built target cloud_size_node
[0.217s] [ 33%] Built target cylinder_crop
[0.217s] [ 50%] Built target plane_segmentation_gng
[0.217s] [ 66%] Built target ddgng_node
[0.217s] [ 83%] Built target landing_circle
[0.224s] [ 91%] [32mBuilding CXX object CMakeFiles/plane_segmentation_ransac.dir/src/plane_segmentation_ransac.cpp.o[0m
[10.155s] [100%] [32m[1mLinking CXX executable plane_segmentation_ransac[0m
[11.796s] [100%] Built target plane_segmentation_ransac
[11.831s] Invoked command in '/home/mobi/Projects/drone-vajraakhasa/build/segmentation_node' returned '0': CMAKE_PREFIX_PATH=${CMAKE_PREFIX_PATH}:/home/mobi/Projects/drone-vajraakhasa/install/gng_node:/opt/ros/humble /usr/bin/cmake --build /home/mobi/Projects/drone-vajraakhasa/build/segmentation_node -- -j16 -l16
[11.832s] Invoking command in '/home/mobi/Projects/drone-vajraakhasa/build/segmentation_node': CMAKE_PREFIX_PATH=${CMAKE_PREFIX_PATH}:/home/mobi/Projects/drone-vajraakhasa/install/gng_node:/opt/ros/humble /usr/bin/cmake --install /home/mobi/Projects/drone-vajraakhasa/build/segmentation_node
[11.837s] -- Install configuration: ""
[11.837s] -- Up-to-date: /home/mobi/Projects/drone-vajraakhasa/install/segmentation_node/lib/segmentation_node/landing_circle
[11.837s] -- Up-to-date: /home/mobi/Projects/drone-vajraakhasa/install/segmentation_node/lib/segmentation_node/cylinder_crop
[11.837s] -- Up-to-date: /home/mobi/Projects/drone-vajraakhasa/install/segmentation_node/lib/segmentation_node/plane_segmentation_gng
[11.837s] -- Installing: /home/mobi/Projects/drone-vajraakhasa/install/segmentation_node/lib/segmentation_node/plane_segmentation_ransac
[11.841s] -- Set runtime path of "/home/mobi/Projects/drone-vajraakhasa/install/segmentation_node/lib/segmentation_node/plane_segmentation_ransac" to ""
[11.841s] -- Up-to-date: /home/mobi/Projects/drone-vajraakhasa/install/segmentation_node/lib/segmentation_node/ddgng_node
[11.841s] -- Up-to-date: /home/mobi/Projects/drone-vajraakhasa/install/segmentation_node/lib/segmentation_node/cloud_size_node
[11.841s] -- Up-to-date: /home/mobi/Projects/drone-vajraakhasa/install/segmentation_node/include
[11.841s] -- Up-to-date: /home/mobi/Projects/drone-vajraakhasa/install/segmentation_node/include/segmentation_node
[11.841s] -- Up-to-date: /home/mobi/Projects/drone-vajraakhasa/install/segmentation_node/include/segmentation_node/plane_segmentation_gng.hpp
[11.841s] -- Up-to-date: /home/mobi/Projects/drone-vajraakhasa/install/segmentation_node/include/segmentation_node/landing_circle.hpp
[11.841s] -- Up-to-date: /home/mobi/Projects/drone-vajraakhasa/install/segmentation_node/include/segmentation_node/ddgng.hpp
[11.841s] -- Up-to-date: /home/mobi/Projects/drone-vajraakhasa/install/segmentation_node/share/segmentation_node
[11.841s] -- Up-to-date: /home/mobi/Projects/drone-vajraakhasa/install/segmentation_node/share/segmentation_node/publish_safety_point.launch.py
[11.841s] -- Up-to-date: /home/mobi/Projects/drone-vajraakhasa/install/segmentation_node/share/ament_index/resource_index/package_run_dependencies/segmentation_node
[11.841s] -- Up-to-date: /home/mobi/Projects/drone-vajraakhasa/install/segmentation_node/share/ament_index/resource_index/parent_prefix_path/segmentation_node
[11.841s] -- Up-to-date: /home/mobi/Projects/drone-vajraakhasa/install/segmentation_node/share/segmentation_node/environment/ament_prefix_path.sh
[11.841s] -- Up-to-date: /home/mobi/Projects/drone-vajraakhasa/install/segmentation_node/share/segmentation_node/environment/ament_prefix_path.dsv
[11.841s] -- Up-to-date: /home/mobi/Projects/drone-vajraakhasa/install/segmentation_node/share/segmentation_node/environment/path.sh
[11.841s] -- Up-to-date: /home/mobi/Projects/drone-vajraakhasa/install/segmentation_node/share/segmentation_node/environment/path.dsv
[11.842s] -- Up-to-date: /home/mobi/Projects/drone-vajraakhasa/install/segmentation_node/share/segmentation_node/local_setup.bash
[11.842s] -- Up-to-date: /home/mobi/Projects/drone-vajraakhasa/install/segmentation_node/share/segmentation_node/local_setup.sh
[11.842s] -- Up-to-date: /home/mobi/Projects/drone-vajraakhasa/install/segmentation_node/share/segmentation_node/local_setup.zsh
[11.842s] -- Up-to-date: /home/mobi/Projects/drone-vajraakhasa/install/segmentation_node/share/segmentation_node/local_setup.dsv
[11.842s] -- Installing: /home/mobi/Projects/drone-vajraakhasa/install/segmentation_node/share/segmentation_node/package.dsv
[11.842s] -- Up-to-date: /home/mobi/Projects/drone-vajraakhasa/install/segmentation_node/share/ament_index/resource_index/packages/segmentation_node
[11.842s] -- Up-to-date: /home/mobi/Projects/drone-vajraakhasa/install/segmentation_node/share/segmentation_node/cmake/segmentation_nodeConfig.cmake
[11.842s] -- Up-to-date: /home/mobi/Projects/drone-vajraakhasa/install/segmentation_node/share/segmentation_node/cmake/segmentation_nodeConfig-version.cmake
[11.842s] -- Up-to-date: /home/mobi/Projects/drone-vajraakhasa/install/segmentation_node/share/segmentation_node/package.xml
[11.843s] Invoked command in '/home/mobi/Projects/drone-vajraakhasa/build/segmentation_node' returned '0': CMAKE_PREFIX_PATH=${CMAKE_PREFIX_PATH}:/home/mobi/Projects/drone-vajraakhasa/install/gng_node:/opt/ros/humble /usr/bin/cmake --install /home/mobi/Projects/drone-vajraakhasa/build/segmentation_node
