[0.076s] DEBUG:colcon:Command line arguments: ['/usr/bin/colcon', 'build']
[0.076s] DEBUG:colcon:Parsed command line arguments: Namespace(log_base=None, log_level=None, verb_name='build', build_base='build', install_base='install', merge_install=False, symlink_install=False, test_result_base=None, continue_on_error=False, executor='parallel', parallel_workers=16, event_handlers=None, ignore_user_meta=False, metas=['./colcon.meta'], base_paths=['.'], packages_ignore=None, packages_ignore_regex=None, paths=None, packages_up_to=None, packages_up_to_regex=None, packages_above=None, packages_above_and_dependencies=None, packages_above_depth=None, packages_select_by_dep=None, packages_skip_by_dep=None, packages_skip_up_to=None, packages_select_build_failed=False, packages_skip_build_finished=False, packages_select_test_failures=False, packages_skip_test_passed=False, packages_select=None, packages_skip=None, packages_select_regex=None, packages_skip_regex=None, packages_start=None, packages_end=None, allow_overriding=[], cmake_args=None, cmake_target=None, cmake_target_skip_unavailable=False, cmake_clean_cache=False, cmake_clean_first=False, cmake_force_configure=False, ament_cmake_args=None, catkin_cmake_args=None, catkin_skip_building_tests=False, mixin_files=None, mixin=None, verb_parser=<colcon_mixin.mixin.mixin_argument.MixinArgumentDecorator object at 0x73a1593a12a0>, verb_extension=<colcon_core.verb.build.BuildVerb object at 0x73a15931ae00>, main=<bound method BuildVerb.main of <colcon_core.verb.build.BuildVerb object at 0x73a15931ae00>>, mixin_verb=('build',))
[0.101s] Level 1:colcon.colcon_core.package_discovery:discover_packages(colcon_meta) check parameters
[0.101s] Level 1:colcon.colcon_core.package_discovery:discover_packages(recursive) check parameters
[0.101s] Level 1:colcon.colcon_core.package_discovery:discover_packages(ignore) check parameters
[0.101s] Level 1:colcon.colcon_core.package_discovery:discover_packages(path) check parameters
[0.101s] Level 1:colcon.colcon_core.package_discovery:discover_packages(colcon_meta) discover
[0.101s] Level 1:colcon.colcon_core.package_discovery:discover_packages(recursive) discover
[0.101s] INFO:colcon.colcon_core.package_discovery:Crawling recursively for packages in '/home/mobi/Projects/drone-vajraakhasa'
[0.102s] Level 1:colcon.colcon_core.package_identification:_identify(.) by extensions ['ignore', 'ignore_ament_install']
[0.102s] Level 1:colcon.colcon_core.package_identification:_identify(.) by extension 'ignore'
[0.102s] Level 1:colcon.colcon_core.package_identification:_identify(.) by extension 'ignore_ament_install'
[0.102s] Level 1:colcon.colcon_core.package_identification:_identify(.) by extensions ['colcon_pkg']
[0.102s] Level 1:colcon.colcon_core.package_identification:_identify(.) by extension 'colcon_pkg'
[0.102s] Level 1:colcon.colcon_core.package_identification:_identify(.) by extensions ['colcon_meta']
[0.102s] Level 1:colcon.colcon_core.package_identification:_identify(.) by extension 'colcon_meta'
[0.102s] Level 1:colcon.colcon_core.package_identification:_identify(.) by extensions ['ros']
[0.102s] Level 1:colcon.colcon_core.package_identification:_identify(.) by extension 'ros'
[0.112s] Level 1:colcon.colcon_core.package_identification:_identify(.) by extensions ['cmake', 'python']
[0.112s] Level 1:colcon.colcon_core.package_identification:_identify(.) by extension 'cmake'
[0.112s] Level 1:colcon.colcon_core.package_identification:_identify(.) by extension 'python'
[0.112s] Level 1:colcon.colcon_core.package_identification:_identify(.) by extensions ['python_setup_py']
[0.112s] Level 1:colcon.colcon_core.package_identification:_identify(.) by extension 'python_setup_py'
[0.112s] Level 1:colcon.colcon_core.package_identification:_identify(build) by extensions ['ignore', 'ignore_ament_install']
[0.112s] Level 1:colcon.colcon_core.package_identification:_identify(build) by extension 'ignore'
[0.112s] Level 1:colcon.colcon_core.package_identification:_identify(build) ignored
[0.112s] Level 1:colcon.colcon_core.package_identification:_identify(install) by extensions ['ignore', 'ignore_ament_install']
[0.112s] Level 1:colcon.colcon_core.package_identification:_identify(install) by extension 'ignore'
[0.112s] Level 1:colcon.colcon_core.package_identification:_identify(install) ignored
[0.112s] Level 1:colcon.colcon_core.package_identification:_identify(log) by extensions ['ignore', 'ignore_ament_install']
[0.112s] Level 1:colcon.colcon_core.package_identification:_identify(log) by extension 'ignore'
[0.112s] Level 1:colcon.colcon_core.package_identification:_identify(log) ignored
[0.112s] Level 1:colcon.colcon_core.package_identification:_identify(src) by extensions ['ignore', 'ignore_ament_install']
[0.113s] Level 1:colcon.colcon_core.package_identification:_identify(src) by extension 'ignore'
[0.113s] Level 1:colcon.colcon_core.package_identification:_identify(src) by extension 'ignore_ament_install'
[0.113s] Level 1:colcon.colcon_core.package_identification:_identify(src) by extensions ['colcon_pkg']
[0.113s] Level 1:colcon.colcon_core.package_identification:_identify(src) by extension 'colcon_pkg'
[0.113s] Level 1:colcon.colcon_core.package_identification:_identify(src) by extensions ['colcon_meta']
[0.113s] Level 1:colcon.colcon_core.package_identification:_identify(src) by extension 'colcon_meta'
[0.113s] Level 1:colcon.colcon_core.package_identification:_identify(src) by extensions ['ros']
[0.113s] Level 1:colcon.colcon_core.package_identification:_identify(src) by extension 'ros'
[0.113s] Level 1:colcon.colcon_core.package_identification:_identify(src) by extensions ['cmake', 'python']
[0.113s] Level 1:colcon.colcon_core.package_identification:_identify(src) by extension 'cmake'
[0.113s] Level 1:colcon.colcon_core.package_identification:_identify(src) by extension 'python'
[0.113s] Level 1:colcon.colcon_core.package_identification:_identify(src) by extensions ['python_setup_py']
[0.113s] Level 1:colcon.colcon_core.package_identification:_identify(src) by extension 'python_setup_py'
[0.113s] Level 1:colcon.colcon_core.package_identification:_identify(src/gng_node) by extensions ['ignore', 'ignore_ament_install']
[0.113s] Level 1:colcon.colcon_core.package_identification:_identify(src/gng_node) by extension 'ignore'
[0.113s] Level 1:colcon.colcon_core.package_identification:_identify(src/gng_node) by extension 'ignore_ament_install'
[0.113s] Level 1:colcon.colcon_core.package_identification:_identify(src/gng_node) by extensions ['colcon_pkg']
[0.113s] Level 1:colcon.colcon_core.package_identification:_identify(src/gng_node) by extension 'colcon_pkg'
[0.113s] Level 1:colcon.colcon_core.package_identification:_identify(src/gng_node) by extensions ['colcon_meta']
[0.113s] Level 1:colcon.colcon_core.package_identification:_identify(src/gng_node) by extension 'colcon_meta'
[0.113s] Level 1:colcon.colcon_core.package_identification:_identify(src/gng_node) by extensions ['ros']
[0.113s] Level 1:colcon.colcon_core.package_identification:_identify(src/gng_node) by extension 'ros'
[0.115s] DEBUG:colcon.colcon_core.package_identification:Package 'src/gng_node' with type 'ros.ament_python' and name 'gng_node'
[0.115s] Level 1:colcon.colcon_core.package_identification:_identify(src/offboard_control) by extensions ['ignore', 'ignore_ament_install']
[0.115s] Level 1:colcon.colcon_core.package_identification:_identify(src/offboard_control) by extension 'ignore'
[0.115s] Level 1:colcon.colcon_core.package_identification:_identify(src/offboard_control) by extension 'ignore_ament_install'
[0.115s] Level 1:colcon.colcon_core.package_identification:_identify(src/offboard_control) by extensions ['colcon_pkg']
[0.115s] Level 1:colcon.colcon_core.package_identification:_identify(src/offboard_control) by extension 'colcon_pkg'
[0.115s] Level 1:colcon.colcon_core.package_identification:_identify(src/offboard_control) by extensions ['colcon_meta']
[0.115s] Level 1:colcon.colcon_core.package_identification:_identify(src/offboard_control) by extension 'colcon_meta'
[0.115s] Level 1:colcon.colcon_core.package_identification:_identify(src/offboard_control) by extensions ['ros']
[0.115s] Level 1:colcon.colcon_core.package_identification:_identify(src/offboard_control) by extension 'ros'
[0.116s] DEBUG:colcon.colcon_core.package_identification:Package 'src/offboard_control' with type 'ros.ament_cmake' and name 'offboard_control'
[0.116s] Level 1:colcon.colcon_core.package_identification:_identify(src/px4_msgs) by extensions ['ignore', 'ignore_ament_install']
[0.116s] Level 1:colcon.colcon_core.package_identification:_identify(src/px4_msgs) by extension 'ignore'
[0.116s] Level 1:colcon.colcon_core.package_identification:_identify(src/px4_msgs) by extension 'ignore_ament_install'
[0.116s] Level 1:colcon.colcon_core.package_identification:_identify(src/px4_msgs) by extensions ['colcon_pkg']
[0.116s] Level 1:colcon.colcon_core.package_identification:_identify(src/px4_msgs) by extension 'colcon_pkg'
[0.116s] Level 1:colcon.colcon_core.package_identification:_identify(src/px4_msgs) by extensions ['colcon_meta']
[0.116s] Level 1:colcon.colcon_core.package_identification:_identify(src/px4_msgs) by extension 'colcon_meta'
[0.116s] Level 1:colcon.colcon_core.package_identification:_identify(src/px4_msgs) by extensions ['ros']
[0.116s] Level 1:colcon.colcon_core.package_identification:_identify(src/px4_msgs) by extension 'ros'
[0.116s] DEBUG:colcon.colcon_core.package_identification:Package 'src/px4_msgs' with type 'ros.ament_cmake' and name 'px4_msgs'
[0.116s] Level 1:colcon.colcon_core.package_identification:_identify(src/segmentation_node) by extensions ['ignore', 'ignore_ament_install']
[0.117s] Level 1:colcon.colcon_core.package_identification:_identify(src/segmentation_node) by extension 'ignore'
[0.117s] Level 1:colcon.colcon_core.package_identification:_identify(src/segmentation_node) by extension 'ignore_ament_install'
[0.117s] Level 1:colcon.colcon_core.package_identification:_identify(src/segmentation_node) by extensions ['colcon_pkg']
[0.117s] Level 1:colcon.colcon_core.package_identification:_identify(src/segmentation_node) by extension 'colcon_pkg'
[0.117s] Level 1:colcon.colcon_core.package_identification:_identify(src/segmentation_node) by extensions ['colcon_meta']
[0.117s] Level 1:colcon.colcon_core.package_identification:_identify(src/segmentation_node) by extension 'colcon_meta'
[0.117s] Level 1:colcon.colcon_core.package_identification:_identify(src/segmentation_node) by extensions ['ros']
[0.117s] Level 1:colcon.colcon_core.package_identification:_identify(src/segmentation_node) by extension 'ros'
[0.117s] DEBUG:colcon.colcon_core.package_identification:Package 'src/segmentation_node' with type 'ros.ament_cmake' and name 'segmentation_node'
[0.117s] Level 1:colcon.colcon_core.package_discovery:discover_packages(recursive) using defaults
[0.117s] Level 1:colcon.colcon_core.package_discovery:discover_packages(ignore) discover
[0.117s] Level 1:colcon.colcon_core.package_discovery:discover_packages(ignore) using defaults
[0.117s] Level 1:colcon.colcon_core.package_discovery:discover_packages(path) discover
[0.117s] Level 1:colcon.colcon_core.package_discovery:discover_packages(path) using defaults
[0.132s] Level 1:colcon.colcon_core.package_discovery:discover_packages(prefix_path) check parameters
[0.132s] Level 1:colcon.colcon_core.package_discovery:discover_packages(prefix_path) discover
[0.134s] DEBUG:colcon.colcon_installed_package_information.package_discovery:Found 4 installed packages in /home/mobi/Projects/drone-vajraakhasa/install
[0.134s] DEBUG:colcon.colcon_installed_package_information.package_discovery:Found 4 installed packages in /home/mobi/Zedcam_ws/install
[0.135s] DEBUG:colcon.colcon_installed_package_information.package_discovery:Found 395 installed packages in /opt/ros/humble
[0.136s] Level 1:colcon.colcon_core.package_discovery:discover_packages(prefix_path) using defaults
[0.167s] Level 5:colcon.colcon_core.verb:set package 'gng_node' build argument 'cmake_args' from command line to 'None'
[0.167s] Level 5:colcon.colcon_core.verb:set package 'gng_node' build argument 'cmake_target' from command line to 'None'
[0.167s] Level 5:colcon.colcon_core.verb:set package 'gng_node' build argument 'cmake_target_skip_unavailable' from command line to 'False'
[0.167s] Level 5:colcon.colcon_core.verb:set package 'gng_node' build argument 'cmake_clean_cache' from command line to 'False'
[0.167s] Level 5:colcon.colcon_core.verb:set package 'gng_node' build argument 'cmake_clean_first' from command line to 'False'
[0.167s] Level 5:colcon.colcon_core.verb:set package 'gng_node' build argument 'cmake_force_configure' from command line to 'False'
[0.167s] Level 5:colcon.colcon_core.verb:set package 'gng_node' build argument 'ament_cmake_args' from command line to 'None'
[0.167s] Level 5:colcon.colcon_core.verb:set package 'gng_node' build argument 'catkin_cmake_args' from command line to 'None'
[0.167s] Level 5:colcon.colcon_core.verb:set package 'gng_node' build argument 'catkin_skip_building_tests' from command line to 'False'
[0.167s] DEBUG:colcon.colcon_core.verb:Building package 'gng_node' with the following arguments: {'ament_cmake_args': None, 'build_base': '/home/mobi/Projects/drone-vajraakhasa/build/gng_node', 'catkin_cmake_args': None, 'catkin_skip_building_tests': False, 'cmake_args': None, 'cmake_clean_cache': False, 'cmake_clean_first': False, 'cmake_force_configure': False, 'cmake_target': None, 'cmake_target_skip_unavailable': False, 'install_base': '/home/mobi/Projects/drone-vajraakhasa/install/gng_node', 'merge_install': False, 'path': '/home/mobi/Projects/drone-vajraakhasa/src/gng_node', 'symlink_install': False, 'test_result_base': None}
[0.167s] Level 5:colcon.colcon_core.verb:set package 'px4_msgs' build argument 'cmake_args' from command line to 'None'
[0.167s] Level 5:colcon.colcon_core.verb:set package 'px4_msgs' build argument 'cmake_target' from command line to 'None'
[0.167s] Level 5:colcon.colcon_core.verb:set package 'px4_msgs' build argument 'cmake_target_skip_unavailable' from command line to 'False'
[0.167s] Level 5:colcon.colcon_core.verb:set package 'px4_msgs' build argument 'cmake_clean_cache' from command line to 'False'
[0.167s] Level 5:colcon.colcon_core.verb:set package 'px4_msgs' build argument 'cmake_clean_first' from command line to 'False'
[0.167s] Level 5:colcon.colcon_core.verb:set package 'px4_msgs' build argument 'cmake_force_configure' from command line to 'False'
[0.167s] Level 5:colcon.colcon_core.verb:set package 'px4_msgs' build argument 'ament_cmake_args' from command line to 'None'
[0.167s] Level 5:colcon.colcon_core.verb:set package 'px4_msgs' build argument 'catkin_cmake_args' from command line to 'None'
[0.167s] Level 5:colcon.colcon_core.verb:set package 'px4_msgs' build argument 'catkin_skip_building_tests' from command line to 'False'
[0.167s] DEBUG:colcon.colcon_core.verb:Building package 'px4_msgs' with the following arguments: {'ament_cmake_args': None, 'build_base': '/home/mobi/Projects/drone-vajraakhasa/build/px4_msgs', 'catkin_cmake_args': None, 'catkin_skip_building_tests': False, 'cmake_args': None, 'cmake_clean_cache': False, 'cmake_clean_first': False, 'cmake_force_configure': False, 'cmake_target': None, 'cmake_target_skip_unavailable': False, 'install_base': '/home/mobi/Projects/drone-vajraakhasa/install/px4_msgs', 'merge_install': False, 'path': '/home/mobi/Projects/drone-vajraakhasa/src/px4_msgs', 'symlink_install': False, 'test_result_base': None}
[0.167s] Level 5:colcon.colcon_core.verb:set package 'segmentation_node' build argument 'cmake_args' from command line to 'None'
[0.167s] Level 5:colcon.colcon_core.verb:set package 'segmentation_node' build argument 'cmake_target' from command line to 'None'
[0.167s] Level 5:colcon.colcon_core.verb:set package 'segmentation_node' build argument 'cmake_target_skip_unavailable' from command line to 'False'
[0.167s] Level 5:colcon.colcon_core.verb:set package 'segmentation_node' build argument 'cmake_clean_cache' from command line to 'False'
[0.167s] Level 5:colcon.colcon_core.verb:set package 'segmentation_node' build argument 'cmake_clean_first' from command line to 'False'
[0.167s] Level 5:colcon.colcon_core.verb:set package 'segmentation_node' build argument 'cmake_force_configure' from command line to 'False'
[0.168s] Level 5:colcon.colcon_core.verb:set package 'segmentation_node' build argument 'ament_cmake_args' from command line to 'None'
[0.168s] Level 5:colcon.colcon_core.verb:set package 'segmentation_node' build argument 'catkin_cmake_args' from command line to 'None'
[0.168s] Level 5:colcon.colcon_core.verb:set package 'segmentation_node' build argument 'catkin_skip_building_tests' from command line to 'False'
[0.168s] DEBUG:colcon.colcon_core.verb:Building package 'segmentation_node' with the following arguments: {'ament_cmake_args': None, 'build_base': '/home/mobi/Projects/drone-vajraakhasa/build/segmentation_node', 'catkin_cmake_args': None, 'catkin_skip_building_tests': False, 'cmake_args': None, 'cmake_clean_cache': False, 'cmake_clean_first': False, 'cmake_force_configure': False, 'cmake_target': None, 'cmake_target_skip_unavailable': False, 'install_base': '/home/mobi/Projects/drone-vajraakhasa/install/segmentation_node', 'merge_install': False, 'path': '/home/mobi/Projects/drone-vajraakhasa/src/segmentation_node', 'symlink_install': False, 'test_result_base': None}
[0.168s] Level 5:colcon.colcon_core.verb:set package 'offboard_control' build argument 'cmake_args' from command line to 'None'
[0.168s] Level 5:colcon.colcon_core.verb:set package 'offboard_control' build argument 'cmake_target' from command line to 'None'
[0.168s] Level 5:colcon.colcon_core.verb:set package 'offboard_control' build argument 'cmake_target_skip_unavailable' from command line to 'False'
[0.168s] Level 5:colcon.colcon_core.verb:set package 'offboard_control' build argument 'cmake_clean_cache' from command line to 'False'
[0.168s] Level 5:colcon.colcon_core.verb:set package 'offboard_control' build argument 'cmake_clean_first' from command line to 'False'
[0.168s] Level 5:colcon.colcon_core.verb:set package 'offboard_control' build argument 'cmake_force_configure' from command line to 'False'
[0.168s] Level 5:colcon.colcon_core.verb:set package 'offboard_control' build argument 'ament_cmake_args' from command line to 'None'
[0.168s] Level 5:colcon.colcon_core.verb:set package 'offboard_control' build argument 'catkin_cmake_args' from command line to 'None'
[0.168s] Level 5:colcon.colcon_core.verb:set package 'offboard_control' build argument 'catkin_skip_building_tests' from command line to 'False'
[0.168s] DEBUG:colcon.colcon_core.verb:Building package 'offboard_control' with the following arguments: {'ament_cmake_args': None, 'build_base': '/home/mobi/Projects/drone-vajraakhasa/build/offboard_control', 'catkin_cmake_args': None, 'catkin_skip_building_tests': False, 'cmake_args': None, 'cmake_clean_cache': False, 'cmake_clean_first': False, 'cmake_force_configure': False, 'cmake_target': None, 'cmake_target_skip_unavailable': False, 'install_base': '/home/mobi/Projects/drone-vajraakhasa/install/offboard_control', 'merge_install': False, 'path': '/home/mobi/Projects/drone-vajraakhasa/src/offboard_control', 'symlink_install': False, 'test_result_base': None}
[0.168s] INFO:colcon.colcon_core.executor:Executing jobs using 'parallel' executor
[0.169s] DEBUG:colcon.colcon_parallel_executor.executor.parallel:run_until_complete
[0.169s] INFO:colcon.colcon_ros.task.ament_cmake.build:Building ROS package in '/home/mobi/Projects/drone-vajraakhasa/src/px4_msgs' with build type 'ament_cmake'
[0.169s] INFO:colcon.colcon_cmake.task.cmake.build:Building CMake package in '/home/mobi/Projects/drone-vajraakhasa/src/px4_msgs'
[0.171s] INFO:colcon.colcon_core.plugin_system:Skipping extension 'colcon_core.shell.bat': Not used on non-Windows systems
[0.171s] INFO:colcon.colcon_core.shell:Skip shell extension 'powershell' for command environment: Not usable outside of PowerShell
[0.171s] DEBUG:colcon.colcon_core.shell:Skip shell extension 'dsv' for command environment
[0.174s] INFO:colcon.colcon_ros.task.ament_python.build:Building ROS package in '/home/mobi/Projects/drone-vajraakhasa/src/gng_node' with build type 'ament_python'
[0.174s] Level 1:colcon.colcon_core.shell:create_environment_hook('gng_node', 'ament_prefix_path')
[0.174s] INFO:colcon.colcon_core.shell:Creating environment hook '/home/mobi/Projects/drone-vajraakhasa/install/gng_node/share/gng_node/hook/ament_prefix_path.ps1'
[0.175s] INFO:colcon.colcon_core.shell:Creating environment descriptor '/home/mobi/Projects/drone-vajraakhasa/install/gng_node/share/gng_node/hook/ament_prefix_path.dsv'
[0.175s] INFO:colcon.colcon_core.shell:Creating environment hook '/home/mobi/Projects/drone-vajraakhasa/install/gng_node/share/gng_node/hook/ament_prefix_path.sh'
[0.175s] INFO:colcon.colcon_core.shell:Skip shell extension 'powershell' for command environment: Not usable outside of PowerShell
[0.175s] DEBUG:colcon.colcon_core.shell:Skip shell extension 'dsv' for command environment
[0.178s] INFO:colcon.colcon_ros.task.ament_cmake.build:Building ROS package in '/home/mobi/Projects/drone-vajraakhasa/src/segmentation_node' with build type 'ament_cmake'
[0.178s] INFO:colcon.colcon_cmake.task.cmake.build:Building CMake package in '/home/mobi/Projects/drone-vajraakhasa/src/segmentation_node'
[0.178s] INFO:colcon.colcon_core.shell:Skip shell extension 'powershell' for command environment: Not usable outside of PowerShell
[0.178s] DEBUG:colcon.colcon_core.shell:Skip shell extension 'dsv' for command environment
[0.183s] DEBUG:colcon.colcon_core.event_handler.log_command:Invoking command in '/home/mobi/Projects/drone-vajraakhasa/build/px4_msgs': CMAKE_PREFIX_PATH=${CMAKE_PREFIX_PATH}:/home/mobi/Projects/drone-vajraakhasa/install/gng_node:/opt/ros/humble /usr/bin/cmake --build /home/mobi/Projects/drone-vajraakhasa/build/px4_msgs -- -j16 -l16
[0.344s] INFO:colcon.colcon_core.task.python.build:Building Python package in '/home/mobi/Projects/drone-vajraakhasa/src/gng_node'
[0.345s] INFO:colcon.colcon_core.shell:Skip shell extension 'powershell' for command environment: Not usable outside of PowerShell
[0.345s] DEBUG:colcon.colcon_core.shell:Skip shell extension 'dsv' for command environment
[0.353s] DEBUG:colcon.colcon_core.event_handler.log_command:Invoking command in '/home/mobi/Projects/drone-vajraakhasa/build/segmentation_node': CMAKE_PREFIX_PATH=${CMAKE_PREFIX_PATH}:/home/mobi/Projects/drone-vajraakhasa/install/gng_node:/opt/ros/humble /usr/bin/cmake --build /home/mobi/Projects/drone-vajraakhasa/build/segmentation_node -- -j16 -l16
[0.403s] DEBUG:colcon.colcon_core.event_handler.log_command:Invoked command in '/home/mobi/Projects/drone-vajraakhasa/build/segmentation_node' returned '0': CMAKE_PREFIX_PATH=${CMAKE_PREFIX_PATH}:/home/mobi/Projects/drone-vajraakhasa/install/gng_node:/opt/ros/humble /usr/bin/cmake --build /home/mobi/Projects/drone-vajraakhasa/build/segmentation_node -- -j16 -l16
[0.409s] DEBUG:colcon.colcon_core.event_handler.log_command:Invoking command in '/home/mobi/Projects/drone-vajraakhasa/build/segmentation_node': CMAKE_PREFIX_PATH=${CMAKE_PREFIX_PATH}:/home/mobi/Projects/drone-vajraakhasa/install/gng_node:/opt/ros/humble /usr/bin/cmake --install /home/mobi/Projects/drone-vajraakhasa/build/segmentation_node
[0.419s] Level 1:colcon.colcon_core.environment:create_environment_scripts_only(segmentation_node)
[0.420s] DEBUG:colcon.colcon_core.event_handler.log_command:Invoked command in '/home/mobi/Projects/drone-vajraakhasa/build/segmentation_node' returned '0': CMAKE_PREFIX_PATH=${CMAKE_PREFIX_PATH}:/home/mobi/Projects/drone-vajraakhasa/install/gng_node:/opt/ros/humble /usr/bin/cmake --install /home/mobi/Projects/drone-vajraakhasa/build/segmentation_node
[0.421s] Level 1:colcon.colcon_core.environment:checking '/home/mobi/Projects/drone-vajraakhasa/install/segmentation_node' for CMake module files
[0.421s] Level 1:colcon.colcon_core.environment:checking '/home/mobi/Projects/drone-vajraakhasa/install/segmentation_node' for CMake config files
[0.421s] Level 1:colcon.colcon_core.shell:create_environment_hook('segmentation_node', 'cmake_prefix_path')
[0.421s] INFO:colcon.colcon_core.shell:Creating environment hook '/home/mobi/Projects/drone-vajraakhasa/install/segmentation_node/share/segmentation_node/hook/cmake_prefix_path.ps1'
[0.422s] INFO:colcon.colcon_core.shell:Creating environment descriptor '/home/mobi/Projects/drone-vajraakhasa/install/segmentation_node/share/segmentation_node/hook/cmake_prefix_path.dsv'
[0.422s] INFO:colcon.colcon_core.shell:Creating environment hook '/home/mobi/Projects/drone-vajraakhasa/install/segmentation_node/share/segmentation_node/hook/cmake_prefix_path.sh'
[0.423s] Level 1:colcon.colcon_core.environment:checking '/home/mobi/Projects/drone-vajraakhasa/install/segmentation_node/lib'
[0.423s] Level 1:colcon.colcon_core.environment:checking '/home/mobi/Projects/drone-vajraakhasa/install/segmentation_node/bin'
[0.423s] Level 1:colcon.colcon_core.environment:checking '/home/mobi/Projects/drone-vajraakhasa/install/segmentation_node/lib/pkgconfig/segmentation_node.pc'
[0.423s] Level 1:colcon.colcon_core.environment:checking '/home/mobi/Projects/drone-vajraakhasa/install/segmentation_node/lib/python3.10/site-packages'
[0.423s] Level 1:colcon.colcon_core.environment:checking '/home/mobi/Projects/drone-vajraakhasa/install/segmentation_node/bin'
[0.424s] INFO:colcon.colcon_core.shell:Creating package script '/home/mobi/Projects/drone-vajraakhasa/install/segmentation_node/share/segmentation_node/package.ps1'
[0.424s] INFO:colcon.colcon_core.shell:Creating package descriptor '/home/mobi/Projects/drone-vajraakhasa/install/segmentation_node/share/segmentation_node/package.dsv'
[0.424s] INFO:colcon.colcon_core.shell:Creating package script '/home/mobi/Projects/drone-vajraakhasa/install/segmentation_node/share/segmentation_node/package.sh'
[0.425s] INFO:colcon.colcon_core.shell:Creating package script '/home/mobi/Projects/drone-vajraakhasa/install/segmentation_node/share/segmentation_node/package.bash'
[0.425s] INFO:colcon.colcon_core.shell:Creating package script '/home/mobi/Projects/drone-vajraakhasa/install/segmentation_node/share/segmentation_node/package.zsh'
[0.426s] Level 1:colcon.colcon_core.environment:create_file_with_runtime_dependencies(/home/mobi/Projects/drone-vajraakhasa/install/segmentation_node/share/colcon-core/packages/segmentation_node)
[0.433s] Level 1:colcon.colcon_core.environment:create_environment_scripts_only(segmentation_node)
[0.433s] Level 1:colcon.colcon_core.environment:checking '/home/mobi/Projects/drone-vajraakhasa/install/segmentation_node' for CMake module files
[0.434s] Level 1:colcon.colcon_core.environment:checking '/home/mobi/Projects/drone-vajraakhasa/install/segmentation_node' for CMake config files
[0.434s] Level 1:colcon.colcon_core.shell:create_environment_hook('segmentation_node', 'cmake_prefix_path')
[0.434s] INFO:colcon.colcon_core.shell:Creating environment hook '/home/mobi/Projects/drone-vajraakhasa/install/segmentation_node/share/segmentation_node/hook/cmake_prefix_path.ps1'
[0.435s] INFO:colcon.colcon_core.shell:Creating environment descriptor '/home/mobi/Projects/drone-vajraakhasa/install/segmentation_node/share/segmentation_node/hook/cmake_prefix_path.dsv'
[0.435s] INFO:colcon.colcon_core.shell:Creating environment hook '/home/mobi/Projects/drone-vajraakhasa/install/segmentation_node/share/segmentation_node/hook/cmake_prefix_path.sh'
[0.435s] Level 1:colcon.colcon_core.environment:checking '/home/mobi/Projects/drone-vajraakhasa/install/segmentation_node/lib'
[0.435s] Level 1:colcon.colcon_core.environment:checking '/home/mobi/Projects/drone-vajraakhasa/install/segmentation_node/bin'
[0.435s] Level 1:colcon.colcon_core.environment:checking '/home/mobi/Projects/drone-vajraakhasa/install/segmentation_node/lib/pkgconfig/segmentation_node.pc'
[0.435s] Level 1:colcon.colcon_core.environment:checking '/home/mobi/Projects/drone-vajraakhasa/install/segmentation_node/lib/python3.10/site-packages'
[0.436s] Level 1:colcon.colcon_core.environment:checking '/home/mobi/Projects/drone-vajraakhasa/install/segmentation_node/bin'
[0.436s] INFO:colcon.colcon_core.shell:Creating package script '/home/mobi/Projects/drone-vajraakhasa/install/segmentation_node/share/segmentation_node/package.ps1'
[0.436s] INFO:colcon.colcon_core.shell:Creating package descriptor '/home/mobi/Projects/drone-vajraakhasa/install/segmentation_node/share/segmentation_node/package.dsv'
[0.436s] INFO:colcon.colcon_core.shell:Creating package script '/home/mobi/Projects/drone-vajraakhasa/install/segmentation_node/share/segmentation_node/package.sh'
[0.437s] INFO:colcon.colcon_core.shell:Creating package script '/home/mobi/Projects/drone-vajraakhasa/install/segmentation_node/share/segmentation_node/package.bash'
[0.437s] INFO:colcon.colcon_core.shell:Creating package script '/home/mobi/Projects/drone-vajraakhasa/install/segmentation_node/share/segmentation_node/package.zsh'
[0.437s] Level 1:colcon.colcon_core.environment:create_file_with_runtime_dependencies(/home/mobi/Projects/drone-vajraakhasa/install/segmentation_node/share/colcon-core/packages/segmentation_node)
[0.825s] DEBUG:colcon.colcon_core.event_handler.log_command:Invoked command in '/home/mobi/Projects/drone-vajraakhasa/build/px4_msgs' returned '0': CMAKE_PREFIX_PATH=${CMAKE_PREFIX_PATH}:/home/mobi/Projects/drone-vajraakhasa/install/gng_node:/opt/ros/humble /usr/bin/cmake --build /home/mobi/Projects/drone-vajraakhasa/build/px4_msgs -- -j16 -l16
[0.827s] DEBUG:colcon.colcon_core.event_handler.log_command:Invoking command in '/home/mobi/Projects/drone-vajraakhasa/build/px4_msgs': CMAKE_PREFIX_PATH=${CMAKE_PREFIX_PATH}:/home/mobi/Projects/drone-vajraakhasa/install/gng_node:/opt/ros/humble /usr/bin/cmake --install /home/mobi/Projects/drone-vajraakhasa/build/px4_msgs
[1.056s] DEBUG:colcon.colcon_core.event_handler.log_command:Invoking command in '/home/mobi/Projects/drone-vajraakhasa/src/gng_node': PYTHONPATH=/home/mobi/Projects/drone-vajraakhasa/build/gng_node/prefix_override:/usr/lib/python3/dist-packages/colcon_core/task/python/colcon_distutils_commands:/home/mobi/Projects/drone-vajraakhasa/install/gng_node/lib/python3.10/site-packages:${PYTHONPATH} /usr/bin/python3 -W ignore:setup.py install is deprecated -W ignore:easy_install command is deprecated setup.py egg_info --egg-base ../../build/gng_node build --build-base /home/mobi/Projects/drone-vajraakhasa/build/gng_node/build install --record /home/mobi/Projects/drone-vajraakhasa/build/gng_node/install.log --single-version-externally-managed install_data
[1.138s] Level 1:colcon.colcon_core.environment:create_environment_scripts_only(px4_msgs)
[1.138s] Level 1:colcon.colcon_core.environment:checking '/home/mobi/Projects/drone-vajraakhasa/install/px4_msgs' for CMake module files
[1.138s] DEBUG:colcon.colcon_core.event_handler.log_command:Invoked command in '/home/mobi/Projects/drone-vajraakhasa/build/px4_msgs' returned '0': CMAKE_PREFIX_PATH=${CMAKE_PREFIX_PATH}:/home/mobi/Projects/drone-vajraakhasa/install/gng_node:/opt/ros/humble /usr/bin/cmake --install /home/mobi/Projects/drone-vajraakhasa/build/px4_msgs
[1.139s] Level 1:colcon.colcon_core.environment:checking '/home/mobi/Projects/drone-vajraakhasa/install/px4_msgs' for CMake config files
[1.139s] Level 1:colcon.colcon_core.shell:create_environment_hook('px4_msgs', 'cmake_prefix_path')
[1.139s] INFO:colcon.colcon_core.shell:Creating environment hook '/home/mobi/Projects/drone-vajraakhasa/install/px4_msgs/share/px4_msgs/hook/cmake_prefix_path.ps1'
[1.139s] INFO:colcon.colcon_core.shell:Creating environment descriptor '/home/mobi/Projects/drone-vajraakhasa/install/px4_msgs/share/px4_msgs/hook/cmake_prefix_path.dsv'
[1.140s] INFO:colcon.colcon_core.shell:Creating environment hook '/home/mobi/Projects/drone-vajraakhasa/install/px4_msgs/share/px4_msgs/hook/cmake_prefix_path.sh'
[1.140s] Level 1:colcon.colcon_core.environment:checking '/home/mobi/Projects/drone-vajraakhasa/install/px4_msgs/lib'
[1.140s] Level 1:colcon.colcon_core.shell:create_environment_hook('px4_msgs', 'ld_library_path_lib')
[1.140s] INFO:colcon.colcon_core.shell:Creating environment hook '/home/mobi/Projects/drone-vajraakhasa/install/px4_msgs/share/px4_msgs/hook/ld_library_path_lib.ps1'
[1.140s] INFO:colcon.colcon_core.shell:Creating environment descriptor '/home/mobi/Projects/drone-vajraakhasa/install/px4_msgs/share/px4_msgs/hook/ld_library_path_lib.dsv'
[1.141s] INFO:colcon.colcon_core.shell:Creating environment hook '/home/mobi/Projects/drone-vajraakhasa/install/px4_msgs/share/px4_msgs/hook/ld_library_path_lib.sh'
[1.141s] Level 1:colcon.colcon_core.environment:checking '/home/mobi/Projects/drone-vajraakhasa/install/px4_msgs/bin'
[1.141s] Level 1:colcon.colcon_core.environment:checking '/home/mobi/Projects/drone-vajraakhasa/install/px4_msgs/lib/pkgconfig/px4_msgs.pc'
[1.141s] Level 1:colcon.colcon_core.environment:checking '/home/mobi/Projects/drone-vajraakhasa/install/px4_msgs/lib/python3.10/site-packages'
[1.141s] Level 1:colcon.colcon_core.environment:checking '/home/mobi/Projects/drone-vajraakhasa/install/px4_msgs/bin'
[1.141s] INFO:colcon.colcon_core.shell:Creating package script '/home/mobi/Projects/drone-vajraakhasa/install/px4_msgs/share/px4_msgs/package.ps1'
[1.142s] INFO:colcon.colcon_core.shell:Creating package descriptor '/home/mobi/Projects/drone-vajraakhasa/install/px4_msgs/share/px4_msgs/package.dsv'
[1.142s] INFO:colcon.colcon_core.shell:Creating package script '/home/mobi/Projects/drone-vajraakhasa/install/px4_msgs/share/px4_msgs/package.sh'
[1.142s] INFO:colcon.colcon_core.shell:Creating package script '/home/mobi/Projects/drone-vajraakhasa/install/px4_msgs/share/px4_msgs/package.bash'
[1.142s] INFO:colcon.colcon_core.shell:Creating package script '/home/mobi/Projects/drone-vajraakhasa/install/px4_msgs/share/px4_msgs/package.zsh'
[1.142s] Level 1:colcon.colcon_core.environment:create_file_with_runtime_dependencies(/home/mobi/Projects/drone-vajraakhasa/install/px4_msgs/share/colcon-core/packages/px4_msgs)
[1.143s] Level 1:colcon.colcon_core.environment:create_environment_scripts_only(px4_msgs)
[1.143s] Level 1:colcon.colcon_core.environment:checking '/home/mobi/Projects/drone-vajraakhasa/install/px4_msgs' for CMake module files
[1.143s] Level 1:colcon.colcon_core.environment:checking '/home/mobi/Projects/drone-vajraakhasa/install/px4_msgs' for CMake config files
[1.143s] Level 1:colcon.colcon_core.shell:create_environment_hook('px4_msgs', 'cmake_prefix_path')
[1.144s] INFO:colcon.colcon_core.shell:Creating environment hook '/home/mobi/Projects/drone-vajraakhasa/install/px4_msgs/share/px4_msgs/hook/cmake_prefix_path.ps1'
[1.166s] INFO:colcon.colcon_core.shell:Creating environment descriptor '/home/mobi/Projects/drone-vajraakhasa/install/px4_msgs/share/px4_msgs/hook/cmake_prefix_path.dsv'
[1.167s] INFO:colcon.colcon_core.shell:Creating environment hook '/home/mobi/Projects/drone-vajraakhasa/install/px4_msgs/share/px4_msgs/hook/cmake_prefix_path.sh'
[1.168s] Level 1:colcon.colcon_core.environment:checking '/home/mobi/Projects/drone-vajraakhasa/install/px4_msgs/lib'
[1.168s] Level 1:colcon.colcon_core.shell:create_environment_hook('px4_msgs', 'ld_library_path_lib')
[1.168s] INFO:colcon.colcon_core.shell:Creating environment hook '/home/mobi/Projects/drone-vajraakhasa/install/px4_msgs/share/px4_msgs/hook/ld_library_path_lib.ps1'
[1.168s] INFO:colcon.colcon_core.shell:Creating environment descriptor '/home/mobi/Projects/drone-vajraakhasa/install/px4_msgs/share/px4_msgs/hook/ld_library_path_lib.dsv'
[1.169s] INFO:colcon.colcon_core.shell:Creating environment hook '/home/mobi/Projects/drone-vajraakhasa/install/px4_msgs/share/px4_msgs/hook/ld_library_path_lib.sh'
[1.169s] Level 1:colcon.colcon_core.environment:checking '/home/mobi/Projects/drone-vajraakhasa/install/px4_msgs/bin'
[1.169s] Level 1:colcon.colcon_core.environment:checking '/home/mobi/Projects/drone-vajraakhasa/install/px4_msgs/lib/pkgconfig/px4_msgs.pc'
[1.169s] Level 1:colcon.colcon_core.environment:checking '/home/mobi/Projects/drone-vajraakhasa/install/px4_msgs/lib/python3.10/site-packages'
[1.169s] Level 1:colcon.colcon_core.environment:checking '/home/mobi/Projects/drone-vajraakhasa/install/px4_msgs/bin'
[1.169s] INFO:colcon.colcon_core.shell:Creating package script '/home/mobi/Projects/drone-vajraakhasa/install/px4_msgs/share/px4_msgs/package.ps1'
[1.170s] INFO:colcon.colcon_core.shell:Creating package descriptor '/home/mobi/Projects/drone-vajraakhasa/install/px4_msgs/share/px4_msgs/package.dsv'
[1.170s] INFO:colcon.colcon_core.shell:Creating package script '/home/mobi/Projects/drone-vajraakhasa/install/px4_msgs/share/px4_msgs/package.sh'
[1.170s] INFO:colcon.colcon_core.shell:Creating package script '/home/mobi/Projects/drone-vajraakhasa/install/px4_msgs/share/px4_msgs/package.bash'
[1.171s] INFO:colcon.colcon_core.shell:Creating package script '/home/mobi/Projects/drone-vajraakhasa/install/px4_msgs/share/px4_msgs/package.zsh'
[1.171s] Level 1:colcon.colcon_core.environment:create_file_with_runtime_dependencies(/home/mobi/Projects/drone-vajraakhasa/install/px4_msgs/share/colcon-core/packages/px4_msgs)
[1.171s] INFO:colcon.colcon_ros.task.ament_cmake.build:Building ROS package in '/home/mobi/Projects/drone-vajraakhasa/src/offboard_control' with build type 'ament_cmake'
[1.171s] INFO:colcon.colcon_cmake.task.cmake.build:Building CMake package in '/home/mobi/Projects/drone-vajraakhasa/src/offboard_control'
[1.171s] INFO:colcon.colcon_core.shell:Skip shell extension 'powershell' for command environment: Not usable outside of PowerShell
[1.172s] DEBUG:colcon.colcon_core.shell:Skip shell extension 'dsv' for command environment
[1.178s] DEBUG:colcon.colcon_core.event_handler.log_command:Invoking command in '/home/mobi/Projects/drone-vajraakhasa/build/offboard_control': CMAKE_PREFIX_PATH=/home/mobi/Projects/drone-vajraakhasa/install/px4_msgs:/home/mobi/Projects/drone-vajraakhasa/install/segmentation_node:/home/mobi/Projects/drone-vajraakhasa/install/offboard_control:/home/mobi/Zedcam_ws/install/zed_ros2:/home/mobi/Zedcam_ws/install/zed_wrapper:/home/mobi/Zedcam_ws/install/zed_components:/home/mobi/Zedcam_ws/install/ddgng_topology:/home/mobi/Projects/drone-vajraakhasa/install/gng_node:/opt/ros/humble /usr/bin/cmake --build /home/mobi/Projects/drone-vajraakhasa/build/offboard_control -- -j16 -l16
[1.234s] DEBUG:colcon.colcon_core.event_handler.log_command:Invoked command in '/home/mobi/Projects/drone-vajraakhasa/build/offboard_control' returned '0': CMAKE_PREFIX_PATH=/home/mobi/Projects/drone-vajraakhasa/install/px4_msgs:/home/mobi/Projects/drone-vajraakhasa/install/segmentation_node:/home/mobi/Projects/drone-vajraakhasa/install/offboard_control:/home/mobi/Zedcam_ws/install/zed_ros2:/home/mobi/Zedcam_ws/install/zed_wrapper:/home/mobi/Zedcam_ws/install/zed_components:/home/mobi/Zedcam_ws/install/ddgng_topology:/home/mobi/Projects/drone-vajraakhasa/install/gng_node:/opt/ros/humble /usr/bin/cmake --build /home/mobi/Projects/drone-vajraakhasa/build/offboard_control -- -j16 -l16
[1.235s] DEBUG:colcon.colcon_core.event_handler.log_command:Invoking command in '/home/mobi/Projects/drone-vajraakhasa/build/offboard_control': CMAKE_PREFIX_PATH=/home/mobi/Projects/drone-vajraakhasa/install/px4_msgs:/home/mobi/Projects/drone-vajraakhasa/install/segmentation_node:/home/mobi/Projects/drone-vajraakhasa/install/offboard_control:/home/mobi/Zedcam_ws/install/zed_ros2:/home/mobi/Zedcam_ws/install/zed_wrapper:/home/mobi/Zedcam_ws/install/zed_components:/home/mobi/Zedcam_ws/install/ddgng_topology:/home/mobi/Projects/drone-vajraakhasa/install/gng_node:/opt/ros/humble /usr/bin/cmake --install /home/mobi/Projects/drone-vajraakhasa/build/offboard_control
[1.241s] Level 1:colcon.colcon_core.environment:create_environment_scripts_only(offboard_control)
[1.241s] Level 1:colcon.colcon_core.environment:checking '/home/mobi/Projects/drone-vajraakhasa/install/offboard_control' for CMake module files
[1.242s] DEBUG:colcon.colcon_core.event_handler.log_command:Invoked command in '/home/mobi/Projects/drone-vajraakhasa/build/offboard_control' returned '0': CMAKE_PREFIX_PATH=/home/mobi/Projects/drone-vajraakhasa/install/px4_msgs:/home/mobi/Projects/drone-vajraakhasa/install/segmentation_node:/home/mobi/Projects/drone-vajraakhasa/install/offboard_control:/home/mobi/Zedcam_ws/install/zed_ros2:/home/mobi/Zedcam_ws/install/zed_wrapper:/home/mobi/Zedcam_ws/install/zed_components:/home/mobi/Zedcam_ws/install/ddgng_topology:/home/mobi/Projects/drone-vajraakhasa/install/gng_node:/opt/ros/humble /usr/bin/cmake --install /home/mobi/Projects/drone-vajraakhasa/build/offboard_control
[1.242s] Level 1:colcon.colcon_core.environment:checking '/home/mobi/Projects/drone-vajraakhasa/install/offboard_control' for CMake config files
[1.242s] Level 1:colcon.colcon_core.shell:create_environment_hook('offboard_control', 'cmake_prefix_path')
[1.242s] INFO:colcon.colcon_core.shell:Creating environment hook '/home/mobi/Projects/drone-vajraakhasa/install/offboard_control/share/offboard_control/hook/cmake_prefix_path.ps1'
[1.243s] INFO:colcon.colcon_core.shell:Creating environment descriptor '/home/mobi/Projects/drone-vajraakhasa/install/offboard_control/share/offboard_control/hook/cmake_prefix_path.dsv'
[1.243s] INFO:colcon.colcon_core.shell:Creating environment hook '/home/mobi/Projects/drone-vajraakhasa/install/offboard_control/share/offboard_control/hook/cmake_prefix_path.sh'
[1.243s] Level 1:colcon.colcon_core.environment:checking '/home/mobi/Projects/drone-vajraakhasa/install/offboard_control/lib'
[1.243s] Level 1:colcon.colcon_core.environment:checking '/home/mobi/Projects/drone-vajraakhasa/install/offboard_control/bin'
[1.243s] Level 1:colcon.colcon_core.shell:create_environment_hook('offboard_control', 'path')
[1.244s] INFO:colcon.colcon_core.shell:Creating environment hook '/home/mobi/Projects/drone-vajraakhasa/install/offboard_control/share/offboard_control/hook/path.ps1'
[1.244s] INFO:colcon.colcon_core.shell:Creating environment descriptor '/home/mobi/Projects/drone-vajraakhasa/install/offboard_control/share/offboard_control/hook/path.dsv'
[1.244s] INFO:colcon.colcon_core.shell:Creating environment hook '/home/mobi/Projects/drone-vajraakhasa/install/offboard_control/share/offboard_control/hook/path.sh'
[1.244s] Level 1:colcon.colcon_core.environment:checking '/home/mobi/Projects/drone-vajraakhasa/install/offboard_control/lib/pkgconfig/offboard_control.pc'
[1.244s] Level 1:colcon.colcon_core.environment:checking '/home/mobi/Projects/drone-vajraakhasa/install/offboard_control/lib/python3.10/site-packages'
[1.245s] Level 1:colcon.colcon_core.environment:checking '/home/mobi/Projects/drone-vajraakhasa/install/offboard_control/bin'
[1.245s] Level 1:colcon.colcon_core.shell:create_environment_hook('offboard_control', 'pythonscriptspath')
[1.245s] INFO:colcon.colcon_core.shell:Creating environment hook '/home/mobi/Projects/drone-vajraakhasa/install/offboard_control/share/offboard_control/hook/pythonscriptspath.ps1'
[1.245s] INFO:colcon.colcon_core.shell:Creating environment descriptor '/home/mobi/Projects/drone-vajraakhasa/install/offboard_control/share/offboard_control/hook/pythonscriptspath.dsv'
[1.245s] INFO:colcon.colcon_core.shell:Creating environment hook '/home/mobi/Projects/drone-vajraakhasa/install/offboard_control/share/offboard_control/hook/pythonscriptspath.sh'
[1.246s] INFO:colcon.colcon_core.shell:Creating package script '/home/mobi/Projects/drone-vajraakhasa/install/offboard_control/share/offboard_control/package.ps1'
[1.246s] INFO:colcon.colcon_core.shell:Creating package descriptor '/home/mobi/Projects/drone-vajraakhasa/install/offboard_control/share/offboard_control/package.dsv'
[1.247s] INFO:colcon.colcon_core.shell:Creating package script '/home/mobi/Projects/drone-vajraakhasa/install/offboard_control/share/offboard_control/package.sh'
[1.247s] INFO:colcon.colcon_core.shell:Creating package script '/home/mobi/Projects/drone-vajraakhasa/install/offboard_control/share/offboard_control/package.bash'
[1.248s] INFO:colcon.colcon_core.shell:Creating package script '/home/mobi/Projects/drone-vajraakhasa/install/offboard_control/share/offboard_control/package.zsh'
[1.248s] Level 1:colcon.colcon_core.environment:create_file_with_runtime_dependencies(/home/mobi/Projects/drone-vajraakhasa/install/offboard_control/share/colcon-core/packages/offboard_control)
[1.249s] Level 1:colcon.colcon_core.environment:create_environment_scripts_only(offboard_control)
[1.249s] Level 1:colcon.colcon_core.environment:checking '/home/mobi/Projects/drone-vajraakhasa/install/offboard_control' for CMake module files
[1.249s] Level 1:colcon.colcon_core.environment:checking '/home/mobi/Projects/drone-vajraakhasa/install/offboard_control' for CMake config files
[1.250s] Level 1:colcon.colcon_core.shell:create_environment_hook('offboard_control', 'cmake_prefix_path')
[1.250s] INFO:colcon.colcon_core.shell:Creating environment hook '/home/mobi/Projects/drone-vajraakhasa/install/offboard_control/share/offboard_control/hook/cmake_prefix_path.ps1'
[1.250s] INFO:colcon.colcon_core.shell:Creating environment descriptor '/home/mobi/Projects/drone-vajraakhasa/install/offboard_control/share/offboard_control/hook/cmake_prefix_path.dsv'
[1.251s] INFO:colcon.colcon_core.shell:Creating environment hook '/home/mobi/Projects/drone-vajraakhasa/install/offboard_control/share/offboard_control/hook/cmake_prefix_path.sh'
[1.251s] Level 1:colcon.colcon_core.environment:checking '/home/mobi/Projects/drone-vajraakhasa/install/offboard_control/lib'
[1.251s] Level 1:colcon.colcon_core.environment:checking '/home/mobi/Projects/drone-vajraakhasa/install/offboard_control/bin'
[1.251s] Level 1:colcon.colcon_core.shell:create_environment_hook('offboard_control', 'path')
[1.252s] INFO:colcon.colcon_core.shell:Creating environment hook '/home/mobi/Projects/drone-vajraakhasa/install/offboard_control/share/offboard_control/hook/path.ps1'
[1.252s] INFO:colcon.colcon_core.shell:Creating environment descriptor '/home/mobi/Projects/drone-vajraakhasa/install/offboard_control/share/offboard_control/hook/path.dsv'
[1.253s] INFO:colcon.colcon_core.shell:Creating environment hook '/home/mobi/Projects/drone-vajraakhasa/install/offboard_control/share/offboard_control/hook/path.sh'
[1.253s] Level 1:colcon.colcon_core.environment:checking '/home/mobi/Projects/drone-vajraakhasa/install/offboard_control/lib/pkgconfig/offboard_control.pc'
[1.253s] Level 1:colcon.colcon_core.environment:checking '/home/mobi/Projects/drone-vajraakhasa/install/offboard_control/lib/python3.10/site-packages'
[1.253s] Level 1:colcon.colcon_core.environment:checking '/home/mobi/Projects/drone-vajraakhasa/install/offboard_control/bin'
[1.253s] Level 1:colcon.colcon_core.shell:create_environment_hook('offboard_control', 'pythonscriptspath')
[1.253s] INFO:colcon.colcon_core.shell:Creating environment hook '/home/mobi/Projects/drone-vajraakhasa/install/offboard_control/share/offboard_control/hook/pythonscriptspath.ps1'
[1.254s] INFO:colcon.colcon_core.shell:Creating environment descriptor '/home/mobi/Projects/drone-vajraakhasa/install/offboard_control/share/offboard_control/hook/pythonscriptspath.dsv'
[1.254s] INFO:colcon.colcon_core.shell:Creating environment hook '/home/mobi/Projects/drone-vajraakhasa/install/offboard_control/share/offboard_control/hook/pythonscriptspath.sh'
[1.254s] INFO:colcon.colcon_core.shell:Creating package script '/home/mobi/Projects/drone-vajraakhasa/install/offboard_control/share/offboard_control/package.ps1'
[1.255s] INFO:colcon.colcon_core.shell:Creating package descriptor '/home/mobi/Projects/drone-vajraakhasa/install/offboard_control/share/offboard_control/package.dsv'
[1.255s] INFO:colcon.colcon_core.shell:Creating package script '/home/mobi/Projects/drone-vajraakhasa/install/offboard_control/share/offboard_control/package.sh'
[1.255s] INFO:colcon.colcon_core.shell:Creating package script '/home/mobi/Projects/drone-vajraakhasa/install/offboard_control/share/offboard_control/package.bash'
[1.255s] INFO:colcon.colcon_core.shell:Creating package script '/home/mobi/Projects/drone-vajraakhasa/install/offboard_control/share/offboard_control/package.zsh'
[1.256s] Level 1:colcon.colcon_core.environment:create_file_with_runtime_dependencies(/home/mobi/Projects/drone-vajraakhasa/install/offboard_control/share/colcon-core/packages/offboard_control)
[1.392s] Level 1:colcon.colcon_core.environment:checking '/home/mobi/Projects/drone-vajraakhasa/install/gng_node' for CMake module files
[1.393s] DEBUG:colcon.colcon_core.event_handler.log_command:Invoked command in '/home/mobi/Projects/drone-vajraakhasa/src/gng_node' returned '0': PYTHONPATH=/home/mobi/Projects/drone-vajraakhasa/build/gng_node/prefix_override:/usr/lib/python3/dist-packages/colcon_core/task/python/colcon_distutils_commands:/home/mobi/Projects/drone-vajraakhasa/install/gng_node/lib/python3.10/site-packages:${PYTHONPATH} /usr/bin/python3 -W ignore:setup.py install is deprecated -W ignore:easy_install command is deprecated setup.py egg_info --egg-base ../../build/gng_node build --build-base /home/mobi/Projects/drone-vajraakhasa/build/gng_node/build install --record /home/mobi/Projects/drone-vajraakhasa/build/gng_node/install.log --single-version-externally-managed install_data
[1.393s] Level 1:colcon.colcon_core.environment:checking '/home/mobi/Projects/drone-vajraakhasa/install/gng_node' for CMake config files
[1.394s] Level 1:colcon.colcon_core.environment:checking '/home/mobi/Projects/drone-vajraakhasa/install/gng_node/lib'
[1.394s] Level 1:colcon.colcon_core.environment:checking '/home/mobi/Projects/drone-vajraakhasa/install/gng_node/bin'
[1.394s] Level 1:colcon.colcon_core.environment:checking '/home/mobi/Projects/drone-vajraakhasa/install/gng_node/lib/pkgconfig/gng_node.pc'
[1.394s] Level 1:colcon.colcon_core.environment:checking '/home/mobi/Projects/drone-vajraakhasa/install/gng_node/lib/python3.10/site-packages'
[1.394s] Level 1:colcon.colcon_core.shell:create_environment_hook('gng_node', 'pythonpath')
[1.394s] INFO:colcon.colcon_core.shell:Creating environment hook '/home/mobi/Projects/drone-vajraakhasa/install/gng_node/share/gng_node/hook/pythonpath.ps1'
[1.395s] INFO:colcon.colcon_core.shell:Creating environment descriptor '/home/mobi/Projects/drone-vajraakhasa/install/gng_node/share/gng_node/hook/pythonpath.dsv'
[1.395s] INFO:colcon.colcon_core.shell:Creating environment hook '/home/mobi/Projects/drone-vajraakhasa/install/gng_node/share/gng_node/hook/pythonpath.sh'
[1.395s] Level 1:colcon.colcon_core.environment:checking '/home/mobi/Projects/drone-vajraakhasa/install/gng_node/bin'
[1.395s] Level 1:colcon.colcon_core.environment:create_environment_scripts_only(gng_node)
[1.396s] INFO:colcon.colcon_core.shell:Creating package script '/home/mobi/Projects/drone-vajraakhasa/install/gng_node/share/gng_node/package.ps1'
[1.396s] INFO:colcon.colcon_core.shell:Creating package descriptor '/home/mobi/Projects/drone-vajraakhasa/install/gng_node/share/gng_node/package.dsv'
[1.396s] INFO:colcon.colcon_core.shell:Creating package script '/home/mobi/Projects/drone-vajraakhasa/install/gng_node/share/gng_node/package.sh'
[1.396s] INFO:colcon.colcon_core.shell:Creating package script '/home/mobi/Projects/drone-vajraakhasa/install/gng_node/share/gng_node/package.bash'
[1.397s] INFO:colcon.colcon_core.shell:Creating package script '/home/mobi/Projects/drone-vajraakhasa/install/gng_node/share/gng_node/package.zsh'
[1.397s] Level 1:colcon.colcon_core.environment:create_file_with_runtime_dependencies(/home/mobi/Projects/drone-vajraakhasa/install/gng_node/share/colcon-core/packages/gng_node)
[1.397s] DEBUG:colcon.colcon_parallel_executor.executor.parallel:closing loop
[1.398s] DEBUG:colcon.colcon_parallel_executor.executor.parallel:loop closed
[1.398s] DEBUG:colcon.colcon_parallel_executor.executor.parallel:run_until_complete finished with '0'
[1.398s] DEBUG:colcon.colcon_core.event_reactor:joining thread
[1.403s] INFO:colcon.colcon_core.plugin_system:Skipping extension 'colcon_notification.desktop_notification.terminal_notifier': Not used on non-Darwin systems
[1.403s] INFO:colcon.colcon_core.plugin_system:Skipping extension 'colcon_notification.desktop_notification.win32': Not used on non-Windows systems
[1.403s] INFO:colcon.colcon_notification.desktop_notification:Sending desktop notification using 'notify2'
[1.413s] DEBUG:colcon.colcon_core.event_reactor:joined thread
[1.413s] INFO:colcon.colcon_core.shell:Creating prefix script '/home/mobi/Projects/drone-vajraakhasa/install/local_setup.ps1'
[1.414s] INFO:colcon.colcon_core.shell:Creating prefix util module '/home/mobi/Projects/drone-vajraakhasa/install/_local_setup_util_ps1.py'
[1.415s] INFO:colcon.colcon_core.shell:Creating prefix chain script '/home/mobi/Projects/drone-vajraakhasa/install/setup.ps1'
[1.416s] INFO:colcon.colcon_core.shell:Creating prefix script '/home/mobi/Projects/drone-vajraakhasa/install/local_setup.sh'
[1.417s] INFO:colcon.colcon_core.shell:Creating prefix util module '/home/mobi/Projects/drone-vajraakhasa/install/_local_setup_util_sh.py'
[1.417s] INFO:colcon.colcon_core.shell:Creating prefix chain script '/home/mobi/Projects/drone-vajraakhasa/install/setup.sh'
[1.418s] INFO:colcon.colcon_core.shell:Creating prefix script '/home/mobi/Projects/drone-vajraakhasa/install/local_setup.bash'
[1.418s] INFO:colcon.colcon_core.shell:Creating prefix chain script '/home/mobi/Projects/drone-vajraakhasa/install/setup.bash'
[1.419s] INFO:colcon.colcon_core.shell:Creating prefix script '/home/mobi/Projects/drone-vajraakhasa/install/local_setup.zsh'
[1.420s] INFO:colcon.colcon_core.shell:Creating prefix chain script '/home/mobi/Projects/drone-vajraakhasa/install/setup.zsh'
