[0.092s] DEBUG:colcon:Command line arguments: ['/usr/bin/colcon', 'build']
[0.092s] DEBUG:colcon:Parsed command line arguments: Namespace(log_base=None, log_level=None, verb_name='build', build_base='build', install_base='install', merge_install=False, symlink_install=False, test_result_base=None, continue_on_error=False, executor='parallel', parallel_workers=16, event_handlers=None, ignore_user_meta=False, metas=['./colcon.meta'], base_paths=['.'], packages_ignore=None, packages_ignore_regex=None, paths=None, packages_up_to=None, packages_up_to_regex=None, packages_above=None, packages_above_and_dependencies=None, packages_above_depth=None, packages_select_by_dep=None, packages_skip_by_dep=None, packages_skip_up_to=None, packages_select_build_failed=False, packages_skip_build_finished=False, packages_select_test_failures=False, packages_skip_test_passed=False, packages_select=None, packages_skip=None, packages_select_regex=None, packages_skip_regex=None, packages_start=None, packages_end=None, allow_overriding=[], cmake_args=None, cmake_target=None, cmake_target_skip_unavailable=False, cmake_clean_cache=False, cmake_clean_first=False, cmake_force_configure=False, ament_cmake_args=None, catkin_cmake_args=None, catkin_skip_building_tests=False, mixin_files=None, mixin=None, verb_parser=<colcon_mixin.mixin.mixin_argument.MixinArgumentDecorator object at 0x7c01404ad2a0>, verb_extension=<colcon_core.verb.build.BuildVerb object at 0x7c0140426e00>, main=<bound method BuildVerb.main of <colcon_core.verb.build.BuildVerb object at 0x7c0140426e00>>, mixin_verb=('build',))
[0.124s] Level 1:colcon.colcon_core.package_discovery:discover_packages(colcon_meta) check parameters
[0.124s] Level 1:colcon.colcon_core.package_discovery:discover_packages(recursive) check parameters
[0.124s] Level 1:colcon.colcon_core.package_discovery:discover_packages(ignore) check parameters
[0.124s] Level 1:colcon.colcon_core.package_discovery:discover_packages(path) check parameters
[0.124s] Level 1:colcon.colcon_core.package_discovery:discover_packages(colcon_meta) discover
[0.124s] Level 1:colcon.colcon_core.package_discovery:discover_packages(recursive) discover
[0.124s] INFO:colcon.colcon_core.package_discovery:Crawling recursively for packages in '/home/mobi/Projects/drone-vajraakhasa'
[0.124s] Level 1:colcon.colcon_core.package_identification:_identify(.) by extensions ['ignore', 'ignore_ament_install']
[0.124s] Level 1:colcon.colcon_core.package_identification:_identify(.) by extension 'ignore'
[0.124s] Level 1:colcon.colcon_core.package_identification:_identify(.) by extension 'ignore_ament_install'
[0.124s] Level 1:colcon.colcon_core.package_identification:_identify(.) by extensions ['colcon_pkg']
[0.124s] Level 1:colcon.colcon_core.package_identification:_identify(.) by extension 'colcon_pkg'
[0.124s] Level 1:colcon.colcon_core.package_identification:_identify(.) by extensions ['colcon_meta']
[0.124s] Level 1:colcon.colcon_core.package_identification:_identify(.) by extension 'colcon_meta'
[0.124s] Level 1:colcon.colcon_core.package_identification:_identify(.) by extensions ['ros']
[0.124s] Level 1:colcon.colcon_core.package_identification:_identify(.) by extension 'ros'
[0.136s] Level 1:colcon.colcon_core.package_identification:_identify(.) by extensions ['cmake', 'python']
[0.136s] Level 1:colcon.colcon_core.package_identification:_identify(.) by extension 'cmake'
[0.136s] Level 1:colcon.colcon_core.package_identification:_identify(.) by extension 'python'
[0.136s] Level 1:colcon.colcon_core.package_identification:_identify(.) by extensions ['python_setup_py']
[0.136s] Level 1:colcon.colcon_core.package_identification:_identify(.) by extension 'python_setup_py'
[0.136s] Level 1:colcon.colcon_core.package_identification:_identify(build) by extensions ['ignore', 'ignore_ament_install']
[0.136s] Level 1:colcon.colcon_core.package_identification:_identify(build) by extension 'ignore'
[0.136s] Level 1:colcon.colcon_core.package_identification:_identify(build) ignored
[0.136s] Level 1:colcon.colcon_core.package_identification:_identify(install) by extensions ['ignore', 'ignore_ament_install']
[0.136s] Level 1:colcon.colcon_core.package_identification:_identify(install) by extension 'ignore'
[0.136s] Level 1:colcon.colcon_core.package_identification:_identify(install) ignored
[0.136s] Level 1:colcon.colcon_core.package_identification:_identify(log) by extensions ['ignore', 'ignore_ament_install']
[0.136s] Level 1:colcon.colcon_core.package_identification:_identify(log) by extension 'ignore'
[0.136s] Level 1:colcon.colcon_core.package_identification:_identify(log) ignored
[0.136s] Level 1:colcon.colcon_core.package_identification:_identify(src) by extensions ['ignore', 'ignore_ament_install']
[0.136s] Level 1:colcon.colcon_core.package_identification:_identify(src) by extension 'ignore'
[0.136s] Level 1:colcon.colcon_core.package_identification:_identify(src) by extension 'ignore_ament_install'
[0.136s] Level 1:colcon.colcon_core.package_identification:_identify(src) by extensions ['colcon_pkg']
[0.136s] Level 1:colcon.colcon_core.package_identification:_identify(src) by extension 'colcon_pkg'
[0.136s] Level 1:colcon.colcon_core.package_identification:_identify(src) by extensions ['colcon_meta']
[0.136s] Level 1:colcon.colcon_core.package_identification:_identify(src) by extension 'colcon_meta'
[0.136s] Level 1:colcon.colcon_core.package_identification:_identify(src) by extensions ['ros']
[0.137s] Level 1:colcon.colcon_core.package_identification:_identify(src) by extension 'ros'
[0.137s] Level 1:colcon.colcon_core.package_identification:_identify(src) by extensions ['cmake', 'python']
[0.137s] Level 1:colcon.colcon_core.package_identification:_identify(src) by extension 'cmake'
[0.137s] Level 1:colcon.colcon_core.package_identification:_identify(src) by extension 'python'
[0.137s] Level 1:colcon.colcon_core.package_identification:_identify(src) by extensions ['python_setup_py']
[0.137s] Level 1:colcon.colcon_core.package_identification:_identify(src) by extension 'python_setup_py'
[0.137s] Level 1:colcon.colcon_core.package_identification:_identify(src/gng_node) by extensions ['ignore', 'ignore_ament_install']
[0.137s] Level 1:colcon.colcon_core.package_identification:_identify(src/gng_node) by extension 'ignore'
[0.137s] Level 1:colcon.colcon_core.package_identification:_identify(src/gng_node) by extension 'ignore_ament_install'
[0.137s] Level 1:colcon.colcon_core.package_identification:_identify(src/gng_node) by extensions ['colcon_pkg']
[0.137s] Level 1:colcon.colcon_core.package_identification:_identify(src/gng_node) by extension 'colcon_pkg'
[0.137s] Level 1:colcon.colcon_core.package_identification:_identify(src/gng_node) by extensions ['colcon_meta']
[0.137s] Level 1:colcon.colcon_core.package_identification:_identify(src/gng_node) by extension 'colcon_meta'
[0.137s] Level 1:colcon.colcon_core.package_identification:_identify(src/gng_node) by extensions ['ros']
[0.137s] Level 1:colcon.colcon_core.package_identification:_identify(src/gng_node) by extension 'ros'
[0.139s] DEBUG:colcon.colcon_core.package_identification:Package 'src/gng_node' with type 'ros.ament_python' and name 'gng_node'
[0.139s] Level 1:colcon.colcon_core.package_identification:_identify(src/offboard_control) by extensions ['ignore', 'ignore_ament_install']
[0.139s] Level 1:colcon.colcon_core.package_identification:_identify(src/offboard_control) by extension 'ignore'
[0.139s] Level 1:colcon.colcon_core.package_identification:_identify(src/offboard_control) by extension 'ignore_ament_install'
[0.139s] Level 1:colcon.colcon_core.package_identification:_identify(src/offboard_control) by extensions ['colcon_pkg']
[0.139s] Level 1:colcon.colcon_core.package_identification:_identify(src/offboard_control) by extension 'colcon_pkg'
[0.139s] Level 1:colcon.colcon_core.package_identification:_identify(src/offboard_control) by extensions ['colcon_meta']
[0.139s] Level 1:colcon.colcon_core.package_identification:_identify(src/offboard_control) by extension 'colcon_meta'
[0.140s] Level 1:colcon.colcon_core.package_identification:_identify(src/offboard_control) by extensions ['ros']
[0.140s] Level 1:colcon.colcon_core.package_identification:_identify(src/offboard_control) by extension 'ros'
[0.140s] DEBUG:colcon.colcon_core.package_identification:Package 'src/offboard_control' with type 'ros.ament_cmake' and name 'offboard_control'
[0.140s] Level 1:colcon.colcon_core.package_identification:_identify(src/px4_msgs) by extensions ['ignore', 'ignore_ament_install']
[0.140s] Level 1:colcon.colcon_core.package_identification:_identify(src/px4_msgs) by extension 'ignore'
[0.140s] Level 1:colcon.colcon_core.package_identification:_identify(src/px4_msgs) by extension 'ignore_ament_install'
[0.141s] Level 1:colcon.colcon_core.package_identification:_identify(src/px4_msgs) by extensions ['colcon_pkg']
[0.141s] Level 1:colcon.colcon_core.package_identification:_identify(src/px4_msgs) by extension 'colcon_pkg'
[0.141s] Level 1:colcon.colcon_core.package_identification:_identify(src/px4_msgs) by extensions ['colcon_meta']
[0.141s] Level 1:colcon.colcon_core.package_identification:_identify(src/px4_msgs) by extension 'colcon_meta'
[0.141s] Level 1:colcon.colcon_core.package_identification:_identify(src/px4_msgs) by extensions ['ros']
[0.141s] Level 1:colcon.colcon_core.package_identification:_identify(src/px4_msgs) by extension 'ros'
[0.141s] DEBUG:colcon.colcon_core.package_identification:Package 'src/px4_msgs' with type 'ros.ament_cmake' and name 'px4_msgs'
[0.141s] Level 1:colcon.colcon_core.package_identification:_identify(src/segmentation_node) by extensions ['ignore', 'ignore_ament_install']
[0.141s] Level 1:colcon.colcon_core.package_identification:_identify(src/segmentation_node) by extension 'ignore'
[0.141s] Level 1:colcon.colcon_core.package_identification:_identify(src/segmentation_node) by extension 'ignore_ament_install'
[0.141s] Level 1:colcon.colcon_core.package_identification:_identify(src/segmentation_node) by extensions ['colcon_pkg']
[0.141s] Level 1:colcon.colcon_core.package_identification:_identify(src/segmentation_node) by extension 'colcon_pkg'
[0.141s] Level 1:colcon.colcon_core.package_identification:_identify(src/segmentation_node) by extensions ['colcon_meta']
[0.141s] Level 1:colcon.colcon_core.package_identification:_identify(src/segmentation_node) by extension 'colcon_meta'
[0.142s] Level 1:colcon.colcon_core.package_identification:_identify(src/segmentation_node) by extensions ['ros']
[0.142s] Level 1:colcon.colcon_core.package_identification:_identify(src/segmentation_node) by extension 'ros'
[0.142s] DEBUG:colcon.colcon_core.package_identification:Package 'src/segmentation_node' with type 'ros.ament_cmake' and name 'segmentation_node'
[0.142s] Level 1:colcon.colcon_core.package_discovery:discover_packages(recursive) using defaults
[0.142s] Level 1:colcon.colcon_core.package_discovery:discover_packages(ignore) discover
[0.142s] Level 1:colcon.colcon_core.package_discovery:discover_packages(ignore) using defaults
[0.142s] Level 1:colcon.colcon_core.package_discovery:discover_packages(path) discover
[0.142s] Level 1:colcon.colcon_core.package_discovery:discover_packages(path) using defaults
[0.160s] Level 1:colcon.colcon_core.package_discovery:discover_packages(prefix_path) check parameters
[0.160s] Level 1:colcon.colcon_core.package_discovery:discover_packages(prefix_path) discover
[0.162s] DEBUG:colcon.colcon_installed_package_information.package_discovery:Found 4 installed packages in /home/mobi/Projects/drone-vajraakhasa/install
[0.162s] DEBUG:colcon.colcon_installed_package_information.package_discovery:Found 4 installed packages in /home/mobi/Zedcam_ws/install
[0.163s] DEBUG:colcon.colcon_installed_package_information.package_discovery:Found 389 installed packages in /opt/ros/humble
[0.164s] Level 1:colcon.colcon_core.package_discovery:discover_packages(prefix_path) using defaults
[0.200s] Level 5:colcon.colcon_core.verb:set package 'gng_node' build argument 'cmake_args' from command line to 'None'
[0.201s] Level 5:colcon.colcon_core.verb:set package 'gng_node' build argument 'cmake_target' from command line to 'None'
[0.201s] Level 5:colcon.colcon_core.verb:set package 'gng_node' build argument 'cmake_target_skip_unavailable' from command line to 'False'
[0.201s] Level 5:colcon.colcon_core.verb:set package 'gng_node' build argument 'cmake_clean_cache' from command line to 'False'
[0.201s] Level 5:colcon.colcon_core.verb:set package 'gng_node' build argument 'cmake_clean_first' from command line to 'False'
[0.201s] Level 5:colcon.colcon_core.verb:set package 'gng_node' build argument 'cmake_force_configure' from command line to 'False'
[0.201s] Level 5:colcon.colcon_core.verb:set package 'gng_node' build argument 'ament_cmake_args' from command line to 'None'
[0.201s] Level 5:colcon.colcon_core.verb:set package 'gng_node' build argument 'catkin_cmake_args' from command line to 'None'
[0.201s] Level 5:colcon.colcon_core.verb:set package 'gng_node' build argument 'catkin_skip_building_tests' from command line to 'False'
[0.201s] DEBUG:colcon.colcon_core.verb:Building package 'gng_node' with the following arguments: {'ament_cmake_args': None, 'build_base': '/home/mobi/Projects/drone-vajraakhasa/build/gng_node', 'catkin_cmake_args': None, 'catkin_skip_building_tests': False, 'cmake_args': None, 'cmake_clean_cache': False, 'cmake_clean_first': False, 'cmake_force_configure': False, 'cmake_target': None, 'cmake_target_skip_unavailable': False, 'install_base': '/home/mobi/Projects/drone-vajraakhasa/install/gng_node', 'merge_install': False, 'path': '/home/mobi/Projects/drone-vajraakhasa/src/gng_node', 'symlink_install': False, 'test_result_base': None}
[0.201s] Level 5:colcon.colcon_core.verb:set package 'px4_msgs' build argument 'cmake_args' from command line to 'None'
[0.201s] Level 5:colcon.colcon_core.verb:set package 'px4_msgs' build argument 'cmake_target' from command line to 'None'
[0.201s] Level 5:colcon.colcon_core.verb:set package 'px4_msgs' build argument 'cmake_target_skip_unavailable' from command line to 'False'
[0.201s] Level 5:colcon.colcon_core.verb:set package 'px4_msgs' build argument 'cmake_clean_cache' from command line to 'False'
[0.201s] Level 5:colcon.colcon_core.verb:set package 'px4_msgs' build argument 'cmake_clean_first' from command line to 'False'
[0.201s] Level 5:colcon.colcon_core.verb:set package 'px4_msgs' build argument 'cmake_force_configure' from command line to 'False'
[0.201s] Level 5:colcon.colcon_core.verb:set package 'px4_msgs' build argument 'ament_cmake_args' from command line to 'None'
[0.201s] Level 5:colcon.colcon_core.verb:set package 'px4_msgs' build argument 'catkin_cmake_args' from command line to 'None'
[0.201s] Level 5:colcon.colcon_core.verb:set package 'px4_msgs' build argument 'catkin_skip_building_tests' from command line to 'False'
[0.201s] DEBUG:colcon.colcon_core.verb:Building package 'px4_msgs' with the following arguments: {'ament_cmake_args': None, 'build_base': '/home/mobi/Projects/drone-vajraakhasa/build/px4_msgs', 'catkin_cmake_args': None, 'catkin_skip_building_tests': False, 'cmake_args': None, 'cmake_clean_cache': False, 'cmake_clean_first': False, 'cmake_force_configure': False, 'cmake_target': None, 'cmake_target_skip_unavailable': False, 'install_base': '/home/mobi/Projects/drone-vajraakhasa/install/px4_msgs', 'merge_install': False, 'path': '/home/mobi/Projects/drone-vajraakhasa/src/px4_msgs', 'symlink_install': False, 'test_result_base': None}
[0.202s] Level 5:colcon.colcon_core.verb:set package 'segmentation_node' build argument 'cmake_args' from command line to 'None'
[0.202s] Level 5:colcon.colcon_core.verb:set package 'segmentation_node' build argument 'cmake_target' from command line to 'None'
[0.202s] Level 5:colcon.colcon_core.verb:set package 'segmentation_node' build argument 'cmake_target_skip_unavailable' from command line to 'False'
[0.202s] Level 5:colcon.colcon_core.verb:set package 'segmentation_node' build argument 'cmake_clean_cache' from command line to 'False'
[0.202s] Level 5:colcon.colcon_core.verb:set package 'segmentation_node' build argument 'cmake_clean_first' from command line to 'False'
[0.202s] Level 5:colcon.colcon_core.verb:set package 'segmentation_node' build argument 'cmake_force_configure' from command line to 'False'
[0.202s] Level 5:colcon.colcon_core.verb:set package 'segmentation_node' build argument 'ament_cmake_args' from command line to 'None'
[0.202s] Level 5:colcon.colcon_core.verb:set package 'segmentation_node' build argument 'catkin_cmake_args' from command line to 'None'
[0.202s] Level 5:colcon.colcon_core.verb:set package 'segmentation_node' build argument 'catkin_skip_building_tests' from command line to 'False'
[0.202s] DEBUG:colcon.colcon_core.verb:Building package 'segmentation_node' with the following arguments: {'ament_cmake_args': None, 'build_base': '/home/mobi/Projects/drone-vajraakhasa/build/segmentation_node', 'catkin_cmake_args': None, 'catkin_skip_building_tests': False, 'cmake_args': None, 'cmake_clean_cache': False, 'cmake_clean_first': False, 'cmake_force_configure': False, 'cmake_target': None, 'cmake_target_skip_unavailable': False, 'install_base': '/home/mobi/Projects/drone-vajraakhasa/install/segmentation_node', 'merge_install': False, 'path': '/home/mobi/Projects/drone-vajraakhasa/src/segmentation_node', 'symlink_install': False, 'test_result_base': None}
[0.202s] Level 5:colcon.colcon_core.verb:set package 'offboard_control' build argument 'cmake_args' from command line to 'None'
[0.202s] Level 5:colcon.colcon_core.verb:set package 'offboard_control' build argument 'cmake_target' from command line to 'None'
[0.202s] Level 5:colcon.colcon_core.verb:set package 'offboard_control' build argument 'cmake_target_skip_unavailable' from command line to 'False'
[0.202s] Level 5:colcon.colcon_core.verb:set package 'offboard_control' build argument 'cmake_clean_cache' from command line to 'False'
[0.202s] Level 5:colcon.colcon_core.verb:set package 'offboard_control' build argument 'cmake_clean_first' from command line to 'False'
[0.202s] Level 5:colcon.colcon_core.verb:set package 'offboard_control' build argument 'cmake_force_configure' from command line to 'False'
[0.202s] Level 5:colcon.colcon_core.verb:set package 'offboard_control' build argument 'ament_cmake_args' from command line to 'None'
[0.202s] Level 5:colcon.colcon_core.verb:set package 'offboard_control' build argument 'catkin_cmake_args' from command line to 'None'
[0.202s] Level 5:colcon.colcon_core.verb:set package 'offboard_control' build argument 'catkin_skip_building_tests' from command line to 'False'
[0.202s] DEBUG:colcon.colcon_core.verb:Building package 'offboard_control' with the following arguments: {'ament_cmake_args': None, 'build_base': '/home/mobi/Projects/drone-vajraakhasa/build/offboard_control', 'catkin_cmake_args': None, 'catkin_skip_building_tests': False, 'cmake_args': None, 'cmake_clean_cache': False, 'cmake_clean_first': False, 'cmake_force_configure': False, 'cmake_target': None, 'cmake_target_skip_unavailable': False, 'install_base': '/home/mobi/Projects/drone-vajraakhasa/install/offboard_control', 'merge_install': False, 'path': '/home/mobi/Projects/drone-vajraakhasa/src/offboard_control', 'symlink_install': False, 'test_result_base': None}
[0.202s] INFO:colcon.colcon_core.executor:Executing jobs using 'parallel' executor
[0.203s] DEBUG:colcon.colcon_parallel_executor.executor.parallel:run_until_complete
[0.204s] INFO:colcon.colcon_ros.task.ament_cmake.build:Building ROS package in '/home/mobi/Projects/drone-vajraakhasa/src/px4_msgs' with build type 'ament_cmake'
[0.204s] INFO:colcon.colcon_cmake.task.cmake.build:Building CMake package in '/home/mobi/Projects/drone-vajraakhasa/src/px4_msgs'
[0.206s] INFO:colcon.colcon_core.plugin_system:Skipping extension 'colcon_core.shell.bat': Not used on non-Windows systems
[0.206s] INFO:colcon.colcon_core.shell:Skip shell extension 'powershell' for command environment: Not usable outside of PowerShell
[0.206s] DEBUG:colcon.colcon_core.shell:Skip shell extension 'dsv' for command environment
[0.211s] INFO:colcon.colcon_ros.task.ament_python.build:Building ROS package in '/home/mobi/Projects/drone-vajraakhasa/src/gng_node' with build type 'ament_python'
[0.212s] Level 1:colcon.colcon_core.shell:create_environment_hook('gng_node', 'ament_prefix_path')
[0.212s] INFO:colcon.colcon_core.shell:Creating environment hook '/home/mobi/Projects/drone-vajraakhasa/install/gng_node/share/gng_node/hook/ament_prefix_path.ps1'
[0.213s] INFO:colcon.colcon_core.shell:Creating environment descriptor '/home/mobi/Projects/drone-vajraakhasa/install/gng_node/share/gng_node/hook/ament_prefix_path.dsv'
[0.214s] INFO:colcon.colcon_core.shell:Creating environment hook '/home/mobi/Projects/drone-vajraakhasa/install/gng_node/share/gng_node/hook/ament_prefix_path.sh'
[0.216s] INFO:colcon.colcon_core.shell:Skip shell extension 'powershell' for command environment: Not usable outside of PowerShell
[0.216s] DEBUG:colcon.colcon_core.shell:Skip shell extension 'dsv' for command environment
[0.220s] INFO:colcon.colcon_ros.task.ament_cmake.build:Building ROS package in '/home/mobi/Projects/drone-vajraakhasa/src/segmentation_node' with build type 'ament_cmake'
[0.220s] INFO:colcon.colcon_cmake.task.cmake.build:Building CMake package in '/home/mobi/Projects/drone-vajraakhasa/src/segmentation_node'
[0.221s] INFO:colcon.colcon_core.shell:Skip shell extension 'powershell' for command environment: Not usable outside of PowerShell
[0.221s] DEBUG:colcon.colcon_core.shell:Skip shell extension 'dsv' for command environment
[0.229s] DEBUG:colcon.colcon_core.event_handler.log_command:Invoking command in '/home/mobi/Projects/drone-vajraakhasa/build/px4_msgs': CMAKE_PREFIX_PATH=${CMAKE_PREFIX_PATH}:/home/mobi/Projects/drone-vajraakhasa/install/gng_node:/opt/ros/humble /usr/bin/cmake --build /home/mobi/Projects/drone-vajraakhasa/build/px4_msgs -- -j16 -l16
[0.399s] INFO:colcon.colcon_core.task.python.build:Building Python package in '/home/mobi/Projects/drone-vajraakhasa/src/gng_node'
[0.400s] INFO:colcon.colcon_core.shell:Skip shell extension 'powershell' for command environment: Not usable outside of PowerShell
[0.400s] DEBUG:colcon.colcon_core.shell:Skip shell extension 'dsv' for command environment
[0.411s] DEBUG:colcon.colcon_core.event_handler.log_command:Invoking command in '/home/mobi/Projects/drone-vajraakhasa/build/segmentation_node': CMAKE_PREFIX_PATH=${CMAKE_PREFIX_PATH}:/home/mobi/Projects/drone-vajraakhasa/install/gng_node:/opt/ros/humble /usr/bin/cmake --build /home/mobi/Projects/drone-vajraakhasa/build/segmentation_node -- -j16 -l16
[0.489s] DEBUG:colcon.colcon_core.event_handler.log_command:Invoked command in '/home/mobi/Projects/drone-vajraakhasa/build/segmentation_node' returned '0': CMAKE_PREFIX_PATH=${CMAKE_PREFIX_PATH}:/home/mobi/Projects/drone-vajraakhasa/install/gng_node:/opt/ros/humble /usr/bin/cmake --build /home/mobi/Projects/drone-vajraakhasa/build/segmentation_node -- -j16 -l16
[0.498s] DEBUG:colcon.colcon_core.event_handler.log_command:Invoking command in '/home/mobi/Projects/drone-vajraakhasa/build/segmentation_node': CMAKE_PREFIX_PATH=${CMAKE_PREFIX_PATH}:/home/mobi/Projects/drone-vajraakhasa/install/gng_node:/opt/ros/humble /usr/bin/cmake --install /home/mobi/Projects/drone-vajraakhasa/build/segmentation_node
[0.508s] Level 1:colcon.colcon_core.environment:create_environment_scripts_only(segmentation_node)
[0.509s] DEBUG:colcon.colcon_core.event_handler.log_command:Invoked command in '/home/mobi/Projects/drone-vajraakhasa/build/segmentation_node' returned '0': CMAKE_PREFIX_PATH=${CMAKE_PREFIX_PATH}:/home/mobi/Projects/drone-vajraakhasa/install/gng_node:/opt/ros/humble /usr/bin/cmake --install /home/mobi/Projects/drone-vajraakhasa/build/segmentation_node
[0.511s] Level 1:colcon.colcon_core.environment:checking '/home/mobi/Projects/drone-vajraakhasa/install/segmentation_node' for CMake module files
[0.511s] Level 1:colcon.colcon_core.environment:checking '/home/mobi/Projects/drone-vajraakhasa/install/segmentation_node' for CMake config files
[0.511s] Level 1:colcon.colcon_core.shell:create_environment_hook('segmentation_node', 'cmake_prefix_path')
[0.511s] INFO:colcon.colcon_core.shell:Creating environment hook '/home/mobi/Projects/drone-vajraakhasa/install/segmentation_node/share/segmentation_node/hook/cmake_prefix_path.ps1'
[0.512s] INFO:colcon.colcon_core.shell:Creating environment descriptor '/home/mobi/Projects/drone-vajraakhasa/install/segmentation_node/share/segmentation_node/hook/cmake_prefix_path.dsv'
[0.512s] INFO:colcon.colcon_core.shell:Creating environment hook '/home/mobi/Projects/drone-vajraakhasa/install/segmentation_node/share/segmentation_node/hook/cmake_prefix_path.sh'
[0.513s] Level 1:colcon.colcon_core.environment:checking '/home/mobi/Projects/drone-vajraakhasa/install/segmentation_node/lib'
[0.513s] Level 1:colcon.colcon_core.environment:checking '/home/mobi/Projects/drone-vajraakhasa/install/segmentation_node/bin'
[0.513s] Level 1:colcon.colcon_core.environment:checking '/home/mobi/Projects/drone-vajraakhasa/install/segmentation_node/lib/pkgconfig/segmentation_node.pc'
[0.513s] Level 1:colcon.colcon_core.environment:checking '/home/mobi/Projects/drone-vajraakhasa/install/segmentation_node/lib/python3.10/site-packages'
[0.513s] Level 1:colcon.colcon_core.environment:checking '/home/mobi/Projects/drone-vajraakhasa/install/segmentation_node/bin'
[0.514s] INFO:colcon.colcon_core.shell:Creating package script '/home/mobi/Projects/drone-vajraakhasa/install/segmentation_node/share/segmentation_node/package.ps1'
[0.515s] INFO:colcon.colcon_core.shell:Creating package descriptor '/home/mobi/Projects/drone-vajraakhasa/install/segmentation_node/share/segmentation_node/package.dsv'
[0.515s] INFO:colcon.colcon_core.shell:Creating package script '/home/mobi/Projects/drone-vajraakhasa/install/segmentation_node/share/segmentation_node/package.sh'
[0.516s] INFO:colcon.colcon_core.shell:Creating package script '/home/mobi/Projects/drone-vajraakhasa/install/segmentation_node/share/segmentation_node/package.bash'
[0.517s] INFO:colcon.colcon_core.shell:Creating package script '/home/mobi/Projects/drone-vajraakhasa/install/segmentation_node/share/segmentation_node/package.zsh'
[0.517s] Level 1:colcon.colcon_core.environment:create_file_with_runtime_dependencies(/home/mobi/Projects/drone-vajraakhasa/install/segmentation_node/share/colcon-core/packages/segmentation_node)
[0.532s] Level 1:colcon.colcon_core.environment:create_environment_scripts_only(segmentation_node)
[0.532s] Level 1:colcon.colcon_core.environment:checking '/home/mobi/Projects/drone-vajraakhasa/install/segmentation_node' for CMake module files
[0.533s] Level 1:colcon.colcon_core.environment:checking '/home/mobi/Projects/drone-vajraakhasa/install/segmentation_node' for CMake config files
[0.533s] Level 1:colcon.colcon_core.shell:create_environment_hook('segmentation_node', 'cmake_prefix_path')
[0.533s] INFO:colcon.colcon_core.shell:Creating environment hook '/home/mobi/Projects/drone-vajraakhasa/install/segmentation_node/share/segmentation_node/hook/cmake_prefix_path.ps1'
[0.534s] INFO:colcon.colcon_core.shell:Creating environment descriptor '/home/mobi/Projects/drone-vajraakhasa/install/segmentation_node/share/segmentation_node/hook/cmake_prefix_path.dsv'
[0.534s] INFO:colcon.colcon_core.shell:Creating environment hook '/home/mobi/Projects/drone-vajraakhasa/install/segmentation_node/share/segmentation_node/hook/cmake_prefix_path.sh'
[0.534s] Level 1:colcon.colcon_core.environment:checking '/home/mobi/Projects/drone-vajraakhasa/install/segmentation_node/lib'
[0.534s] Level 1:colcon.colcon_core.environment:checking '/home/mobi/Projects/drone-vajraakhasa/install/segmentation_node/bin'
[0.534s] Level 1:colcon.colcon_core.environment:checking '/home/mobi/Projects/drone-vajraakhasa/install/segmentation_node/lib/pkgconfig/segmentation_node.pc'
[0.534s] Level 1:colcon.colcon_core.environment:checking '/home/mobi/Projects/drone-vajraakhasa/install/segmentation_node/lib/python3.10/site-packages'
[0.535s] Level 1:colcon.colcon_core.environment:checking '/home/mobi/Projects/drone-vajraakhasa/install/segmentation_node/bin'
[0.535s] INFO:colcon.colcon_core.shell:Creating package script '/home/mobi/Projects/drone-vajraakhasa/install/segmentation_node/share/segmentation_node/package.ps1'
[0.535s] INFO:colcon.colcon_core.shell:Creating package descriptor '/home/mobi/Projects/drone-vajraakhasa/install/segmentation_node/share/segmentation_node/package.dsv'
[0.536s] INFO:colcon.colcon_core.shell:Creating package script '/home/mobi/Projects/drone-vajraakhasa/install/segmentation_node/share/segmentation_node/package.sh'
[0.536s] INFO:colcon.colcon_core.shell:Creating package script '/home/mobi/Projects/drone-vajraakhasa/install/segmentation_node/share/segmentation_node/package.bash'
[0.536s] INFO:colcon.colcon_core.shell:Creating package script '/home/mobi/Projects/drone-vajraakhasa/install/segmentation_node/share/segmentation_node/package.zsh'
[0.537s] Level 1:colcon.colcon_core.environment:create_file_with_runtime_dependencies(/home/mobi/Projects/drone-vajraakhasa/install/segmentation_node/share/colcon-core/packages/segmentation_node)
[0.954s] DEBUG:colcon.colcon_core.event_handler.log_command:Invoked command in '/home/mobi/Projects/drone-vajraakhasa/build/px4_msgs' returned '0': CMAKE_PREFIX_PATH=${CMAKE_PREFIX_PATH}:/home/mobi/Projects/drone-vajraakhasa/install/gng_node:/opt/ros/humble /usr/bin/cmake --build /home/mobi/Projects/drone-vajraakhasa/build/px4_msgs -- -j16 -l16
[0.954s] DEBUG:colcon.colcon_core.event_handler.log_command:Invoking command in '/home/mobi/Projects/drone-vajraakhasa/build/px4_msgs': CMAKE_PREFIX_PATH=${CMAKE_PREFIX_PATH}:/home/mobi/Projects/drone-vajraakhasa/install/gng_node:/opt/ros/humble /usr/bin/cmake --install /home/mobi/Projects/drone-vajraakhasa/build/px4_msgs
[1.209s] DEBUG:colcon.colcon_core.event_handler.log_command:Invoking command in '/home/mobi/Projects/drone-vajraakhasa/src/gng_node': PYTHONPATH=/home/mobi/Projects/drone-vajraakhasa/build/gng_node/prefix_override:/usr/lib/python3/dist-packages/colcon_core/task/python/colcon_distutils_commands:/home/mobi/Projects/drone-vajraakhasa/install/gng_node/lib/python3.10/site-packages:${PYTHONPATH} /usr/bin/python3 -W ignore:setup.py install is deprecated -W ignore:easy_install command is deprecated setup.py egg_info --egg-base ../../build/gng_node build --build-base /home/mobi/Projects/drone-vajraakhasa/build/gng_node/build install --record /home/mobi/Projects/drone-vajraakhasa/build/gng_node/install.log --single-version-externally-managed install_data
[1.319s] Level 1:colcon.colcon_core.environment:create_environment_scripts_only(px4_msgs)
[1.320s] Level 1:colcon.colcon_core.environment:checking '/home/mobi/Projects/drone-vajraakhasa/install/px4_msgs' for CMake module files
[1.320s] DEBUG:colcon.colcon_core.event_handler.log_command:Invoked command in '/home/mobi/Projects/drone-vajraakhasa/build/px4_msgs' returned '0': CMAKE_PREFIX_PATH=${CMAKE_PREFIX_PATH}:/home/mobi/Projects/drone-vajraakhasa/install/gng_node:/opt/ros/humble /usr/bin/cmake --install /home/mobi/Projects/drone-vajraakhasa/build/px4_msgs
[1.321s] Level 1:colcon.colcon_core.environment:checking '/home/mobi/Projects/drone-vajraakhasa/install/px4_msgs' for CMake config files
[1.322s] Level 1:colcon.colcon_core.shell:create_environment_hook('px4_msgs', 'cmake_prefix_path')
[1.322s] INFO:colcon.colcon_core.shell:Creating environment hook '/home/mobi/Projects/drone-vajraakhasa/install/px4_msgs/share/px4_msgs/hook/cmake_prefix_path.ps1'
[1.323s] INFO:colcon.colcon_core.shell:Creating environment descriptor '/home/mobi/Projects/drone-vajraakhasa/install/px4_msgs/share/px4_msgs/hook/cmake_prefix_path.dsv'
[1.323s] INFO:colcon.colcon_core.shell:Creating environment hook '/home/mobi/Projects/drone-vajraakhasa/install/px4_msgs/share/px4_msgs/hook/cmake_prefix_path.sh'
[1.324s] Level 1:colcon.colcon_core.environment:checking '/home/mobi/Projects/drone-vajraakhasa/install/px4_msgs/lib'
[1.324s] Level 1:colcon.colcon_core.shell:create_environment_hook('px4_msgs', 'ld_library_path_lib')
[1.324s] INFO:colcon.colcon_core.shell:Creating environment hook '/home/mobi/Projects/drone-vajraakhasa/install/px4_msgs/share/px4_msgs/hook/ld_library_path_lib.ps1'
[1.325s] INFO:colcon.colcon_core.shell:Creating environment descriptor '/home/mobi/Projects/drone-vajraakhasa/install/px4_msgs/share/px4_msgs/hook/ld_library_path_lib.dsv'
[1.325s] INFO:colcon.colcon_core.shell:Creating environment hook '/home/mobi/Projects/drone-vajraakhasa/install/px4_msgs/share/px4_msgs/hook/ld_library_path_lib.sh'
[1.325s] Level 1:colcon.colcon_core.environment:checking '/home/mobi/Projects/drone-vajraakhasa/install/px4_msgs/bin'
[1.325s] Level 1:colcon.colcon_core.environment:checking '/home/mobi/Projects/drone-vajraakhasa/install/px4_msgs/lib/pkgconfig/px4_msgs.pc'
[1.325s] Level 1:colcon.colcon_core.environment:checking '/home/mobi/Projects/drone-vajraakhasa/install/px4_msgs/lib/python3.10/site-packages'
[1.326s] Level 1:colcon.colcon_core.environment:checking '/home/mobi/Projects/drone-vajraakhasa/install/px4_msgs/bin'
[1.326s] INFO:colcon.colcon_core.shell:Creating package script '/home/mobi/Projects/drone-vajraakhasa/install/px4_msgs/share/px4_msgs/package.ps1'
[1.326s] INFO:colcon.colcon_core.shell:Creating package descriptor '/home/mobi/Projects/drone-vajraakhasa/install/px4_msgs/share/px4_msgs/package.dsv'
[1.327s] INFO:colcon.colcon_core.shell:Creating package script '/home/mobi/Projects/drone-vajraakhasa/install/px4_msgs/share/px4_msgs/package.sh'
[1.327s] INFO:colcon.colcon_core.shell:Creating package script '/home/mobi/Projects/drone-vajraakhasa/install/px4_msgs/share/px4_msgs/package.bash'
[1.327s] INFO:colcon.colcon_core.shell:Creating package script '/home/mobi/Projects/drone-vajraakhasa/install/px4_msgs/share/px4_msgs/package.zsh'
[1.327s] Level 1:colcon.colcon_core.environment:create_file_with_runtime_dependencies(/home/mobi/Projects/drone-vajraakhasa/install/px4_msgs/share/colcon-core/packages/px4_msgs)
[1.328s] Level 1:colcon.colcon_core.environment:create_environment_scripts_only(px4_msgs)
[1.328s] Level 1:colcon.colcon_core.environment:checking '/home/mobi/Projects/drone-vajraakhasa/install/px4_msgs' for CMake module files
[1.329s] Level 1:colcon.colcon_core.environment:checking '/home/mobi/Projects/drone-vajraakhasa/install/px4_msgs' for CMake config files
[1.329s] Level 1:colcon.colcon_core.shell:create_environment_hook('px4_msgs', 'cmake_prefix_path')
[1.329s] INFO:colcon.colcon_core.shell:Creating environment hook '/home/mobi/Projects/drone-vajraakhasa/install/px4_msgs/share/px4_msgs/hook/cmake_prefix_path.ps1'
[1.347s] INFO:colcon.colcon_core.shell:Creating environment descriptor '/home/mobi/Projects/drone-vajraakhasa/install/px4_msgs/share/px4_msgs/hook/cmake_prefix_path.dsv'
[1.348s] INFO:colcon.colcon_core.shell:Creating environment hook '/home/mobi/Projects/drone-vajraakhasa/install/px4_msgs/share/px4_msgs/hook/cmake_prefix_path.sh'
[1.348s] Level 1:colcon.colcon_core.environment:checking '/home/mobi/Projects/drone-vajraakhasa/install/px4_msgs/lib'
[1.348s] Level 1:colcon.colcon_core.shell:create_environment_hook('px4_msgs', 'ld_library_path_lib')
[1.349s] INFO:colcon.colcon_core.shell:Creating environment hook '/home/mobi/Projects/drone-vajraakhasa/install/px4_msgs/share/px4_msgs/hook/ld_library_path_lib.ps1'
[1.349s] INFO:colcon.colcon_core.shell:Creating environment descriptor '/home/mobi/Projects/drone-vajraakhasa/install/px4_msgs/share/px4_msgs/hook/ld_library_path_lib.dsv'
[1.350s] INFO:colcon.colcon_core.shell:Creating environment hook '/home/mobi/Projects/drone-vajraakhasa/install/px4_msgs/share/px4_msgs/hook/ld_library_path_lib.sh'
[1.350s] Level 1:colcon.colcon_core.environment:checking '/home/mobi/Projects/drone-vajraakhasa/install/px4_msgs/bin'
[1.350s] Level 1:colcon.colcon_core.environment:checking '/home/mobi/Projects/drone-vajraakhasa/install/px4_msgs/lib/pkgconfig/px4_msgs.pc'
[1.350s] Level 1:colcon.colcon_core.environment:checking '/home/mobi/Projects/drone-vajraakhasa/install/px4_msgs/lib/python3.10/site-packages'
[1.350s] Level 1:colcon.colcon_core.environment:checking '/home/mobi/Projects/drone-vajraakhasa/install/px4_msgs/bin'
[1.351s] INFO:colcon.colcon_core.shell:Creating package script '/home/mobi/Projects/drone-vajraakhasa/install/px4_msgs/share/px4_msgs/package.ps1'
[1.351s] INFO:colcon.colcon_core.shell:Creating package descriptor '/home/mobi/Projects/drone-vajraakhasa/install/px4_msgs/share/px4_msgs/package.dsv'
[1.352s] INFO:colcon.colcon_core.shell:Creating package script '/home/mobi/Projects/drone-vajraakhasa/install/px4_msgs/share/px4_msgs/package.sh'
[1.352s] INFO:colcon.colcon_core.shell:Creating package script '/home/mobi/Projects/drone-vajraakhasa/install/px4_msgs/share/px4_msgs/package.bash'
[1.352s] INFO:colcon.colcon_core.shell:Creating package script '/home/mobi/Projects/drone-vajraakhasa/install/px4_msgs/share/px4_msgs/package.zsh'
[1.352s] Level 1:colcon.colcon_core.environment:create_file_with_runtime_dependencies(/home/mobi/Projects/drone-vajraakhasa/install/px4_msgs/share/colcon-core/packages/px4_msgs)
[1.353s] INFO:colcon.colcon_ros.task.ament_cmake.build:Building ROS package in '/home/mobi/Projects/drone-vajraakhasa/src/offboard_control' with build type 'ament_cmake'
[1.353s] INFO:colcon.colcon_cmake.task.cmake.build:Building CMake package in '/home/mobi/Projects/drone-vajraakhasa/src/offboard_control'
[1.353s] INFO:colcon.colcon_core.shell:Skip shell extension 'powershell' for command environment: Not usable outside of PowerShell
[1.353s] DEBUG:colcon.colcon_core.shell:Skip shell extension 'dsv' for command environment
[1.364s] DEBUG:colcon.colcon_core.event_handler.log_command:Invoking command in '/home/mobi/Projects/drone-vajraakhasa/build/offboard_control': CMAKE_PREFIX_PATH=/home/mobi/Projects/drone-vajraakhasa/install/px4_msgs:/home/mobi/Projects/drone-vajraakhasa/install/segmentation_node:/home/mobi/Projects/drone-vajraakhasa/install/offboard_control:/home/mobi/Zedcam_ws/install/zed_ros2:/home/mobi/Zedcam_ws/install/zed_wrapper:/home/mobi/Zedcam_ws/install/zed_components:/home/mobi/Zedcam_ws/install/ddgng_topology:/home/mobi/Projects/drone-vajraakhasa/install/gng_node:/opt/ros/humble /usr/bin/cmake --build /home/mobi/Projects/drone-vajraakhasa/build/offboard_control -- -j16 -l16
[1.442s] DEBUG:colcon.colcon_core.event_handler.log_command:Invoked command in '/home/mobi/Projects/drone-vajraakhasa/build/offboard_control' returned '0': CMAKE_PREFIX_PATH=/home/mobi/Projects/drone-vajraakhasa/install/px4_msgs:/home/mobi/Projects/drone-vajraakhasa/install/segmentation_node:/home/mobi/Projects/drone-vajraakhasa/install/offboard_control:/home/mobi/Zedcam_ws/install/zed_ros2:/home/mobi/Zedcam_ws/install/zed_wrapper:/home/mobi/Zedcam_ws/install/zed_components:/home/mobi/Zedcam_ws/install/ddgng_topology:/home/mobi/Projects/drone-vajraakhasa/install/gng_node:/opt/ros/humble /usr/bin/cmake --build /home/mobi/Projects/drone-vajraakhasa/build/offboard_control -- -j16 -l16
[1.444s] DEBUG:colcon.colcon_core.event_handler.log_command:Invoking command in '/home/mobi/Projects/drone-vajraakhasa/build/offboard_control': CMAKE_PREFIX_PATH=/home/mobi/Projects/drone-vajraakhasa/install/px4_msgs:/home/mobi/Projects/drone-vajraakhasa/install/segmentation_node:/home/mobi/Projects/drone-vajraakhasa/install/offboard_control:/home/mobi/Zedcam_ws/install/zed_ros2:/home/mobi/Zedcam_ws/install/zed_wrapper:/home/mobi/Zedcam_ws/install/zed_components:/home/mobi/Zedcam_ws/install/ddgng_topology:/home/mobi/Projects/drone-vajraakhasa/install/gng_node:/opt/ros/humble /usr/bin/cmake --install /home/mobi/Projects/drone-vajraakhasa/build/offboard_control
[1.453s] Level 1:colcon.colcon_core.environment:create_environment_scripts_only(offboard_control)
[1.453s] Level 1:colcon.colcon_core.environment:checking '/home/mobi/Projects/drone-vajraakhasa/install/offboard_control' for CMake module files
[1.454s] DEBUG:colcon.colcon_core.event_handler.log_command:Invoked command in '/home/mobi/Projects/drone-vajraakhasa/build/offboard_control' returned '0': CMAKE_PREFIX_PATH=/home/mobi/Projects/drone-vajraakhasa/install/px4_msgs:/home/mobi/Projects/drone-vajraakhasa/install/segmentation_node:/home/mobi/Projects/drone-vajraakhasa/install/offboard_control:/home/mobi/Zedcam_ws/install/zed_ros2:/home/mobi/Zedcam_ws/install/zed_wrapper:/home/mobi/Zedcam_ws/install/zed_components:/home/mobi/Zedcam_ws/install/ddgng_topology:/home/mobi/Projects/drone-vajraakhasa/install/gng_node:/opt/ros/humble /usr/bin/cmake --install /home/mobi/Projects/drone-vajraakhasa/build/offboard_control
[1.454s] Level 1:colcon.colcon_core.environment:checking '/home/mobi/Projects/drone-vajraakhasa/install/offboard_control' for CMake config files
[1.454s] Level 1:colcon.colcon_core.shell:create_environment_hook('offboard_control', 'cmake_prefix_path')
[1.455s] INFO:colcon.colcon_core.shell:Creating environment hook '/home/mobi/Projects/drone-vajraakhasa/install/offboard_control/share/offboard_control/hook/cmake_prefix_path.ps1'
[1.456s] INFO:colcon.colcon_core.shell:Creating environment descriptor '/home/mobi/Projects/drone-vajraakhasa/install/offboard_control/share/offboard_control/hook/cmake_prefix_path.dsv'
[1.456s] INFO:colcon.colcon_core.shell:Creating environment hook '/home/mobi/Projects/drone-vajraakhasa/install/offboard_control/share/offboard_control/hook/cmake_prefix_path.sh'
[1.457s] Level 1:colcon.colcon_core.environment:checking '/home/mobi/Projects/drone-vajraakhasa/install/offboard_control/lib'
[1.457s] Level 1:colcon.colcon_core.environment:checking '/home/mobi/Projects/drone-vajraakhasa/install/offboard_control/bin'
[1.457s] Level 1:colcon.colcon_core.shell:create_environment_hook('offboard_control', 'path')
[1.458s] INFO:colcon.colcon_core.shell:Creating environment hook '/home/mobi/Projects/drone-vajraakhasa/install/offboard_control/share/offboard_control/hook/path.ps1'
[1.459s] INFO:colcon.colcon_core.shell:Creating environment descriptor '/home/mobi/Projects/drone-vajraakhasa/install/offboard_control/share/offboard_control/hook/path.dsv'
[1.460s] INFO:colcon.colcon_core.shell:Creating environment hook '/home/mobi/Projects/drone-vajraakhasa/install/offboard_control/share/offboard_control/hook/path.sh'
[1.461s] Level 1:colcon.colcon_core.environment:checking '/home/mobi/Projects/drone-vajraakhasa/install/offboard_control/lib/pkgconfig/offboard_control.pc'
[1.461s] Level 1:colcon.colcon_core.environment:checking '/home/mobi/Projects/drone-vajraakhasa/install/offboard_control/lib/python3.10/site-packages'
[1.461s] Level 1:colcon.colcon_core.environment:checking '/home/mobi/Projects/drone-vajraakhasa/install/offboard_control/bin'
[1.462s] Level 1:colcon.colcon_core.shell:create_environment_hook('offboard_control', 'pythonscriptspath')
[1.462s] INFO:colcon.colcon_core.shell:Creating environment hook '/home/mobi/Projects/drone-vajraakhasa/install/offboard_control/share/offboard_control/hook/pythonscriptspath.ps1'
[1.462s] INFO:colcon.colcon_core.shell:Creating environment descriptor '/home/mobi/Projects/drone-vajraakhasa/install/offboard_control/share/offboard_control/hook/pythonscriptspath.dsv'
[1.463s] INFO:colcon.colcon_core.shell:Creating environment hook '/home/mobi/Projects/drone-vajraakhasa/install/offboard_control/share/offboard_control/hook/pythonscriptspath.sh'
[1.464s] INFO:colcon.colcon_core.shell:Creating package script '/home/mobi/Projects/drone-vajraakhasa/install/offboard_control/share/offboard_control/package.ps1'
[1.464s] INFO:colcon.colcon_core.shell:Creating package descriptor '/home/mobi/Projects/drone-vajraakhasa/install/offboard_control/share/offboard_control/package.dsv'
[1.465s] INFO:colcon.colcon_core.shell:Creating package script '/home/mobi/Projects/drone-vajraakhasa/install/offboard_control/share/offboard_control/package.sh'
[1.465s] INFO:colcon.colcon_core.shell:Creating package script '/home/mobi/Projects/drone-vajraakhasa/install/offboard_control/share/offboard_control/package.bash'
[1.465s] INFO:colcon.colcon_core.shell:Creating package script '/home/mobi/Projects/drone-vajraakhasa/install/offboard_control/share/offboard_control/package.zsh'
[1.466s] Level 1:colcon.colcon_core.environment:create_file_with_runtime_dependencies(/home/mobi/Projects/drone-vajraakhasa/install/offboard_control/share/colcon-core/packages/offboard_control)
[1.466s] Level 1:colcon.colcon_core.environment:create_environment_scripts_only(offboard_control)
[1.466s] Level 1:colcon.colcon_core.environment:checking '/home/mobi/Projects/drone-vajraakhasa/install/offboard_control' for CMake module files
[1.467s] Level 1:colcon.colcon_core.environment:checking '/home/mobi/Projects/drone-vajraakhasa/install/offboard_control' for CMake config files
[1.467s] Level 1:colcon.colcon_core.shell:create_environment_hook('offboard_control', 'cmake_prefix_path')
[1.467s] INFO:colcon.colcon_core.shell:Creating environment hook '/home/mobi/Projects/drone-vajraakhasa/install/offboard_control/share/offboard_control/hook/cmake_prefix_path.ps1'
[1.468s] INFO:colcon.colcon_core.shell:Creating environment descriptor '/home/mobi/Projects/drone-vajraakhasa/install/offboard_control/share/offboard_control/hook/cmake_prefix_path.dsv'
[1.468s] INFO:colcon.colcon_core.shell:Creating environment hook '/home/mobi/Projects/drone-vajraakhasa/install/offboard_control/share/offboard_control/hook/cmake_prefix_path.sh'
[1.469s] Level 1:colcon.colcon_core.environment:checking '/home/mobi/Projects/drone-vajraakhasa/install/offboard_control/lib'
[1.469s] Level 1:colcon.colcon_core.environment:checking '/home/mobi/Projects/drone-vajraakhasa/install/offboard_control/bin'
[1.469s] Level 1:colcon.colcon_core.shell:create_environment_hook('offboard_control', 'path')
[1.469s] INFO:colcon.colcon_core.shell:Creating environment hook '/home/mobi/Projects/drone-vajraakhasa/install/offboard_control/share/offboard_control/hook/path.ps1'
[1.470s] INFO:colcon.colcon_core.shell:Creating environment descriptor '/home/mobi/Projects/drone-vajraakhasa/install/offboard_control/share/offboard_control/hook/path.dsv'
[1.470s] INFO:colcon.colcon_core.shell:Creating environment hook '/home/mobi/Projects/drone-vajraakhasa/install/offboard_control/share/offboard_control/hook/path.sh'
[1.470s] Level 1:colcon.colcon_core.environment:checking '/home/mobi/Projects/drone-vajraakhasa/install/offboard_control/lib/pkgconfig/offboard_control.pc'
[1.470s] Level 1:colcon.colcon_core.environment:checking '/home/mobi/Projects/drone-vajraakhasa/install/offboard_control/lib/python3.10/site-packages'
[1.471s] Level 1:colcon.colcon_core.environment:checking '/home/mobi/Projects/drone-vajraakhasa/install/offboard_control/bin'
[1.471s] Level 1:colcon.colcon_core.shell:create_environment_hook('offboard_control', 'pythonscriptspath')
[1.471s] INFO:colcon.colcon_core.shell:Creating environment hook '/home/mobi/Projects/drone-vajraakhasa/install/offboard_control/share/offboard_control/hook/pythonscriptspath.ps1'
[1.471s] INFO:colcon.colcon_core.shell:Creating environment descriptor '/home/mobi/Projects/drone-vajraakhasa/install/offboard_control/share/offboard_control/hook/pythonscriptspath.dsv'
[1.471s] INFO:colcon.colcon_core.shell:Creating environment hook '/home/mobi/Projects/drone-vajraakhasa/install/offboard_control/share/offboard_control/hook/pythonscriptspath.sh'
[1.472s] INFO:colcon.colcon_core.shell:Creating package script '/home/mobi/Projects/drone-vajraakhasa/install/offboard_control/share/offboard_control/package.ps1'
[1.473s] INFO:colcon.colcon_core.shell:Creating package descriptor '/home/mobi/Projects/drone-vajraakhasa/install/offboard_control/share/offboard_control/package.dsv'
[1.473s] INFO:colcon.colcon_core.shell:Creating package script '/home/mobi/Projects/drone-vajraakhasa/install/offboard_control/share/offboard_control/package.sh'
[1.473s] INFO:colcon.colcon_core.shell:Creating package script '/home/mobi/Projects/drone-vajraakhasa/install/offboard_control/share/offboard_control/package.bash'
[1.474s] INFO:colcon.colcon_core.shell:Creating package script '/home/mobi/Projects/drone-vajraakhasa/install/offboard_control/share/offboard_control/package.zsh'
[1.474s] Level 1:colcon.colcon_core.environment:create_file_with_runtime_dependencies(/home/mobi/Projects/drone-vajraakhasa/install/offboard_control/share/colcon-core/packages/offboard_control)
[1.673s] Level 1:colcon.colcon_core.environment:checking '/home/mobi/Projects/drone-vajraakhasa/install/gng_node' for CMake module files
[1.674s] DEBUG:colcon.colcon_core.event_handler.log_command:Invoked command in '/home/mobi/Projects/drone-vajraakhasa/src/gng_node' returned '0': PYTHONPATH=/home/mobi/Projects/drone-vajraakhasa/build/gng_node/prefix_override:/usr/lib/python3/dist-packages/colcon_core/task/python/colcon_distutils_commands:/home/mobi/Projects/drone-vajraakhasa/install/gng_node/lib/python3.10/site-packages:${PYTHONPATH} /usr/bin/python3 -W ignore:setup.py install is deprecated -W ignore:easy_install command is deprecated setup.py egg_info --egg-base ../../build/gng_node build --build-base /home/mobi/Projects/drone-vajraakhasa/build/gng_node/build install --record /home/mobi/Projects/drone-vajraakhasa/build/gng_node/install.log --single-version-externally-managed install_data
[1.674s] Level 1:colcon.colcon_core.environment:checking '/home/mobi/Projects/drone-vajraakhasa/install/gng_node' for CMake config files
[1.675s] Level 1:colcon.colcon_core.environment:checking '/home/mobi/Projects/drone-vajraakhasa/install/gng_node/lib'
[1.675s] Level 1:colcon.colcon_core.environment:checking '/home/mobi/Projects/drone-vajraakhasa/install/gng_node/bin'
[1.675s] Level 1:colcon.colcon_core.environment:checking '/home/mobi/Projects/drone-vajraakhasa/install/gng_node/lib/pkgconfig/gng_node.pc'
[1.675s] Level 1:colcon.colcon_core.environment:checking '/home/mobi/Projects/drone-vajraakhasa/install/gng_node/lib/python3.10/site-packages'
[1.675s] Level 1:colcon.colcon_core.shell:create_environment_hook('gng_node', 'pythonpath')
[1.675s] INFO:colcon.colcon_core.shell:Creating environment hook '/home/mobi/Projects/drone-vajraakhasa/install/gng_node/share/gng_node/hook/pythonpath.ps1'
[1.676s] INFO:colcon.colcon_core.shell:Creating environment descriptor '/home/mobi/Projects/drone-vajraakhasa/install/gng_node/share/gng_node/hook/pythonpath.dsv'
[1.676s] INFO:colcon.colcon_core.shell:Creating environment hook '/home/mobi/Projects/drone-vajraakhasa/install/gng_node/share/gng_node/hook/pythonpath.sh'
[1.677s] Level 1:colcon.colcon_core.environment:checking '/home/mobi/Projects/drone-vajraakhasa/install/gng_node/bin'
[1.677s] Level 1:colcon.colcon_core.environment:create_environment_scripts_only(gng_node)
[1.678s] INFO:colcon.colcon_core.shell:Creating package script '/home/mobi/Projects/drone-vajraakhasa/install/gng_node/share/gng_node/package.ps1'
[1.678s] INFO:colcon.colcon_core.shell:Creating package descriptor '/home/mobi/Projects/drone-vajraakhasa/install/gng_node/share/gng_node/package.dsv'
[1.679s] INFO:colcon.colcon_core.shell:Creating package script '/home/mobi/Projects/drone-vajraakhasa/install/gng_node/share/gng_node/package.sh'
[1.679s] INFO:colcon.colcon_core.shell:Creating package script '/home/mobi/Projects/drone-vajraakhasa/install/gng_node/share/gng_node/package.bash'
[1.679s] INFO:colcon.colcon_core.shell:Creating package script '/home/mobi/Projects/drone-vajraakhasa/install/gng_node/share/gng_node/package.zsh'
[1.680s] Level 1:colcon.colcon_core.environment:create_file_with_runtime_dependencies(/home/mobi/Projects/drone-vajraakhasa/install/gng_node/share/colcon-core/packages/gng_node)
[1.680s] DEBUG:colcon.colcon_parallel_executor.executor.parallel:closing loop
[1.681s] DEBUG:colcon.colcon_parallel_executor.executor.parallel:loop closed
[1.681s] DEBUG:colcon.colcon_parallel_executor.executor.parallel:run_until_complete finished with '0'
[1.681s] DEBUG:colcon.colcon_core.event_reactor:joining thread
[1.688s] INFO:colcon.colcon_core.plugin_system:Skipping extension 'colcon_notification.desktop_notification.terminal_notifier': Not used on non-Darwin systems
[1.689s] INFO:colcon.colcon_core.plugin_system:Skipping extension 'colcon_notification.desktop_notification.win32': Not used on non-Windows systems
[1.689s] INFO:colcon.colcon_notification.desktop_notification:Sending desktop notification using 'notify2'
[1.705s] DEBUG:colcon.colcon_core.event_reactor:joined thread
[1.705s] INFO:colcon.colcon_core.shell:Creating prefix script '/home/mobi/Projects/drone-vajraakhasa/install/local_setup.ps1'
[1.706s] INFO:colcon.colcon_core.shell:Creating prefix util module '/home/mobi/Projects/drone-vajraakhasa/install/_local_setup_util_ps1.py'
[1.707s] INFO:colcon.colcon_core.shell:Creating prefix chain script '/home/mobi/Projects/drone-vajraakhasa/install/setup.ps1'
[1.708s] INFO:colcon.colcon_core.shell:Creating prefix script '/home/mobi/Projects/drone-vajraakhasa/install/local_setup.sh'
[1.709s] INFO:colcon.colcon_core.shell:Creating prefix util module '/home/mobi/Projects/drone-vajraakhasa/install/_local_setup_util_sh.py'
[1.709s] INFO:colcon.colcon_core.shell:Creating prefix chain script '/home/mobi/Projects/drone-vajraakhasa/install/setup.sh'
[1.710s] INFO:colcon.colcon_core.shell:Creating prefix script '/home/mobi/Projects/drone-vajraakhasa/install/local_setup.bash'
[1.710s] INFO:colcon.colcon_core.shell:Creating prefix chain script '/home/mobi/Projects/drone-vajraakhasa/install/setup.bash'
[1.711s] INFO:colcon.colcon_core.shell:Creating prefix script '/home/mobi/Projects/drone-vajraakhasa/install/local_setup.zsh'
[1.712s] INFO:colcon.colcon_core.shell:Creating prefix chain script '/home/mobi/Projects/drone-vajraakhasa/install/setup.zsh'
