[0.238s] Invoking command in '/home/mobi/Projects/drone-vajraakhasa/build/segmentation_node': CMAKE_PREFIX_PATH=${CMAKE_PREFIX_PATH}:/home/mobi/Projects/drone-vajraakhasa/install/gng_node:/opt/ros/humble /usr/bin/cmake --build /home/mobi/Projects/drone-vajraakhasa/build/segmentation_node -- -j16 -l16
[0.294s] [35m[1mConsolidate compiler generated dependencies of target landing_circle[0m
[0.313s] [ 40%] Built target plane_segmentation_ransac
[0.313s] [ 40%] Built target plane_segmentation_gng
[0.313s] [ 60%] Built target ddgng_node
[0.315s] [ 80%] Built target cylinder_crop
[0.331s] [ 90%] [32mBuilding CXX object CMakeFiles/landing_circle.dir/src/landing_circle.cpp.o[0m
[16.544s] [100%] [32m[1mLinking CXX executable landing_circle[0m
[17.538s] [100%] Built target landing_circle
[17.573s] Invoked command in '/home/mobi/Projects/drone-vajraakhasa/build/segmentation_node' returned '0': CMAKE_PREFIX_PATH=${CMAKE_PREFIX_PATH}:/home/mobi/Projects/drone-vajraakhasa/install/gng_node:/opt/ros/humble /usr/bin/cmake --build /home/mobi/Projects/drone-vajraakhasa/build/segmentation_node -- -j16 -l16
[17.575s] Invoking command in '/home/mobi/Projects/drone-vajraakhasa/build/segmentation_node': CMAKE_PREFIX_PATH=${CMAKE_PREFIX_PATH}:/home/mobi/Projects/drone-vajraakhasa/install/gng_node:/opt/ros/humble /usr/bin/cmake --install /home/mobi/Projects/drone-vajraakhasa/build/segmentation_node
[17.583s] -- Install configuration: ""
[17.584s] -- Installing: /home/mobi/Projects/drone-vajraakhasa/install/segmentation_node/lib/segmentation_node/landing_circle
[17.589s] -- Set runtime path of "/home/mobi/Projects/drone-vajraakhasa/install/segmentation_node/lib/segmentation_node/landing_circle" to ""
[17.590s] -- Up-to-date: /home/mobi/Projects/drone-vajraakhasa/install/segmentation_node/lib/segmentation_node/cylinder_crop
[17.590s] -- Up-to-date: /home/mobi/Projects/drone-vajraakhasa/install/segmentation_node/lib/segmentation_node/plane_segmentation_gng
[17.590s] -- Up-to-date: /home/mobi/Projects/drone-vajraakhasa/install/segmentation_node/lib/segmentation_node/plane_segmentation_ransac
[17.590s] -- Up-to-date: /home/mobi/Projects/drone-vajraakhasa/install/segmentation_node/lib/segmentation_node/ddgng_node
[17.590s] -- Up-to-date: /home/mobi/Projects/drone-vajraakhasa/install/segmentation_node/include
[17.590s] -- Up-to-date: /home/mobi/Projects/drone-vajraakhasa/install/segmentation_node/include/segmentation_node
[17.590s] -- Up-to-date: /home/mobi/Projects/drone-vajraakhasa/install/segmentation_node/include/segmentation_node/plane_segmentation_gng.hpp
[17.590s] -- Up-to-date: /home/mobi/Projects/drone-vajraakhasa/install/segmentation_node/include/segmentation_node/landing_circle.hpp
[17.590s] -- Up-to-date: /home/mobi/Projects/drone-vajraakhasa/install/segmentation_node/include/segmentation_node/ddgng.hpp
[17.590s] -- Up-to-date: /home/mobi/Projects/drone-vajraakhasa/install/segmentation_node/share/segmentation_node
[17.590s] -- Up-to-date: /home/mobi/Projects/drone-vajraakhasa/install/segmentation_node/share/segmentation_node/publish_safety_point.launch.py
[17.590s] -- Up-to-date: /home/mobi/Projects/drone-vajraakhasa/install/segmentation_node/share/ament_index/resource_index/package_run_dependencies/segmentation_node
[17.590s] -- Up-to-date: /home/mobi/Projects/drone-vajraakhasa/install/segmentation_node/share/ament_index/resource_index/parent_prefix_path/segmentation_node
[17.590s] -- Up-to-date: /home/mobi/Projects/drone-vajraakhasa/install/segmentation_node/share/segmentation_node/environment/ament_prefix_path.sh
[17.590s] -- Up-to-date: /home/mobi/Projects/drone-vajraakhasa/install/segmentation_node/share/segmentation_node/environment/ament_prefix_path.dsv
[17.590s] -- Up-to-date: /home/mobi/Projects/drone-vajraakhasa/install/segmentation_node/share/segmentation_node/environment/path.sh
[17.590s] -- Up-to-date: /home/mobi/Projects/drone-vajraakhasa/install/segmentation_node/share/segmentation_node/environment/path.dsv
[17.590s] -- Up-to-date: /home/mobi/Projects/drone-vajraakhasa/install/segmentation_node/share/segmentation_node/local_setup.bash
[17.590s] -- Up-to-date: /home/mobi/Projects/drone-vajraakhasa/install/segmentation_node/share/segmentation_node/local_setup.sh
[17.591s] -- Up-to-date: /home/mobi/Projects/drone-vajraakhasa/install/segmentation_node/share/segmentation_node/local_setup.zsh
[17.591s] -- Up-to-date: /home/mobi/Projects/drone-vajraakhasa/install/segmentation_node/share/segmentation_node/local_setup.dsv
[17.591s] -- Installing: /home/mobi/Projects/drone-vajraakhasa/install/segmentation_node/share/segmentation_node/package.dsv
[17.591s] -- Up-to-date: /home/mobi/Projects/drone-vajraakhasa/install/segmentation_node/share/ament_index/resource_index/packages/segmentation_node
[17.591s] -- Up-to-date: /home/mobi/Projects/drone-vajraakhasa/install/segmentation_node/share/segmentation_node/cmake/segmentation_nodeConfig.cmake
[17.591s] -- Up-to-date: /home/mobi/Projects/drone-vajraakhasa/install/segmentation_node/share/segmentation_node/cmake/segmentation_nodeConfig-version.cmake
[17.591s] -- Up-to-date: /home/mobi/Projects/drone-vajraakhasa/install/segmentation_node/share/segmentation_node/package.xml
[17.593s] Invoked command in '/home/mobi/Projects/drone-vajraakhasa/build/segmentation_node' returned '0': CMAKE_PREFIX_PATH=${CMAKE_PREFIX_PATH}:/home/mobi/Projects/drone-vajraakhasa/install/gng_node:/opt/ros/humble /usr/bin/cmake --install /home/mobi/Projects/drone-vajraakhasa/build/segmentation_node
