[ 20%] Built target cylinder_crop
[ 50%] [32mBuilding CXX object CMakeFiles/landing_circle.dir/src/landing_circle.cpp.o[0m
[ 70%] Built target ddgng_node
[ 70%] Built target plane_segmentation_gng
[ 90%] Built target plane_segmentation_ransac
[01m[K/home/mobi/Projects/drone-vajraakhasa/src/segmentation_node/src/landing_circle.cpp:[m[K In member function ŌĆś[01m[Kvoid LandingCircle::publishCenterCoordinates(float, float, const std::array<float, 3>&, const string&, const rclcpp::Time&)[m[KŌĆÖ:
[01m[K/home/mobi/Projects/drone-vajraakhasa/src/segmentation_node/src/landing_circle.cpp:321:11:[m[K [01;35m[Kwarning: [m[Kunused parameter ŌĆś[01m[Kcu[m[KŌĆÖ [[01;35m[K]8;;https://gcc.gnu.org/onlinedocs/gcc/Warning-Options.html#index-Wunused-parameter-Wunused-parameter]8;;[m[K]
  321 |     [01;35m[Kfloat cu[m[K, float cv,
      |     [01;35m[K~~~~~~^~[m[K
[01m[K/home/mobi/Projects/drone-vajraakhasa/src/segmentation_node/src/landing_circle.cpp:321:21:[m[K [01;35m[Kwarning: [m[Kunused parameter ŌĆś[01m[Kcv[m[KŌĆÖ [[01;35m[K]8;;https://gcc.gnu.org/onlinedocs/gcc/Warning-Options.html#index-Wunused-parameter-Wunused-parameter]8;;[m[K]
  321 |     float cu, [01;35m[Kfloat cv[m[K,
      |               [01;35m[K~~~~~~^~[m[K
[100%] [32m[1mLinking CXX executable landing_circle[0m
[100%] Built target landing_circle
-- Install configuration: ""
-- Installing: /home/mobi/Projects/drone-vajraakhasa/install/segmentation_node/lib/segmentation_node/landing_circle
-- Set runtime path of "/home/mobi/Projects/drone-vajraakhasa/install/segmentation_node/lib/segmentation_node/landing_circle" to ""
-- Up-to-date: /home/mobi/Projects/drone-vajraakhasa/install/segmentation_node/lib/segmentation_node/cylinder_crop
-- Up-to-date: /home/mobi/Projects/drone-vajraakhasa/install/segmentation_node/lib/segmentation_node/plane_segmentation_gng
-- Up-to-date: /home/mobi/Projects/drone-vajraakhasa/install/segmentation_node/lib/segmentation_node/plane_segmentation_ransac
-- Up-to-date: /home/mobi/Projects/drone-vajraakhasa/install/segmentation_node/lib/segmentation_node/ddgng_node
-- Up-to-date: /home/mobi/Projects/drone-vajraakhasa/install/segmentation_node/include
-- Up-to-date: /home/mobi/Projects/drone-vajraakhasa/install/segmentation_node/include/segmentation_node
-- Up-to-date: /home/mobi/Projects/drone-vajraakhasa/install/segmentation_node/include/segmentation_node/plane_segmentation_gng.hpp
-- Up-to-date: /home/mobi/Projects/drone-vajraakhasa/install/segmentation_node/include/segmentation_node/landing_circle.hpp
-- Up-to-date: /home/mobi/Projects/drone-vajraakhasa/install/segmentation_node/include/segmentation_node/ddgng.hpp
-- Up-to-date: /home/mobi/Projects/drone-vajraakhasa/install/segmentation_node/share/segmentation_node
-- Up-to-date: /home/mobi/Projects/drone-vajraakhasa/install/segmentation_node/share/segmentation_node/publish_safety_point.launch.py
-- Up-to-date: /home/mobi/Projects/drone-vajraakhasa/install/segmentation_node/share/ament_index/resource_index/package_run_dependencies/segmentation_node
-- Up-to-date: /home/mobi/Projects/drone-vajraakhasa/install/segmentation_node/share/ament_index/resource_index/parent_prefix_path/segmentation_node
-- Up-to-date: /home/mobi/Projects/drone-vajraakhasa/install/segmentation_node/share/segmentation_node/environment/ament_prefix_path.sh
-- Up-to-date: /home/mobi/Projects/drone-vajraakhasa/install/segmentation_node/share/segmentation_node/environment/ament_prefix_path.dsv
-- Up-to-date: /home/mobi/Projects/drone-vajraakhasa/install/segmentation_node/share/segmentation_node/environment/path.sh
-- Up-to-date: /home/mobi/Projects/drone-vajraakhasa/install/segmentation_node/share/segmentation_node/environment/path.dsv
-- Up-to-date: /home/mobi/Projects/drone-vajraakhasa/install/segmentation_node/share/segmentation_node/local_setup.bash
-- Up-to-date: /home/mobi/Projects/drone-vajraakhasa/install/segmentation_node/share/segmentation_node/local_setup.sh
-- Up-to-date: /home/mobi/Projects/drone-vajraakhasa/install/segmentation_node/share/segmentation_node/local_setup.zsh
-- Up-to-date: /home/mobi/Projects/drone-vajraakhasa/install/segmentation_node/share/segmentation_node/local_setup.dsv
-- Installing: /home/mobi/Projects/drone-vajraakhasa/install/segmentation_node/share/segmentation_node/package.dsv
-- Up-to-date: /home/mobi/Projects/drone-vajraakhasa/install/segmentation_node/share/ament_index/resource_index/packages/segmentation_node
-- Up-to-date: /home/mobi/Projects/drone-vajraakhasa/install/segmentation_node/share/segmentation_node/cmake/segmentation_nodeConfig.cmake
-- Up-to-date: /home/mobi/Projects/drone-vajraakhasa/install/segmentation_node/share/segmentation_node/cmake/segmentation_nodeConfig-version.cmake
-- Up-to-date: /home/mobi/Projects/drone-vajraakhasa/install/segmentation_node/share/segmentation_node/package.xml
